2019-08-10T23:06:19.216Z - info: [7:06:19 AM] Reload for file change: D:\Teaching\CS2113\AY1920Sem1\website\admin\moduleOverview.md
2019-08-10T23:06:20.220Z - info: Rebuilding affected source files
2019-08-10T23:06:20.222Z - info: Rebuilding 3 pages
2019-08-10T23:06:21.892Z - info: Pages rebuilt
2019-08-10T23:06:21.909Z - info: Site data built
2019-08-10T23:07:42.959Z - info: [7:07:42 AM] Reload for file change: D:\Teaching\CS2113\AY1920Sem1\website\admin\tools.md
2019-08-10T23:07:43.962Z - info: Rebuilding affected source files
2019-08-10T23:07:43.964Z - info: Rebuilding 3 pages
2019-08-10T23:07:45.783Z - info: Pages rebuilt
2019-08-10T23:07:45.796Z - info: Site data built
2019-08-10T23:13:55.808Z - info: [7:13:55 AM] Reload for file change: D:\Teaching\CS2113\AY1920Sem1\website\admin\moduleOverview.md
2019-08-10T23:13:56.811Z - info: Rebuilding affected source files
2019-08-10T23:13:56.812Z - info: Rebuilding 3 pages
2019-08-10T23:13:58.302Z - info: Pages rebuilt
2019-08-10T23:13:58.316Z - info: Site data built
2019-08-10T23:15:32.756Z - info: [7:15:32 AM] Reload for file change: D:\Teaching\CS2113\AY1920Sem1\website\admin\moduleOverview.md
2019-08-10T23:15:33.758Z - info: Rebuilding affected source files
2019-08-10T23:15:33.760Z - info: Rebuilding 3 pages
2019-08-10T23:15:35.209Z - info: Pages rebuilt
2019-08-10T23:15:35.226Z - info: Site data built
2019-08-10T23:22:44.480Z - info: [7:22:44 AM] Reload for file change: D:\Teaching\CS2113\AY1920Sem1\website\admin\moduleOverview.md
2019-08-10T23:22:45.484Z - info: Rebuilding affected source files
2019-08-10T23:22:45.486Z - info: Rebuilding 3 pages
2019-08-10T23:22:47.162Z - info: Pages rebuilt
2019-08-10T23:22:47.168Z - info: Site data built
2019-08-10T23:24:10.278Z - info: [7:24:10 AM] Reload for file change: D:\Teaching\CS2113\AY1920Sem1\website\admin\moduleOverview.md
2019-08-10T23:24:11.282Z - info: Rebuilding affected source files
2019-08-10T23:24:11.295Z - info: Rebuilding 3 pages
2019-08-10T23:24:12.821Z - info: Pages rebuilt
2019-08-10T23:24:12.832Z - info: Site data built
2019-08-10T23:25:36.720Z - info: [7:25:36 AM] Reload for file change: D:\Teaching\CS2113\AY1920Sem1\website\admin\moduleOverview.md
2019-08-10T23:25:37.722Z - info: Rebuilding affected source files
2019-08-10T23:25:37.730Z - info: Rebuilding 3 pages
2019-08-10T23:25:39.361Z - info: Pages rebuilt
2019-08-10T23:25:39.375Z - info: Site data built
2019-08-10T23:26:21.163Z - info: [7:26:21 AM] Reload for file change: D:\Teaching\CS2113\AY1920Sem1\website\admin\moduleOverview.md
2019-08-10T23:26:22.166Z - info: Rebuilding affected source files
2019-08-10T23:26:22.168Z - info: Rebuilding 3 pages
2019-08-10T23:26:23.807Z - info: Pages rebuilt
2019-08-10T23:26:23.832Z - info: Site data built
2019-08-10T23:31:43.874Z - info: [7:31:43 AM] Reload for file change: D:\Teaching\CS2113\AY1920Sem1\website\admin\tools.md
2019-08-10T23:31:44.875Z - info: Rebuilding affected source files
2019-08-10T23:31:44.878Z - info: Rebuilding 3 pages
2019-08-10T23:31:46.840Z - info: Pages rebuilt
2019-08-10T23:31:46.873Z - info: Site data built
2019-08-10T23:34:08.513Z - info: [7:34:08 AM] Reload for file change: D:\Teaching\CS2113\AY1920Sem1\website\admin\reposenseCompatibility.md
2019-08-10T23:34:09.517Z - info: Rebuilding affected source files
2019-08-10T23:34:09.523Z - info: Rebuilding 13 pages
2019-08-10T23:34:19.269Z - info: Pages rebuilt
2019-08-10T23:34:19.278Z - info: Site data built
2019-08-10T23:37:38.202Z - info: [7:37:38 AM] Reload for file change: D:\Teaching\CS2113\AY1920Sem1\website\common\admin.njk
2019-08-10T23:37:39.217Z - info: Assets built
2019-08-10T23:37:53.214Z - info: Website generation started at 7:37:52 AM
2019-08-10T23:37:53.973Z - info: Building assets...
2019-08-10T23:37:54.752Z - info: Assets built
2019-08-10T23:37:54.752Z - info: Generating pages...
2019-08-10T23:39:13.174Z - info: Pages built
2019-08-10T23:39:34.163Z - info: Website generation complete! Total build time: 101.696s
2019-08-10T23:39:34.198Z - info: Serving "D:\Teaching\CS2113\AY1920Sem1\website\_site" at http://127.0.0.1:8080
2019-08-10T23:39:34.198Z - info: Press CTRL+C to stop ...
2019-08-10T23:39:34.213Z - info: Site data built
2019-08-11T01:41:14.411Z - info: [9:41:14 AM] Reload for file change: D:\Teaching\CS2113\AY1920Sem1\website\common\admin.njk
2019-08-11T01:41:15.429Z - info: Assets built
2019-08-11T01:41:33.304Z - info: [9:41:33 AM] Reload for file change: D:\Teaching\CS2113\AY1920Sem1\website\common\admin.njk
2019-08-11T01:41:34.319Z - info: Assets built
2019-08-11T01:42:17.912Z - info: [9:42:17 AM] Reload for file change: D:\Teaching\CS2113\AY1920Sem1\website\admin\project-timeline.md
2019-08-11T01:42:18.914Z - info: Rebuilding affected source files
2019-08-11T01:42:18.927Z - info: Rebuilding 35 pages
2019-08-11T01:42:18.957Z - error:  Error: No such segment 'warmup-overview' in file: D:\Teaching\CS2113\AY1920Sem1\website\admin\project-timeline.md
Missing reference in D:\Teaching\CS2113\AY1920Sem1\website\admin\project-w02.md
    at Parser._preprocess (C:\Users\anarayan\AppData\Roaming\npm\node_modules\markbind-cli\src\lib\markbind\src\parser.js:325:25)
    at element.children.element.children.map.e (C:\Users\anarayan\AppData\Roaming\npm\node_modules\markbind-cli\src\lib\markbind\src\parser.js:399:57)
    at Array.map (<anonymous>)
    at Parser._preprocess (C:\Users\anarayan\AppData\Roaming\npm\node_modules\markbind-cli\src\lib\markbind\src\parser.js:399:43)
    at element.children.element.children.map.e (C:\Users\anarayan\AppData\Roaming\npm\node_modules\markbind-cli\src\lib\markbind\src\parser.js:399:57)
    at Array.map (<anonymous>)
    at Parser._preprocess (C:\Users\anarayan\AppData\Roaming\npm\node_modules\markbind-cli\src\lib\markbind\src\parser.js:399:43)
    at element.children.element.children.map.e (C:\Users\anarayan\AppData\Roaming\npm\node_modules\markbind-cli\src\lib\markbind\src\parser.js:399:57)
    at Array.map (<anonymous>)
    at Parser._preprocess (C:\Users\anarayan\AppData\Roaming\npm\node_modules\markbind-cli\src\lib\markbind\src\parser.js:399:43)
    at element.children.element.children.map.e (C:\Users\anarayan\AppData\Roaming\npm\node_modules\markbind-cli\src\lib\markbind\src\parser.js:399:57)
    at Array.map (<anonymous>)
    at Parser._preprocess (C:\Users\anarayan\AppData\Roaming\npm\node_modules\markbind-cli\src\lib\markbind\src\parser.js:399:43)
    at element.children.element.children.map.e (C:\Users\anarayan\AppData\Roaming\npm\node_modules\markbind-cli\src\lib\markbind\src\parser.js:399:57)
    at Array.map (<anonymous>)
    at Parser._preprocess (C:\Users\anarayan\AppData\Roaming\npm\node_modules\markbind-cli\src\lib\markbind\src\parser.js:399:43)
2019-08-11T01:42:19.251Z - error:  Error: No such segment 'inception-overview' in file: D:\Teaching\CS2113\AY1920Sem1\website\admin\project-timeline.md
Missing reference in D:\Teaching\CS2113\AY1920Sem1\website\admin\project-w03-inception.md
    at Parser._preprocess (C:\Users\anarayan\AppData\Roaming\npm\node_modules\markbind-cli\src\lib\markbind\src\parser.js:325:25)
    at element.children.element.children.map.e (C:\Users\anarayan\AppData\Roaming\npm\node_modules\markbind-cli\src\lib\markbind\src\parser.js:399:57)
    at Array.map (<anonymous>)
    at Parser._preprocess (C:\Users\anarayan\AppData\Roaming\npm\node_modules\markbind-cli\src\lib\markbind\src\parser.js:399:43)
    at element.children.element.children.map.e (C:\Users\anarayan\AppData\Roaming\npm\node_modules\markbind-cli\src\lib\markbind\src\parser.js:399:57)
    at Array.map (<anonymous>)
    at Parser._preprocess (C:\Users\anarayan\AppData\Roaming\npm\node_modules\markbind-cli\src\lib\markbind\src\parser.js:399:43)
    at element.children.element.children.map.e (C:\Users\anarayan\AppData\Roaming\npm\node_modules\markbind-cli\src\lib\markbind\src\parser.js:399:57)
    at Array.map (<anonymous>)
    at Parser._preprocess (C:\Users\anarayan\AppData\Roaming\npm\node_modules\markbind-cli\src\lib\markbind\src\parser.js:399:43)
    at element.children.element.children.map.e (C:\Users\anarayan\AppData\Roaming\npm\node_modules\markbind-cli\src\lib\markbind\src\parser.js:399:57)
    at Array.map (<anonymous>)
    at Parser._preprocess (C:\Users\anarayan\AppData\Roaming\npm\node_modules\markbind-cli\src\lib\markbind\src\parser.js:399:43)
    at element.children.element.children.map.e (C:\Users\anarayan\AppData\Roaming\npm\node_modules\markbind-cli\src\lib\markbind\src\parser.js:399:57)
    at Array.map (<anonymous>)
    at Parser._preprocess (C:\Users\anarayan\AppData\Roaming\npm\node_modules\markbind-cli\src\lib\markbind\src\parser.js:399:43)
2019-08-11T01:42:19.270Z - error:  Error: No such segment 'mid-v11-overview' in file: D:\Teaching\CS2113\AY1920Sem1\website\admin\project-timeline.md
Missing reference in D:\Teaching\CS2113\AY1920Sem1\website\admin\project-w06-mid-v11.md
    at Parser._preprocess (C:\Users\anarayan\AppData\Roaming\npm\node_modules\markbind-cli\src\lib\markbind\src\parser.js:325:25)
    at element.children.element.children.map.e (C:\Users\anarayan\AppData\Roaming\npm\node_modules\markbind-cli\src\lib\markbind\src\parser.js:399:57)
    at Array.map (<anonymous>)
    at Parser._preprocess (C:\Users\anarayan\AppData\Roaming\npm\node_modules\markbind-cli\src\lib\markbind\src\parser.js:399:43)
    at element.children.element.children.map.e (C:\Users\anarayan\AppData\Roaming\npm\node_modules\markbind-cli\src\lib\markbind\src\parser.js:399:57)
    at Array.map (<anonymous>)
    at Parser._preprocess (C:\Users\anarayan\AppData\Roaming\npm\node_modules\markbind-cli\src\lib\markbind\src\parser.js:399:43)
    at element.children.element.children.map.e (C:\Users\anarayan\AppData\Roaming\npm\node_modules\markbind-cli\src\lib\markbind\src\parser.js:399:57)
    at Array.map (<anonymous>)
    at Parser._preprocess (C:\Users\anarayan\AppData\Roaming\npm\node_modules\markbind-cli\src\lib\markbind\src\parser.js:399:43)
    at element.children.element.children.map.e (C:\Users\anarayan\AppData\Roaming\npm\node_modules\markbind-cli\src\lib\markbind\src\parser.js:399:57)
    at Array.map (<anonymous>)
    at Parser._preprocess (C:\Users\anarayan\AppData\Roaming\npm\node_modules\markbind-cli\src\lib\markbind\src\parser.js:399:43)
    at element.children.element.children.map.e (C:\Users\anarayan\AppData\Roaming\npm\node_modules\markbind-cli\src\lib\markbind\src\parser.js:399:57)
    at Array.map (<anonymous>)
    at Parser._preprocess (C:\Users\anarayan\AppData\Roaming\npm\node_modules\markbind-cli\src\lib\markbind\src\parser.js:399:43)
2019-08-11T01:42:19.378Z - error:  Error: No such segment 'mid-v12-overview' in file: D:\Teaching\CS2113\AY1920Sem1\website\admin\project-timeline.md
Missing reference in D:\Teaching\CS2113\AY1920Sem1\website\admin\project-w08-mid-v12.md
    at Parser._preprocess (C:\Users\anarayan\AppData\Roaming\npm\node_modules\markbind-cli\src\lib\markbind\src\parser.js:325:25)
    at element.children.element.children.map.e (C:\Users\anarayan\AppData\Roaming\npm\node_modules\markbind-cli\src\lib\markbind\src\parser.js:399:57)
    at Array.map (<anonymous>)
    at Parser._preprocess (C:\Users\anarayan\AppData\Roaming\npm\node_modules\markbind-cli\src\lib\markbind\src\parser.js:399:43)
    at element.children.element.children.map.e (C:\Users\anarayan\AppData\Roaming\npm\node_modules\markbind-cli\src\lib\markbind\src\parser.js:399:57)
    at Array.map (<anonymous>)
    at Parser._preprocess (C:\Users\anarayan\AppData\Roaming\npm\node_modules\markbind-cli\src\lib\markbind\src\parser.js:399:43)
    at element.children.element.children.map.e (C:\Users\anarayan\AppData\Roaming\npm\node_modules\markbind-cli\src\lib\markbind\src\parser.js:399:57)
    at Array.map (<anonymous>)
    at Parser._preprocess (C:\Users\anarayan\AppData\Roaming\npm\node_modules\markbind-cli\src\lib\markbind\src\parser.js:399:43)
    at element.children.element.children.map.e (C:\Users\anarayan\AppData\Roaming\npm\node_modules\markbind-cli\src\lib\markbind\src\parser.js:399:57)
    at Array.map (<anonymous>)
    at Parser._preprocess (C:\Users\anarayan\AppData\Roaming\npm\node_modules\markbind-cli\src\lib\markbind\src\parser.js:399:43)
    at element.children.element.children.map.e (C:\Users\anarayan\AppData\Roaming\npm\node_modules\markbind-cli\src\lib\markbind\src\parser.js:399:57)
    at Array.map (<anonymous>)
    at Parser._preprocess (C:\Users\anarayan\AppData\Roaming\npm\node_modules\markbind-cli\src\lib\markbind\src\parser.js:399:43)
2019-08-11T01:42:19.411Z - error:  Error: No such segment 'mid-v11-overview' in file: D:\Teaching\CS2113\AY1920Sem1\website\admin\project-timeline.md
Missing reference in D:\Teaching\CS2113\AY1920Sem1\website\admin\project-w06-mid-v11.md
    at Parser._preprocess (C:\Users\anarayan\AppData\Roaming\npm\node_modules\markbind-cli\src\lib\markbind\src\parser.js:325:25)
    at element.children.element.children.map.e (C:\Users\anarayan\AppData\Roaming\npm\node_modules\markbind-cli\src\lib\markbind\src\parser.js:399:57)
    at Array.map (<anonymous>)
    at Parser._preprocess (C:\Users\anarayan\AppData\Roaming\npm\node_modules\markbind-cli\src\lib\markbind\src\parser.js:399:43)
    at element.children.element.children.map.e (C:\Users\anarayan\AppData\Roaming\npm\node_modules\markbind-cli\src\lib\markbind\src\parser.js:399:57)
    at Array.map (<anonymous>)
    at Parser._preprocess (C:\Users\anarayan\AppData\Roaming\npm\node_modules\markbind-cli\src\lib\markbind\src\parser.js:399:43)
    at element.children.element.children.map.e (C:\Users\anarayan\AppData\Roaming\npm\node_modules\markbind-cli\src\lib\markbind\src\parser.js:399:57)
    at Array.map (<anonymous>)
    at Parser._preprocess (C:\Users\anarayan\AppData\Roaming\npm\node_modules\markbind-cli\src\lib\markbind\src\parser.js:399:43)
    at element.children.element.children.map.e (C:\Users\anarayan\AppData\Roaming\npm\node_modules\markbind-cli\src\lib\markbind\src\parser.js:382:57)
    at Array.map (<anonymous>)
    at Parser._preprocess (C:\Users\anarayan\AppData\Roaming\npm\node_modules\markbind-cli\src\lib\markbind\src\parser.js:382:43)
    at element.children.element.children.map.e (C:\Users\anarayan\AppData\Roaming\npm\node_modules\markbind-cli\src\lib\markbind\src\parser.js:399:57)
    at Array.map (<anonymous>)
    at Parser._preprocess (C:\Users\anarayan\AppData\Roaming\npm\node_modules\markbind-cli\src\lib\markbind\src\parser.js:399:43)
2019-08-11T01:42:19.591Z - error:  Error: No such segment 'v11-overview' in file: D:\Teaching\CS2113\AY1920Sem1\website\admin\project-timeline.md
Missing reference in D:\Teaching\CS2113\AY1920Sem1\website\admin\project-w07-v11.md
    at Parser._preprocess (C:\Users\anarayan\AppData\Roaming\npm\node_modules\markbind-cli\src\lib\markbind\src\parser.js:325:25)
    at element.children.element.children.map.e (C:\Users\anarayan\AppData\Roaming\npm\node_modules\markbind-cli\src\lib\markbind\src\parser.js:399:57)
    at Array.map (<anonymous>)
    at Parser._preprocess (C:\Users\anarayan\AppData\Roaming\npm\node_modules\markbind-cli\src\lib\markbind\src\parser.js:399:43)
    at element.children.element.children.map.e (C:\Users\anarayan\AppData\Roaming\npm\node_modules\markbind-cli\src\lib\markbind\src\parser.js:399:57)
    at Array.map (<anonymous>)
    at Parser._preprocess (C:\Users\anarayan\AppData\Roaming\npm\node_modules\markbind-cli\src\lib\markbind\src\parser.js:399:43)
    at element.children.element.children.map.e (C:\Users\anarayan\AppData\Roaming\npm\node_modules\markbind-cli\src\lib\markbind\src\parser.js:399:57)
    at Array.map (<anonymous>)
    at Parser._preprocess (C:\Users\anarayan\AppData\Roaming\npm\node_modules\markbind-cli\src\lib\markbind\src\parser.js:399:43)
    at element.children.element.children.map.e (C:\Users\anarayan\AppData\Roaming\npm\node_modules\markbind-cli\src\lib\markbind\src\parser.js:399:57)
    at Array.map (<anonymous>)
    at Parser._preprocess (C:\Users\anarayan\AppData\Roaming\npm\node_modules\markbind-cli\src\lib\markbind\src\parser.js:399:43)
    at element.children.element.children.map.e (C:\Users\anarayan\AppData\Roaming\npm\node_modules\markbind-cli\src\lib\markbind\src\parser.js:399:57)
    at Array.map (<anonymous>)
    at Parser._preprocess (C:\Users\anarayan\AppData\Roaming\npm\node_modules\markbind-cli\src\lib\markbind\src\parser.js:399:43)
2019-08-11T01:42:19.611Z - error:  Error: No such segment 'mid-v11-overview' in file: D:\Teaching\CS2113\AY1920Sem1\website\admin\project-timeline.md
Missing reference in D:\Teaching\CS2113\AY1920Sem1\website\admin\project-w06-mid-v11.md
    at Parser._preprocess (C:\Users\anarayan\AppData\Roaming\npm\node_modules\markbind-cli\src\lib\markbind\src\parser.js:325:25)
    at element.children.element.children.map.e (C:\Users\anarayan\AppData\Roaming\npm\node_modules\markbind-cli\src\lib\markbind\src\parser.js:399:57)
    at Array.map (<anonymous>)
    at Parser._preprocess (C:\Users\anarayan\AppData\Roaming\npm\node_modules\markbind-cli\src\lib\markbind\src\parser.js:399:43)
    at element.children.element.children.map.e (C:\Users\anarayan\AppData\Roaming\npm\node_modules\markbind-cli\src\lib\markbind\src\parser.js:399:57)
    at Array.map (<anonymous>)
    at Parser._preprocess (C:\Users\anarayan\AppData\Roaming\npm\node_modules\markbind-cli\src\lib\markbind\src\parser.js:399:43)
    at element.children.element.children.map.e (C:\Users\anarayan\AppData\Roaming\npm\node_modules\markbind-cli\src\lib\markbind\src\parser.js:399:57)
    at Array.map (<anonymous>)
    at Parser._preprocess (C:\Users\anarayan\AppData\Roaming\npm\node_modules\markbind-cli\src\lib\markbind\src\parser.js:399:43)
    at element.children.element.children.map.e (C:\Users\anarayan\AppData\Roaming\npm\node_modules\markbind-cli\src\lib\markbind\src\parser.js:382:57)
    at Array.map (<anonymous>)
    at Parser._preprocess (C:\Users\anarayan\AppData\Roaming\npm\node_modules\markbind-cli\src\lib\markbind\src\parser.js:382:43)
    at element.children.element.children.map.e (C:\Users\anarayan\AppData\Roaming\npm\node_modules\markbind-cli\src\lib\markbind\src\parser.js:399:57)
    at Array.map (<anonymous>)
    at Parser._preprocess (C:\Users\anarayan\AppData\Roaming\npm\node_modules\markbind-cli\src\lib\markbind\src\parser.js:399:43)
2019-08-11T01:42:19.746Z - error:  Error: No such segment 'mid-v11-overview' in file: D:\Teaching\CS2113\AY1920Sem1\website\admin\project-timeline.md
Missing reference in D:\Teaching\CS2113\AY1920Sem1\website\admin\project-w06-mid-v11.md
    at Parser._preprocess (C:\Users\anarayan\AppData\Roaming\npm\node_modules\markbind-cli\src\lib\markbind\src\parser.js:325:25)
    at element.children.element.children.map.e (C:\Users\anarayan\AppData\Roaming\npm\node_modules\markbind-cli\src\lib\markbind\src\parser.js:399:57)
    at Array.map (<anonymous>)
    at Parser._preprocess (C:\Users\anarayan\AppData\Roaming\npm\node_modules\markbind-cli\src\lib\markbind\src\parser.js:399:43)
    at element.children.element.children.map.e (C:\Users\anarayan\AppData\Roaming\npm\node_modules\markbind-cli\src\lib\markbind\src\parser.js:399:57)
    at Array.map (<anonymous>)
    at Parser._preprocess (C:\Users\anarayan\AppData\Roaming\npm\node_modules\markbind-cli\src\lib\markbind\src\parser.js:399:43)
    at element.children.element.children.map.e (C:\Users\anarayan\AppData\Roaming\npm\node_modules\markbind-cli\src\lib\markbind\src\parser.js:399:57)
    at Array.map (<anonymous>)
    at Parser._preprocess (C:\Users\anarayan\AppData\Roaming\npm\node_modules\markbind-cli\src\lib\markbind\src\parser.js:399:43)
    at element.children.element.children.map.e (C:\Users\anarayan\AppData\Roaming\npm\node_modules\markbind-cli\src\lib\markbind\src\parser.js:382:57)
    at Array.map (<anonymous>)
    at Parser._preprocess (C:\Users\anarayan\AppData\Roaming\npm\node_modules\markbind-cli\src\lib\markbind\src\parser.js:382:43)
    at element.children.element.children.map.e (C:\Users\anarayan\AppData\Roaming\npm\node_modules\markbind-cli\src\lib\markbind\src\parser.js:399:57)
    at Array.map (<anonymous>)
    at Parser._preprocess (C:\Users\anarayan\AppData\Roaming\npm\node_modules\markbind-cli\src\lib\markbind\src\parser.js:399:43)
2019-08-11T01:42:19.838Z - error:  Error: No such segment 'mid-v10-overview' in file: D:\Teaching\CS2113\AY1920Sem1\website\admin\project-timeline.md
Missing reference in D:\Teaching\CS2113\AY1920Sem1\website\admin\project-w04-mid-v10.md
    at Parser._preprocess (C:\Users\anarayan\AppData\Roaming\npm\node_modules\markbind-cli\src\lib\markbind\src\parser.js:325:25)
    at element.children.element.children.map.e (C:\Users\anarayan\AppData\Roaming\npm\node_modules\markbind-cli\src\lib\markbind\src\parser.js:399:57)
    at Array.map (<anonymous>)
    at Parser._preprocess (C:\Users\anarayan\AppData\Roaming\npm\node_modules\markbind-cli\src\lib\markbind\src\parser.js:399:43)
    at element.children.element.children.map.e (C:\Users\anarayan\AppData\Roaming\npm\node_modules\markbind-cli\src\lib\markbind\src\parser.js:399:57)
    at Array.map (<anonymous>)
    at Parser._preprocess (C:\Users\anarayan\AppData\Roaming\npm\node_modules\markbind-cli\src\lib\markbind\src\parser.js:399:43)
    at element.children.element.children.map.e (C:\Users\anarayan\AppData\Roaming\npm\node_modules\markbind-cli\src\lib\markbind\src\parser.js:399:57)
    at Array.map (<anonymous>)
    at Parser._preprocess (C:\Users\anarayan\AppData\Roaming\npm\node_modules\markbind-cli\src\lib\markbind\src\parser.js:399:43)
    at element.children.element.children.map.e (C:\Users\anarayan\AppData\Roaming\npm\node_modules\markbind-cli\src\lib\markbind\src\parser.js:399:57)
    at Array.map (<anonymous>)
    at Parser._preprocess (C:\Users\anarayan\AppData\Roaming\npm\node_modules\markbind-cli\src\lib\markbind\src\parser.js:399:43)
    at element.children.element.children.map.e (C:\Users\anarayan\AppData\Roaming\npm\node_modules\markbind-cli\src\lib\markbind\src\parser.js:399:57)
    at Array.map (<anonymous>)
    at Parser._preprocess (C:\Users\anarayan\AppData\Roaming\npm\node_modules\markbind-cli\src\lib\markbind\src\parser.js:399:43)
2019-08-11T01:42:19.989Z - error:  Error: No such segment 'v10-overview' in file: D:\Teaching\CS2113\AY1920Sem1\website\admin\project-timeline.md
Missing reference in D:\Teaching\CS2113\AY1920Sem1\website\admin\project-w05-v10.md
    at Parser._preprocess (C:\Users\anarayan\AppData\Roaming\npm\node_modules\markbind-cli\src\lib\markbind\src\parser.js:325:25)
    at element.children.element.children.map.e (C:\Users\anarayan\AppData\Roaming\npm\node_modules\markbind-cli\src\lib\markbind\src\parser.js:399:57)
    at Array.map (<anonymous>)
    at Parser._preprocess (C:\Users\anarayan\AppData\Roaming\npm\node_modules\markbind-cli\src\lib\markbind\src\parser.js:399:43)
    at element.children.element.children.map.e (C:\Users\anarayan\AppData\Roaming\npm\node_modules\markbind-cli\src\lib\markbind\src\parser.js:399:57)
    at Array.map (<anonymous>)
    at Parser._preprocess (C:\Users\anarayan\AppData\Roaming\npm\node_modules\markbind-cli\src\lib\markbind\src\parser.js:399:43)
    at element.children.element.children.map.e (C:\Users\anarayan\AppData\Roaming\npm\node_modules\markbind-cli\src\lib\markbind\src\parser.js:399:57)
    at Array.map (<anonymous>)
    at Parser._preprocess (C:\Users\anarayan\AppData\Roaming\npm\node_modules\markbind-cli\src\lib\markbind\src\parser.js:399:43)
    at element.children.element.children.map.e (C:\Users\anarayan\AppData\Roaming\npm\node_modules\markbind-cli\src\lib\markbind\src\parser.js:399:57)
    at Array.map (<anonymous>)
    at Parser._preprocess (C:\Users\anarayan\AppData\Roaming\npm\node_modules\markbind-cli\src\lib\markbind\src\parser.js:399:43)
    at element.children.element.children.map.e (C:\Users\anarayan\AppData\Roaming\npm\node_modules\markbind-cli\src\lib\markbind\src\parser.js:399:57)
    at Array.map (<anonymous>)
    at Parser._preprocess (C:\Users\anarayan\AppData\Roaming\npm\node_modules\markbind-cli\src\lib\markbind\src\parser.js:399:43)
2019-08-11T01:42:20.015Z - error:  Error: No such segment 'mid-v10-overview' in file: D:\Teaching\CS2113\AY1920Sem1\website\admin\project-timeline.md
Missing reference in D:\Teaching\CS2113\AY1920Sem1\website\admin\project-w04-mid-v10.md
    at Parser._preprocess (C:\Users\anarayan\AppData\Roaming\npm\node_modules\markbind-cli\src\lib\markbind\src\parser.js:325:25)
    at element.children.element.children.map.e (C:\Users\anarayan\AppData\Roaming\npm\node_modules\markbind-cli\src\lib\markbind\src\parser.js:399:57)
    at Array.map (<anonymous>)
    at Parser._preprocess (C:\Users\anarayan\AppData\Roaming\npm\node_modules\markbind-cli\src\lib\markbind\src\parser.js:399:43)
    at element.children.element.children.map.e (C:\Users\anarayan\AppData\Roaming\npm\node_modules\markbind-cli\src\lib\markbind\src\parser.js:399:57)
    at Array.map (<anonymous>)
    at Parser._preprocess (C:\Users\anarayan\AppData\Roaming\npm\node_modules\markbind-cli\src\lib\markbind\src\parser.js:399:43)
    at element.children.element.children.map.e (C:\Users\anarayan\AppData\Roaming\npm\node_modules\markbind-cli\src\lib\markbind\src\parser.js:399:57)
    at Array.map (<anonymous>)
    at Parser._preprocess (C:\Users\anarayan\AppData\Roaming\npm\node_modules\markbind-cli\src\lib\markbind\src\parser.js:399:43)
    at element.children.element.children.map.e (C:\Users\anarayan\AppData\Roaming\npm\node_modules\markbind-cli\src\lib\markbind\src\parser.js:382:57)
    at Array.map (<anonymous>)
    at Parser._preprocess (C:\Users\anarayan\AppData\Roaming\npm\node_modules\markbind-cli\src\lib\markbind\src\parser.js:382:43)
    at element.children.element.children.map.e (C:\Users\anarayan\AppData\Roaming\npm\node_modules\markbind-cli\src\lib\markbind\src\parser.js:399:57)
    at Array.map (<anonymous>)
    at Parser._preprocess (C:\Users\anarayan\AppData\Roaming\npm\node_modules\markbind-cli\src\lib\markbind\src\parser.js:399:43)
2019-08-11T01:42:20.150Z - error:  Error: No such segment 'v12-overview' in file: D:\Teaching\CS2113\AY1920Sem1\website\admin\project-timeline.md
Missing reference in D:\Teaching\CS2113\AY1920Sem1\website\admin\project-w09-v12.md
    at Parser._preprocess (C:\Users\anarayan\AppData\Roaming\npm\node_modules\markbind-cli\src\lib\markbind\src\parser.js:325:25)
    at element.children.element.children.map.e (C:\Users\anarayan\AppData\Roaming\npm\node_modules\markbind-cli\src\lib\markbind\src\parser.js:399:57)
    at Array.map (<anonymous>)
    at Parser._preprocess (C:\Users\anarayan\AppData\Roaming\npm\node_modules\markbind-cli\src\lib\markbind\src\parser.js:399:43)
    at element.children.element.children.map.e (C:\Users\anarayan\AppData\Roaming\npm\node_modules\markbind-cli\src\lib\markbind\src\parser.js:399:57)
    at Array.map (<anonymous>)
    at Parser._preprocess (C:\Users\anarayan\AppData\Roaming\npm\node_modules\markbind-cli\src\lib\markbind\src\parser.js:399:43)
    at element.children.element.children.map.e (C:\Users\anarayan\AppData\Roaming\npm\node_modules\markbind-cli\src\lib\markbind\src\parser.js:399:57)
    at Array.map (<anonymous>)
    at Parser._preprocess (C:\Users\anarayan\AppData\Roaming\npm\node_modules\markbind-cli\src\lib\markbind\src\parser.js:399:43)
    at element.children.element.children.map.e (C:\Users\anarayan\AppData\Roaming\npm\node_modules\markbind-cli\src\lib\markbind\src\parser.js:399:57)
    at Array.map (<anonymous>)
    at Parser._preprocess (C:\Users\anarayan\AppData\Roaming\npm\node_modules\markbind-cli\src\lib\markbind\src\parser.js:399:43)
    at element.children.element.children.map.e (C:\Users\anarayan\AppData\Roaming\npm\node_modules\markbind-cli\src\lib\markbind\src\parser.js:399:57)
    at Array.map (<anonymous>)
    at Parser._preprocess (C:\Users\anarayan\AppData\Roaming\npm\node_modules\markbind-cli\src\lib\markbind\src\parser.js:399:43)
2019-08-11T01:42:20.177Z - error:  Error: No such segment 'mid-v13-overview' in file: D:\Teaching\CS2113\AY1920Sem1\website\admin\project-timeline.md
Missing reference in D:\Teaching\CS2113\AY1920Sem1\website\admin\project-w10-mid-v13.md
    at Parser._preprocess (C:\Users\anarayan\AppData\Roaming\npm\node_modules\markbind-cli\src\lib\markbind\src\parser.js:325:25)
    at element.children.element.children.map.e (C:\Users\anarayan\AppData\Roaming\npm\node_modules\markbind-cli\src\lib\markbind\src\parser.js:399:57)
    at Array.map (<anonymous>)
    at Parser._preprocess (C:\Users\anarayan\AppData\Roaming\npm\node_modules\markbind-cli\src\lib\markbind\src\parser.js:399:43)
    at element.children.element.children.map.e (C:\Users\anarayan\AppData\Roaming\npm\node_modules\markbind-cli\src\lib\markbind\src\parser.js:399:57)
    at Array.map (<anonymous>)
    at Parser._preprocess (C:\Users\anarayan\AppData\Roaming\npm\node_modules\markbind-cli\src\lib\markbind\src\parser.js:399:43)
    at element.children.element.children.map.e (C:\Users\anarayan\AppData\Roaming\npm\node_modules\markbind-cli\src\lib\markbind\src\parser.js:399:57)
    at Array.map (<anonymous>)
    at Parser._preprocess (C:\Users\anarayan\AppData\Roaming\npm\node_modules\markbind-cli\src\lib\markbind\src\parser.js:399:43)
    at element.children.element.children.map.e (C:\Users\anarayan\AppData\Roaming\npm\node_modules\markbind-cli\src\lib\markbind\src\parser.js:399:57)
    at Array.map (<anonymous>)
    at Parser._preprocess (C:\Users\anarayan\AppData\Roaming\npm\node_modules\markbind-cli\src\lib\markbind\src\parser.js:399:43)
    at element.children.element.children.map.e (C:\Users\anarayan\AppData\Roaming\npm\node_modules\markbind-cli\src\lib\markbind\src\parser.js:399:57)
    at Array.map (<anonymous>)
    at Parser._preprocess (C:\Users\anarayan\AppData\Roaming\npm\node_modules\markbind-cli\src\lib\markbind\src\parser.js:399:43)
2019-08-11T01:42:20.190Z - error:  Error: No such segment 'v13-overview' in file: D:\Teaching\CS2113\AY1920Sem1\website\admin\project-timeline.md
Missing reference in D:\Teaching\CS2113\AY1920Sem1\website\admin\project-w11-v13.md
    at Parser._preprocess (C:\Users\anarayan\AppData\Roaming\npm\node_modules\markbind-cli\src\lib\markbind\src\parser.js:325:25)
    at element.children.element.children.map.e (C:\Users\anarayan\AppData\Roaming\npm\node_modules\markbind-cli\src\lib\markbind\src\parser.js:399:57)
    at Array.map (<anonymous>)
    at Parser._preprocess (C:\Users\anarayan\AppData\Roaming\npm\node_modules\markbind-cli\src\lib\markbind\src\parser.js:399:43)
    at element.children.element.children.map.e (C:\Users\anarayan\AppData\Roaming\npm\node_modules\markbind-cli\src\lib\markbind\src\parser.js:399:57)
    at Array.map (<anonymous>)
    at Parser._preprocess (C:\Users\anarayan\AppData\Roaming\npm\node_modules\markbind-cli\src\lib\markbind\src\parser.js:399:43)
    at element.children.element.children.map.e (C:\Users\anarayan\AppData\Roaming\npm\node_modules\markbind-cli\src\lib\markbind\src\parser.js:399:57)
    at Array.map (<anonymous>)
    at Parser._preprocess (C:\Users\anarayan\AppData\Roaming\npm\node_modules\markbind-cli\src\lib\markbind\src\parser.js:399:43)
    at element.children.element.children.map.e (C:\Users\anarayan\AppData\Roaming\npm\node_modules\markbind-cli\src\lib\markbind\src\parser.js:399:57)
    at Array.map (<anonymous>)
    at Parser._preprocess (C:\Users\anarayan\AppData\Roaming\npm\node_modules\markbind-cli\src\lib\markbind\src\parser.js:399:43)
    at element.children.element.children.map.e (C:\Users\anarayan\AppData\Roaming\npm\node_modules\markbind-cli\src\lib\markbind\src\parser.js:399:57)
    at Array.map (<anonymous>)
    at Parser._preprocess (C:\Users\anarayan\AppData\Roaming\npm\node_modules\markbind-cli\src\lib\markbind\src\parser.js:399:43)
2019-08-11T01:42:20.278Z - error:  Error: No such segment 'v14-overview' in file: D:\Teaching\CS2113\AY1920Sem1\website\admin\project-timeline.md
Missing reference in D:\Teaching\CS2113\AY1920Sem1\website\admin\project-w13-v14.md
    at Parser._preprocess (C:\Users\anarayan\AppData\Roaming\npm\node_modules\markbind-cli\src\lib\markbind\src\parser.js:325:25)
    at element.children.element.children.map.e (C:\Users\anarayan\AppData\Roaming\npm\node_modules\markbind-cli\src\lib\markbind\src\parser.js:399:57)
    at Array.map (<anonymous>)
    at Parser._preprocess (C:\Users\anarayan\AppData\Roaming\npm\node_modules\markbind-cli\src\lib\markbind\src\parser.js:399:43)
    at element.children.element.children.map.e (C:\Users\anarayan\AppData\Roaming\npm\node_modules\markbind-cli\src\lib\markbind\src\parser.js:399:57)
    at Array.map (<anonymous>)
    at Parser._preprocess (C:\Users\anarayan\AppData\Roaming\npm\node_modules\markbind-cli\src\lib\markbind\src\parser.js:399:43)
    at element.children.element.children.map.e (C:\Users\anarayan\AppData\Roaming\npm\node_modules\markbind-cli\src\lib\markbind\src\parser.js:399:57)
    at Array.map (<anonymous>)
    at Parser._preprocess (C:\Users\anarayan\AppData\Roaming\npm\node_modules\markbind-cli\src\lib\markbind\src\parser.js:399:43)
    at element.children.element.children.map.e (C:\Users\anarayan\AppData\Roaming\npm\node_modules\markbind-cli\src\lib\markbind\src\parser.js:399:57)
    at Array.map (<anonymous>)
    at Parser._preprocess (C:\Users\anarayan\AppData\Roaming\npm\node_modules\markbind-cli\src\lib\markbind\src\parser.js:399:43)
    at element.children.element.children.map.e (C:\Users\anarayan\AppData\Roaming\npm\node_modules\markbind-cli\src\lib\markbind\src\parser.js:399:57)
    at Array.map (<anonymous>)
    at Parser._preprocess (C:\Users\anarayan\AppData\Roaming\npm\node_modules\markbind-cli\src\lib\markbind\src\parser.js:399:43)
2019-08-11T01:42:20.398Z - error:  Error: No such segment 'mid-v14-overview' in file: D:\Teaching\CS2113\AY1920Sem1\website\admin\project-timeline.md
Missing reference in D:\Teaching\CS2113\AY1920Sem1\website\admin\project-w12-mid-v14.md
    at Parser._preprocess (C:\Users\anarayan\AppData\Roaming\npm\node_modules\markbind-cli\src\lib\markbind\src\parser.js:325:25)
    at element.children.element.children.map.e (C:\Users\anarayan\AppData\Roaming\npm\node_modules\markbind-cli\src\lib\markbind\src\parser.js:399:57)
    at Array.map (<anonymous>)
    at Parser._preprocess (C:\Users\anarayan\AppData\Roaming\npm\node_modules\markbind-cli\src\lib\markbind\src\parser.js:399:43)
    at element.children.element.children.map.e (C:\Users\anarayan\AppData\Roaming\npm\node_modules\markbind-cli\src\lib\markbind\src\parser.js:399:57)
    at Array.map (<anonymous>)
    at Parser._preprocess (C:\Users\anarayan\AppData\Roaming\npm\node_modules\markbind-cli\src\lib\markbind\src\parser.js:399:43)
    at element.children.element.children.map.e (C:\Users\anarayan\AppData\Roaming\npm\node_modules\markbind-cli\src\lib\markbind\src\parser.js:399:57)
    at Array.map (<anonymous>)
    at Parser._preprocess (C:\Users\anarayan\AppData\Roaming\npm\node_modules\markbind-cli\src\lib\markbind\src\parser.js:399:43)
    at element.children.element.children.map.e (C:\Users\anarayan\AppData\Roaming\npm\node_modules\markbind-cli\src\lib\markbind\src\parser.js:399:57)
    at Array.map (<anonymous>)
    at Parser._preprocess (C:\Users\anarayan\AppData\Roaming\npm\node_modules\markbind-cli\src\lib\markbind\src\parser.js:399:43)
    at element.children.element.children.map.e (C:\Users\anarayan\AppData\Roaming\npm\node_modules\markbind-cli\src\lib\markbind\src\parser.js:399:57)
    at Array.map (<anonymous>)
    at Parser._preprocess (C:\Users\anarayan\AppData\Roaming\npm\node_modules\markbind-cli\src\lib\markbind\src\parser.js:399:43)
2019-08-11T01:42:20.741Z - error:  Error: No such segment 'v13-overview' in file: D:\Teaching\CS2113\AY1920Sem1\website\admin\project-timeline.md
Missing reference in D:\Teaching\CS2113\AY1920Sem1\website\admin\project-w11-v13.md
    at Parser._preprocess (C:\Users\anarayan\AppData\Roaming\npm\node_modules\markbind-cli\src\lib\markbind\src\parser.js:325:25)
    at element.children.element.children.map.e (C:\Users\anarayan\AppData\Roaming\npm\node_modules\markbind-cli\src\lib\markbind\src\parser.js:399:57)
    at Array.map (<anonymous>)
    at Parser._preprocess (C:\Users\anarayan\AppData\Roaming\npm\node_modules\markbind-cli\src\lib\markbind\src\parser.js:399:43)
    at element.children.element.children.map.e (C:\Users\anarayan\AppData\Roaming\npm\node_modules\markbind-cli\src\lib\markbind\src\parser.js:399:57)
    at Array.map (<anonymous>)
    at Parser._preprocess (C:\Users\anarayan\AppData\Roaming\npm\node_modules\markbind-cli\src\lib\markbind\src\parser.js:399:43)
    at element.children.element.children.map.e (C:\Users\anarayan\AppData\Roaming\npm\node_modules\markbind-cli\src\lib\markbind\src\parser.js:399:57)
    at Array.map (<anonymous>)
    at Parser._preprocess (C:\Users\anarayan\AppData\Roaming\npm\node_modules\markbind-cli\src\lib\markbind\src\parser.js:399:43)
    at element.children.element.children.map.e (C:\Users\anarayan\AppData\Roaming\npm\node_modules\markbind-cli\src\lib\markbind\src\parser.js:399:57)
    at Array.map (<anonymous>)
    at Parser._preprocess (C:\Users\anarayan\AppData\Roaming\npm\node_modules\markbind-cli\src\lib\markbind\src\parser.js:399:43)
    at element.children.element.children.map.e (C:\Users\anarayan\AppData\Roaming\npm\node_modules\markbind-cli\src\lib\markbind\src\parser.js:382:57)
    at Array.map (<anonymous>)
    at Parser._preprocess (C:\Users\anarayan\AppData\Roaming\npm\node_modules\markbind-cli\src\lib\markbind\src\parser.js:382:43)
2019-08-11T01:42:20.824Z - error:  Error: No such segment 'mid-v13-overview' in file: D:\Teaching\CS2113\AY1920Sem1\website\admin\project-timeline.md
Missing reference in D:\Teaching\CS2113\AY1920Sem1\website\admin\project-w10-mid-v13.md
    at Parser._preprocess (C:\Users\anarayan\AppData\Roaming\npm\node_modules\markbind-cli\src\lib\markbind\src\parser.js:325:25)
    at element.children.element.children.map.e (C:\Users\anarayan\AppData\Roaming\npm\node_modules\markbind-cli\src\lib\markbind\src\parser.js:399:57)
    at Array.map (<anonymous>)
    at Parser._preprocess (C:\Users\anarayan\AppData\Roaming\npm\node_modules\markbind-cli\src\lib\markbind\src\parser.js:399:43)
    at element.children.element.children.map.e (C:\Users\anarayan\AppData\Roaming\npm\node_modules\markbind-cli\src\lib\markbind\src\parser.js:399:57)
    at Array.map (<anonymous>)
    at Parser._preprocess (C:\Users\anarayan\AppData\Roaming\npm\node_modules\markbind-cli\src\lib\markbind\src\parser.js:399:43)
    at element.children.element.children.map.e (C:\Users\anarayan\AppData\Roaming\npm\node_modules\markbind-cli\src\lib\markbind\src\parser.js:399:57)
    at Array.map (<anonymous>)
    at Parser._preprocess (C:\Users\anarayan\AppData\Roaming\npm\node_modules\markbind-cli\src\lib\markbind\src\parser.js:399:43)
    at element.children.element.children.map.e (C:\Users\anarayan\AppData\Roaming\npm\node_modules\markbind-cli\src\lib\markbind\src\parser.js:399:57)
    at Array.map (<anonymous>)
    at Parser._preprocess (C:\Users\anarayan\AppData\Roaming\npm\node_modules\markbind-cli\src\lib\markbind\src\parser.js:399:43)
    at element.children.element.children.map.e (C:\Users\anarayan\AppData\Roaming\npm\node_modules\markbind-cli\src\lib\markbind\src\parser.js:382:57)
    at Array.map (<anonymous>)
    at Parser._preprocess (C:\Users\anarayan\AppData\Roaming\npm\node_modules\markbind-cli\src\lib\markbind\src\parser.js:382:43)
2019-08-11T01:42:20.840Z - error:  Error: No such segment 'mid-v14-overview' in file: D:\Teaching\CS2113\AY1920Sem1\website\admin\project-timeline.md
Missing reference in D:\Teaching\CS2113\AY1920Sem1\website\admin\project-w12-mid-v14.md
    at Parser._preprocess (C:\Users\anarayan\AppData\Roaming\npm\node_modules\markbind-cli\src\lib\markbind\src\parser.js:325:25)
    at element.children.element.children.map.e (C:\Users\anarayan\AppData\Roaming\npm\node_modules\markbind-cli\src\lib\markbind\src\parser.js:399:57)
    at Array.map (<anonymous>)
    at Parser._preprocess (C:\Users\anarayan\AppData\Roaming\npm\node_modules\markbind-cli\src\lib\markbind\src\parser.js:399:43)
    at element.children.element.children.map.e (C:\Users\anarayan\AppData\Roaming\npm\node_modules\markbind-cli\src\lib\markbind\src\parser.js:399:57)
    at Array.map (<anonymous>)
    at Parser._preprocess (C:\Users\anarayan\AppData\Roaming\npm\node_modules\markbind-cli\src\lib\markbind\src\parser.js:399:43)
    at element.children.element.children.map.e (C:\Users\anarayan\AppData\Roaming\npm\node_modules\markbind-cli\src\lib\markbind\src\parser.js:399:57)
    at Array.map (<anonymous>)
    at Parser._preprocess (C:\Users\anarayan\AppData\Roaming\npm\node_modules\markbind-cli\src\lib\markbind\src\parser.js:399:43)
    at element.children.element.children.map.e (C:\Users\anarayan\AppData\Roaming\npm\node_modules\markbind-cli\src\lib\markbind\src\parser.js:382:57)
    at Array.map (<anonymous>)
    at Parser._preprocess (C:\Users\anarayan\AppData\Roaming\npm\node_modules\markbind-cli\src\lib\markbind\src\parser.js:382:43)
    at element.children.element.children.map.e (C:\Users\anarayan\AppData\Roaming\npm\node_modules\markbind-cli\src\lib\markbind\src\parser.js:399:57)
    at Array.map (<anonymous>)
    at Parser._preprocess (C:\Users\anarayan\AppData\Roaming\npm\node_modules\markbind-cli\src\lib\markbind\src\parser.js:399:43)
2019-08-11T01:42:21.102Z - error:  Error: No such segment 'v14-overview' in file: D:\Teaching\CS2113\AY1920Sem1\website\admin\project-timeline.md
Missing reference in D:\Teaching\CS2113\AY1920Sem1\website\admin\project-w13-v14.md
    at Parser._preprocess (C:\Users\anarayan\AppData\Roaming\npm\node_modules\markbind-cli\src\lib\markbind\src\parser.js:325:25)
    at element.children.element.children.map.e (C:\Users\anarayan\AppData\Roaming\npm\node_modules\markbind-cli\src\lib\markbind\src\parser.js:399:57)
    at Array.map (<anonymous>)
    at Parser._preprocess (C:\Users\anarayan\AppData\Roaming\npm\node_modules\markbind-cli\src\lib\markbind\src\parser.js:399:43)
    at element.children.element.children.map.e (C:\Users\anarayan\AppData\Roaming\npm\node_modules\markbind-cli\src\lib\markbind\src\parser.js:399:57)
    at Array.map (<anonymous>)
    at Parser._preprocess (C:\Users\anarayan\AppData\Roaming\npm\node_modules\markbind-cli\src\lib\markbind\src\parser.js:399:43)
    at element.children.element.children.map.e (C:\Users\anarayan\AppData\Roaming\npm\node_modules\markbind-cli\src\lib\markbind\src\parser.js:399:57)
    at Array.map (<anonymous>)
    at Parser._preprocess (C:\Users\anarayan\AppData\Roaming\npm\node_modules\markbind-cli\src\lib\markbind\src\parser.js:399:43)
    at element.children.element.children.map.e (C:\Users\anarayan\AppData\Roaming\npm\node_modules\markbind-cli\src\lib\markbind\src\parser.js:399:57)
    at Array.map (<anonymous>)
    at Parser._preprocess (C:\Users\anarayan\AppData\Roaming\npm\node_modules\markbind-cli\src\lib\markbind\src\parser.js:399:43)
    at element.children.element.children.map.e (C:\Users\anarayan\AppData\Roaming\npm\node_modules\markbind-cli\src\lib\markbind\src\parser.js:382:57)
    at Array.map (<anonymous>)
    at Parser._preprocess (C:\Users\anarayan\AppData\Roaming\npm\node_modules\markbind-cli\src\lib\markbind\src\parser.js:382:43)
2019-08-11T01:42:21.201Z - error:  Error: No such segment 'v11-overview' in file: D:\Teaching\CS2113\AY1920Sem1\website\admin\project-timeline.md
Missing reference in D:\Teaching\CS2113\AY1920Sem1\website\admin\project-w07-v11.md
    at Parser._preprocess (C:\Users\anarayan\AppData\Roaming\npm\node_modules\markbind-cli\src\lib\markbind\src\parser.js:325:25)
    at element.children.element.children.map.e (C:\Users\anarayan\AppData\Roaming\npm\node_modules\markbind-cli\src\lib\markbind\src\parser.js:399:57)
    at Array.map (<anonymous>)
    at Parser._preprocess (C:\Users\anarayan\AppData\Roaming\npm\node_modules\markbind-cli\src\lib\markbind\src\parser.js:399:43)
    at element.children.element.children.map.e (C:\Users\anarayan\AppData\Roaming\npm\node_modules\markbind-cli\src\lib\markbind\src\parser.js:399:57)
    at Array.map (<anonymous>)
    at Parser._preprocess (C:\Users\anarayan\AppData\Roaming\npm\node_modules\markbind-cli\src\lib\markbind\src\parser.js:399:43)
    at element.children.element.children.map.e (C:\Users\anarayan\AppData\Roaming\npm\node_modules\markbind-cli\src\lib\markbind\src\parser.js:399:57)
    at Array.map (<anonymous>)
    at Parser._preprocess (C:\Users\anarayan\AppData\Roaming\npm\node_modules\markbind-cli\src\lib\markbind\src\parser.js:399:43)
    at element.children.element.children.map.e (C:\Users\anarayan\AppData\Roaming\npm\node_modules\markbind-cli\src\lib\markbind\src\parser.js:399:57)
    at Array.map (<anonymous>)
    at Parser._preprocess (C:\Users\anarayan\AppData\Roaming\npm\node_modules\markbind-cli\src\lib\markbind\src\parser.js:399:43)
    at element.children.element.children.map.e (C:\Users\anarayan\AppData\Roaming\npm\node_modules\markbind-cli\src\lib\markbind\src\parser.js:382:57)
    at Array.map (<anonymous>)
    at Parser._preprocess (C:\Users\anarayan\AppData\Roaming\npm\node_modules\markbind-cli\src\lib\markbind\src\parser.js:382:43)
2019-08-11T01:42:21.215Z - error:  Error: No such segment 'mid-v11-overview' in file: D:\Teaching\CS2113\AY1920Sem1\website\admin\project-timeline.md
Missing reference in D:\Teaching\CS2113\AY1920Sem1\website\admin\project-w06-mid-v11.md
    at Parser._preprocess (C:\Users\anarayan\AppData\Roaming\npm\node_modules\markbind-cli\src\lib\markbind\src\parser.js:325:25)
    at element.children.element.children.map.e (C:\Users\anarayan\AppData\Roaming\npm\node_modules\markbind-cli\src\lib\markbind\src\parser.js:399:57)
    at Array.map (<anonymous>)
    at Parser._preprocess (C:\Users\anarayan\AppData\Roaming\npm\node_modules\markbind-cli\src\lib\markbind\src\parser.js:399:43)
    at element.children.element.children.map.e (C:\Users\anarayan\AppData\Roaming\npm\node_modules\markbind-cli\src\lib\markbind\src\parser.js:399:57)
    at Array.map (<anonymous>)
    at Parser._preprocess (C:\Users\anarayan\AppData\Roaming\npm\node_modules\markbind-cli\src\lib\markbind\src\parser.js:399:43)
    at element.children.element.children.map.e (C:\Users\anarayan\AppData\Roaming\npm\node_modules\markbind-cli\src\lib\markbind\src\parser.js:399:57)
    at Array.map (<anonymous>)
    at Parser._preprocess (C:\Users\anarayan\AppData\Roaming\npm\node_modules\markbind-cli\src\lib\markbind\src\parser.js:399:43)
    at element.children.element.children.map.e (C:\Users\anarayan\AppData\Roaming\npm\node_modules\markbind-cli\src\lib\markbind\src\parser.js:382:57)
    at Array.map (<anonymous>)
    at Parser._preprocess (C:\Users\anarayan\AppData\Roaming\npm\node_modules\markbind-cli\src\lib\markbind\src\parser.js:382:43)
    at element.children.element.children.map.e (C:\Users\anarayan\AppData\Roaming\npm\node_modules\markbind-cli\src\lib\markbind\src\parser.js:399:57)
    at Array.map (<anonymous>)
    at Parser._preprocess (C:\Users\anarayan\AppData\Roaming\npm\node_modules\markbind-cli\src\lib\markbind\src\parser.js:399:43)
2019-08-11T01:42:21.316Z - error:  Error: No such segment 'mid-v11-overview' in file: D:\Teaching\CS2113\AY1920Sem1\website\admin\project-timeline.md
Missing reference in D:\Teaching\CS2113\AY1920Sem1\website\admin\project-w06-mid-v11.md
    at Parser._preprocess (C:\Users\anarayan\AppData\Roaming\npm\node_modules\markbind-cli\src\lib\markbind\src\parser.js:325:25)
    at element.children.element.children.map.e (C:\Users\anarayan\AppData\Roaming\npm\node_modules\markbind-cli\src\lib\markbind\src\parser.js:399:57)
    at Array.map (<anonymous>)
    at Parser._preprocess (C:\Users\anarayan\AppData\Roaming\npm\node_modules\markbind-cli\src\lib\markbind\src\parser.js:399:43)
    at element.children.element.children.map.e (C:\Users\anarayan\AppData\Roaming\npm\node_modules\markbind-cli\src\lib\markbind\src\parser.js:399:57)
    at Array.map (<anonymous>)
    at Parser._preprocess (C:\Users\anarayan\AppData\Roaming\npm\node_modules\markbind-cli\src\lib\markbind\src\parser.js:399:43)
    at element.children.element.children.map.e (C:\Users\anarayan\AppData\Roaming\npm\node_modules\markbind-cli\src\lib\markbind\src\parser.js:399:57)
    at Array.map (<anonymous>)
    at Parser._preprocess (C:\Users\anarayan\AppData\Roaming\npm\node_modules\markbind-cli\src\lib\markbind\src\parser.js:399:43)
    at element.children.element.children.map.e (C:\Users\anarayan\AppData\Roaming\npm\node_modules\markbind-cli\src\lib\markbind\src\parser.js:382:57)
    at Array.map (<anonymous>)
    at Parser._preprocess (C:\Users\anarayan\AppData\Roaming\npm\node_modules\markbind-cli\src\lib\markbind\src\parser.js:382:43)
    at element.children.element.children.map.e (C:\Users\anarayan\AppData\Roaming\npm\node_modules\markbind-cli\src\lib\markbind\src\parser.js:399:57)
    at Array.map (<anonymous>)
    at Parser._preprocess (C:\Users\anarayan\AppData\Roaming\npm\node_modules\markbind-cli\src\lib\markbind\src\parser.js:399:43)
2019-08-11T01:42:21.413Z - error:  Error: No such segment 'v12-overview' in file: D:\Teaching\CS2113\AY1920Sem1\website\admin\project-timeline.md
Missing reference in D:\Teaching\CS2113\AY1920Sem1\website\admin\project-w09-v12.md
    at Parser._preprocess (C:\Users\anarayan\AppData\Roaming\npm\node_modules\markbind-cli\src\lib\markbind\src\parser.js:325:25)
    at element.children.element.children.map.e (C:\Users\anarayan\AppData\Roaming\npm\node_modules\markbind-cli\src\lib\markbind\src\parser.js:399:57)
    at Array.map (<anonymous>)
    at Parser._preprocess (C:\Users\anarayan\AppData\Roaming\npm\node_modules\markbind-cli\src\lib\markbind\src\parser.js:399:43)
    at element.children.element.children.map.e (C:\Users\anarayan\AppData\Roaming\npm\node_modules\markbind-cli\src\lib\markbind\src\parser.js:399:57)
    at Array.map (<anonymous>)
    at Parser._preprocess (C:\Users\anarayan\AppData\Roaming\npm\node_modules\markbind-cli\src\lib\markbind\src\parser.js:399:43)
    at element.children.element.children.map.e (C:\Users\anarayan\AppData\Roaming\npm\node_modules\markbind-cli\src\lib\markbind\src\parser.js:399:57)
    at Array.map (<anonymous>)
    at Parser._preprocess (C:\Users\anarayan\AppData\Roaming\npm\node_modules\markbind-cli\src\lib\markbind\src\parser.js:399:43)
    at element.children.element.children.map.e (C:\Users\anarayan\AppData\Roaming\npm\node_modules\markbind-cli\src\lib\markbind\src\parser.js:399:57)
    at Array.map (<anonymous>)
    at Parser._preprocess (C:\Users\anarayan\AppData\Roaming\npm\node_modules\markbind-cli\src\lib\markbind\src\parser.js:399:43)
    at element.children.element.children.map.e (C:\Users\anarayan\AppData\Roaming\npm\node_modules\markbind-cli\src\lib\markbind\src\parser.js:382:57)
    at Array.map (<anonymous>)
    at Parser._preprocess (C:\Users\anarayan\AppData\Roaming\npm\node_modules\markbind-cli\src\lib\markbind\src\parser.js:382:43)
2019-08-11T01:42:21.444Z - error:  Error: No such segment 'mid-v12-overview' in file: D:\Teaching\CS2113\AY1920Sem1\website\admin\project-timeline.md
Missing reference in D:\Teaching\CS2113\AY1920Sem1\website\admin\project-w08-mid-v12.md
    at Parser._preprocess (C:\Users\anarayan\AppData\Roaming\npm\node_modules\markbind-cli\src\lib\markbind\src\parser.js:325:25)
    at element.children.element.children.map.e (C:\Users\anarayan\AppData\Roaming\npm\node_modules\markbind-cli\src\lib\markbind\src\parser.js:399:57)
    at Array.map (<anonymous>)
    at Parser._preprocess (C:\Users\anarayan\AppData\Roaming\npm\node_modules\markbind-cli\src\lib\markbind\src\parser.js:399:43)
    at element.children.element.children.map.e (C:\Users\anarayan\AppData\Roaming\npm\node_modules\markbind-cli\src\lib\markbind\src\parser.js:399:57)
    at Array.map (<anonymous>)
    at Parser._preprocess (C:\Users\anarayan\AppData\Roaming\npm\node_modules\markbind-cli\src\lib\markbind\src\parser.js:399:43)
    at element.children.element.children.map.e (C:\Users\anarayan\AppData\Roaming\npm\node_modules\markbind-cli\src\lib\markbind\src\parser.js:399:57)
    at Array.map (<anonymous>)
    at Parser._preprocess (C:\Users\anarayan\AppData\Roaming\npm\node_modules\markbind-cli\src\lib\markbind\src\parser.js:399:43)
    at element.children.element.children.map.e (C:\Users\anarayan\AppData\Roaming\npm\node_modules\markbind-cli\src\lib\markbind\src\parser.js:399:57)
    at Array.map (<anonymous>)
    at Parser._preprocess (C:\Users\anarayan\AppData\Roaming\npm\node_modules\markbind-cli\src\lib\markbind\src\parser.js:399:43)
    at element.children.element.children.map.e (C:\Users\anarayan\AppData\Roaming\npm\node_modules\markbind-cli\src\lib\markbind\src\parser.js:382:57)
    at Array.map (<anonymous>)
    at Parser._preprocess (C:\Users\anarayan\AppData\Roaming\npm\node_modules\markbind-cli\src\lib\markbind\src\parser.js:382:43)
2019-08-11T01:42:21.465Z - error:  Error: No such segment 'mid-v11-overview' in file: D:\Teaching\CS2113\AY1920Sem1\website\admin\project-timeline.md
Missing reference in D:\Teaching\CS2113\AY1920Sem1\website\admin\project-w06-mid-v11.md
    at Parser._preprocess (C:\Users\anarayan\AppData\Roaming\npm\node_modules\markbind-cli\src\lib\markbind\src\parser.js:325:25)
    at element.children.element.children.map.e (C:\Users\anarayan\AppData\Roaming\npm\node_modules\markbind-cli\src\lib\markbind\src\parser.js:399:57)
    at Array.map (<anonymous>)
    at Parser._preprocess (C:\Users\anarayan\AppData\Roaming\npm\node_modules\markbind-cli\src\lib\markbind\src\parser.js:399:43)
    at element.children.element.children.map.e (C:\Users\anarayan\AppData\Roaming\npm\node_modules\markbind-cli\src\lib\markbind\src\parser.js:399:57)
    at Array.map (<anonymous>)
    at Parser._preprocess (C:\Users\anarayan\AppData\Roaming\npm\node_modules\markbind-cli\src\lib\markbind\src\parser.js:399:43)
    at element.children.element.children.map.e (C:\Users\anarayan\AppData\Roaming\npm\node_modules\markbind-cli\src\lib\markbind\src\parser.js:399:57)
    at Array.map (<anonymous>)
    at Parser._preprocess (C:\Users\anarayan\AppData\Roaming\npm\node_modules\markbind-cli\src\lib\markbind\src\parser.js:399:43)
    at element.children.element.children.map.e (C:\Users\anarayan\AppData\Roaming\npm\node_modules\markbind-cli\src\lib\markbind\src\parser.js:382:57)
    at Array.map (<anonymous>)
    at Parser._preprocess (C:\Users\anarayan\AppData\Roaming\npm\node_modules\markbind-cli\src\lib\markbind\src\parser.js:382:43)
    at element.children.element.children.map.e (C:\Users\anarayan\AppData\Roaming\npm\node_modules\markbind-cli\src\lib\markbind\src\parser.js:399:57)
    at Array.map (<anonymous>)
    at Parser._preprocess (C:\Users\anarayan\AppData\Roaming\npm\node_modules\markbind-cli\src\lib\markbind\src\parser.js:399:43)
2019-08-11T01:42:22.849Z - error:  Error: No such segment 'mid-v13-overview' in file: D:\Teaching\CS2113\AY1920Sem1\website\admin\project-timeline.md
Missing reference in D:\Teaching\CS2113\AY1920Sem1\website\admin\project-w10-mid-v13.md
    at Parser._preprocess (C:\Users\anarayan\AppData\Roaming\npm\node_modules\markbind-cli\src\lib\markbind\src\parser.js:325:25)
    at element.children.element.children.map.e (C:\Users\anarayan\AppData\Roaming\npm\node_modules\markbind-cli\src\lib\markbind\src\parser.js:399:57)
    at Array.map (<anonymous>)
    at Parser._preprocess (C:\Users\anarayan\AppData\Roaming\npm\node_modules\markbind-cli\src\lib\markbind\src\parser.js:399:43)
    at element.children.element.children.map.e (C:\Users\anarayan\AppData\Roaming\npm\node_modules\markbind-cli\src\lib\markbind\src\parser.js:399:57)
    at Array.map (<anonymous>)
    at Parser._preprocess (C:\Users\anarayan\AppData\Roaming\npm\node_modules\markbind-cli\src\lib\markbind\src\parser.js:399:43)
    at element.children.element.children.map.e (C:\Users\anarayan\AppData\Roaming\npm\node_modules\markbind-cli\src\lib\markbind\src\parser.js:399:57)
    at Array.map (<anonymous>)
    at Parser._preprocess (C:\Users\anarayan\AppData\Roaming\npm\node_modules\markbind-cli\src\lib\markbind\src\parser.js:399:43)
    at element.children.element.children.map.e (C:\Users\anarayan\AppData\Roaming\npm\node_modules\markbind-cli\src\lib\markbind\src\parser.js:399:57)
    at Array.map (<anonymous>)
    at Parser._preprocess (C:\Users\anarayan\AppData\Roaming\npm\node_modules\markbind-cli\src\lib\markbind\src\parser.js:399:43)
    at element.children.element.children.map.e (C:\Users\anarayan\AppData\Roaming\npm\node_modules\markbind-cli\src\lib\markbind\src\parser.js:382:57)
    at Array.map (<anonymous>)
    at Parser._preprocess (C:\Users\anarayan\AppData\Roaming\npm\node_modules\markbind-cli\src\lib\markbind\src\parser.js:382:43)
2019-08-11T01:42:22.937Z - error:  Error: No such segment 'v13-overview' in file: D:\Teaching\CS2113\AY1920Sem1\website\admin\project-timeline.md
Missing reference in D:\Teaching\CS2113\AY1920Sem1\website\admin\project-w11-v13.md
    at Parser._preprocess (C:\Users\anarayan\AppData\Roaming\npm\node_modules\markbind-cli\src\lib\markbind\src\parser.js:325:25)
    at element.children.element.children.map.e (C:\Users\anarayan\AppData\Roaming\npm\node_modules\markbind-cli\src\lib\markbind\src\parser.js:399:57)
    at Array.map (<anonymous>)
    at Parser._preprocess (C:\Users\anarayan\AppData\Roaming\npm\node_modules\markbind-cli\src\lib\markbind\src\parser.js:399:43)
    at element.children.element.children.map.e (C:\Users\anarayan\AppData\Roaming\npm\node_modules\markbind-cli\src\lib\markbind\src\parser.js:399:57)
    at Array.map (<anonymous>)
    at Parser._preprocess (C:\Users\anarayan\AppData\Roaming\npm\node_modules\markbind-cli\src\lib\markbind\src\parser.js:399:43)
    at element.children.element.children.map.e (C:\Users\anarayan\AppData\Roaming\npm\node_modules\markbind-cli\src\lib\markbind\src\parser.js:399:57)
    at Array.map (<anonymous>)
    at Parser._preprocess (C:\Users\anarayan\AppData\Roaming\npm\node_modules\markbind-cli\src\lib\markbind\src\parser.js:399:43)
    at element.children.element.children.map.e (C:\Users\anarayan\AppData\Roaming\npm\node_modules\markbind-cli\src\lib\markbind\src\parser.js:399:57)
    at Array.map (<anonymous>)
    at Parser._preprocess (C:\Users\anarayan\AppData\Roaming\npm\node_modules\markbind-cli\src\lib\markbind\src\parser.js:399:43)
    at element.children.element.children.map.e (C:\Users\anarayan\AppData\Roaming\npm\node_modules\markbind-cli\src\lib\markbind\src\parser.js:382:57)
    at Array.map (<anonymous>)
    at Parser._preprocess (C:\Users\anarayan\AppData\Roaming\npm\node_modules\markbind-cli\src\lib\markbind\src\parser.js:382:43)
2019-08-11T01:42:23.030Z - error:  Error: No such segment 'mid-v14-overview' in file: D:\Teaching\CS2113\AY1920Sem1\website\admin\project-timeline.md
Missing reference in D:\Teaching\CS2113\AY1920Sem1\website\admin\project-w12-mid-v14.md
    at Parser._preprocess (C:\Users\anarayan\AppData\Roaming\npm\node_modules\markbind-cli\src\lib\markbind\src\parser.js:325:25)
    at element.children.element.children.map.e (C:\Users\anarayan\AppData\Roaming\npm\node_modules\markbind-cli\src\lib\markbind\src\parser.js:399:57)
    at Array.map (<anonymous>)
    at Parser._preprocess (C:\Users\anarayan\AppData\Roaming\npm\node_modules\markbind-cli\src\lib\markbind\src\parser.js:399:43)
    at element.children.element.children.map.e (C:\Users\anarayan\AppData\Roaming\npm\node_modules\markbind-cli\src\lib\markbind\src\parser.js:399:57)
    at Array.map (<anonymous>)
    at Parser._preprocess (C:\Users\anarayan\AppData\Roaming\npm\node_modules\markbind-cli\src\lib\markbind\src\parser.js:399:43)
    at element.children.element.children.map.e (C:\Users\anarayan\AppData\Roaming\npm\node_modules\markbind-cli\src\lib\markbind\src\parser.js:399:57)
    at Array.map (<anonymous>)
    at Parser._preprocess (C:\Users\anarayan\AppData\Roaming\npm\node_modules\markbind-cli\src\lib\markbind\src\parser.js:399:43)
    at element.children.element.children.map.e (C:\Users\anarayan\AppData\Roaming\npm\node_modules\markbind-cli\src\lib\markbind\src\parser.js:382:57)
    at Array.map (<anonymous>)
    at Parser._preprocess (C:\Users\anarayan\AppData\Roaming\npm\node_modules\markbind-cli\src\lib\markbind\src\parser.js:382:43)
    at element.children.element.children.map.e (C:\Users\anarayan\AppData\Roaming\npm\node_modules\markbind-cli\src\lib\markbind\src\parser.js:399:57)
    at Array.map (<anonymous>)
    at Parser._preprocess (C:\Users\anarayan\AppData\Roaming\npm\node_modules\markbind-cli\src\lib\markbind\src\parser.js:399:43)
2019-08-11T01:42:23.374Z - error:  Error: No such segment 'v14-overview' in file: D:\Teaching\CS2113\AY1920Sem1\website\admin\project-timeline.md
Missing reference in D:\Teaching\CS2113\AY1920Sem1\website\admin\project-w13-v14.md
    at Parser._preprocess (C:\Users\anarayan\AppData\Roaming\npm\node_modules\markbind-cli\src\lib\markbind\src\parser.js:325:25)
    at element.children.element.children.map.e (C:\Users\anarayan\AppData\Roaming\npm\node_modules\markbind-cli\src\lib\markbind\src\parser.js:399:57)
    at Array.map (<anonymous>)
    at Parser._preprocess (C:\Users\anarayan\AppData\Roaming\npm\node_modules\markbind-cli\src\lib\markbind\src\parser.js:399:43)
    at element.children.element.children.map.e (C:\Users\anarayan\AppData\Roaming\npm\node_modules\markbind-cli\src\lib\markbind\src\parser.js:399:57)
    at Array.map (<anonymous>)
    at Parser._preprocess (C:\Users\anarayan\AppData\Roaming\npm\node_modules\markbind-cli\src\lib\markbind\src\parser.js:399:43)
    at element.children.element.children.map.e (C:\Users\anarayan\AppData\Roaming\npm\node_modules\markbind-cli\src\lib\markbind\src\parser.js:399:57)
    at Array.map (<anonymous>)
    at Parser._preprocess (C:\Users\anarayan\AppData\Roaming\npm\node_modules\markbind-cli\src\lib\markbind\src\parser.js:399:43)
    at element.children.element.children.map.e (C:\Users\anarayan\AppData\Roaming\npm\node_modules\markbind-cli\src\lib\markbind\src\parser.js:399:57)
    at Array.map (<anonymous>)
    at Parser._preprocess (C:\Users\anarayan\AppData\Roaming\npm\node_modules\markbind-cli\src\lib\markbind\src\parser.js:399:43)
    at element.children.element.children.map.e (C:\Users\anarayan\AppData\Roaming\npm\node_modules\markbind-cli\src\lib\markbind\src\parser.js:382:57)
    at Array.map (<anonymous>)
    at Parser._preprocess (C:\Users\anarayan\AppData\Roaming\npm\node_modules\markbind-cli\src\lib\markbind\src\parser.js:382:43)
2019-08-11T01:42:23.490Z - error:  Error: No such segment 'inception-overview' in file: D:\Teaching\CS2113\AY1920Sem1\website\admin\project-timeline.md
Missing reference in D:\Teaching\CS2113\AY1920Sem1\website\admin\project-w03-inception.md
    at Parser._preprocess (C:\Users\anarayan\AppData\Roaming\npm\node_modules\markbind-cli\src\lib\markbind\src\parser.js:325:25)
    at element.children.element.children.map.e (C:\Users\anarayan\AppData\Roaming\npm\node_modules\markbind-cli\src\lib\markbind\src\parser.js:399:57)
    at Array.map (<anonymous>)
    at Parser._preprocess (C:\Users\anarayan\AppData\Roaming\npm\node_modules\markbind-cli\src\lib\markbind\src\parser.js:399:43)
    at element.children.element.children.map.e (C:\Users\anarayan\AppData\Roaming\npm\node_modules\markbind-cli\src\lib\markbind\src\parser.js:399:57)
    at Array.map (<anonymous>)
    at Parser._preprocess (C:\Users\anarayan\AppData\Roaming\npm\node_modules\markbind-cli\src\lib\markbind\src\parser.js:399:43)
    at element.children.element.children.map.e (C:\Users\anarayan\AppData\Roaming\npm\node_modules\markbind-cli\src\lib\markbind\src\parser.js:399:57)
    at Array.map (<anonymous>)
    at Parser._preprocess (C:\Users\anarayan\AppData\Roaming\npm\node_modules\markbind-cli\src\lib\markbind\src\parser.js:399:43)
    at element.children.element.children.map.e (C:\Users\anarayan\AppData\Roaming\npm\node_modules\markbind-cli\src\lib\markbind\src\parser.js:399:57)
    at Array.map (<anonymous>)
    at Parser._preprocess (C:\Users\anarayan\AppData\Roaming\npm\node_modules\markbind-cli\src\lib\markbind\src\parser.js:399:43)
    at element.children.element.children.map.e (C:\Users\anarayan\AppData\Roaming\npm\node_modules\markbind-cli\src\lib\markbind\src\parser.js:382:57)
    at Array.map (<anonymous>)
    at Parser._preprocess (C:\Users\anarayan\AppData\Roaming\npm\node_modules\markbind-cli\src\lib\markbind\src\parser.js:382:43)
2019-08-11T01:42:23.505Z - error:  Error: No such segment 'warmup-overview' in file: D:\Teaching\CS2113\AY1920Sem1\website\admin\project-timeline.md
Missing reference in D:\Teaching\CS2113\AY1920Sem1\website\admin\project-w02.md
    at Parser._preprocess (C:\Users\anarayan\AppData\Roaming\npm\node_modules\markbind-cli\src\lib\markbind\src\parser.js:325:25)
    at element.children.element.children.map.e (C:\Users\anarayan\AppData\Roaming\npm\node_modules\markbind-cli\src\lib\markbind\src\parser.js:399:57)
    at Array.map (<anonymous>)
    at Parser._preprocess (C:\Users\anarayan\AppData\Roaming\npm\node_modules\markbind-cli\src\lib\markbind\src\parser.js:399:43)
    at element.children.element.children.map.e (C:\Users\anarayan\AppData\Roaming\npm\node_modules\markbind-cli\src\lib\markbind\src\parser.js:399:57)
    at Array.map (<anonymous>)
    at Parser._preprocess (C:\Users\anarayan\AppData\Roaming\npm\node_modules\markbind-cli\src\lib\markbind\src\parser.js:399:43)
    at element.children.element.children.map.e (C:\Users\anarayan\AppData\Roaming\npm\node_modules\markbind-cli\src\lib\markbind\src\parser.js:399:57)
    at Array.map (<anonymous>)
    at Parser._preprocess (C:\Users\anarayan\AppData\Roaming\npm\node_modules\markbind-cli\src\lib\markbind\src\parser.js:399:43)
    at element.children.element.children.map.e (C:\Users\anarayan\AppData\Roaming\npm\node_modules\markbind-cli\src\lib\markbind\src\parser.js:399:57)
    at Array.map (<anonymous>)
    at Parser._preprocess (C:\Users\anarayan\AppData\Roaming\npm\node_modules\markbind-cli\src\lib\markbind\src\parser.js:399:43)
    at element.children.element.children.map.e (C:\Users\anarayan\AppData\Roaming\npm\node_modules\markbind-cli\src\lib\markbind\src\parser.js:382:57)
    at Array.map (<anonymous>)
    at Parser._preprocess (C:\Users\anarayan\AppData\Roaming\npm\node_modules\markbind-cli\src\lib\markbind\src\parser.js:382:43)
2019-08-11T01:42:23.808Z - error:  Error: No such segment 'mid-v10-overview' in file: D:\Teaching\CS2113\AY1920Sem1\website\admin\project-timeline.md
Missing reference in D:\Teaching\CS2113\AY1920Sem1\website\admin\project-w04-mid-v10.md
    at Parser._preprocess (C:\Users\anarayan\AppData\Roaming\npm\node_modules\markbind-cli\src\lib\markbind\src\parser.js:325:25)
    at element.children.element.children.map.e (C:\Users\anarayan\AppData\Roaming\npm\node_modules\markbind-cli\src\lib\markbind\src\parser.js:399:57)
    at Array.map (<anonymous>)
    at Parser._preprocess (C:\Users\anarayan\AppData\Roaming\npm\node_modules\markbind-cli\src\lib\markbind\src\parser.js:399:43)
    at element.children.element.children.map.e (C:\Users\anarayan\AppData\Roaming\npm\node_modules\markbind-cli\src\lib\markbind\src\parser.js:399:57)
    at Array.map (<anonymous>)
    at Parser._preprocess (C:\Users\anarayan\AppData\Roaming\npm\node_modules\markbind-cli\src\lib\markbind\src\parser.js:399:43)
    at element.children.element.children.map.e (C:\Users\anarayan\AppData\Roaming\npm\node_modules\markbind-cli\src\lib\markbind\src\parser.js:399:57)
    at Array.map (<anonymous>)
    at Parser._preprocess (C:\Users\anarayan\AppData\Roaming\npm\node_modules\markbind-cli\src\lib\markbind\src\parser.js:399:43)
    at element.children.element.children.map.e (C:\Users\anarayan\AppData\Roaming\npm\node_modules\markbind-cli\src\lib\markbind\src\parser.js:399:57)
    at Array.map (<anonymous>)
    at Parser._preprocess (C:\Users\anarayan\AppData\Roaming\npm\node_modules\markbind-cli\src\lib\markbind\src\parser.js:399:43)
    at element.children.element.children.map.e (C:\Users\anarayan\AppData\Roaming\npm\node_modules\markbind-cli\src\lib\markbind\src\parser.js:382:57)
    at Array.map (<anonymous>)
    at Parser._preprocess (C:\Users\anarayan\AppData\Roaming\npm\node_modules\markbind-cli\src\lib\markbind\src\parser.js:382:43)
2019-08-11T01:42:23.993Z - error:  Error: No such segment 'v10-overview' in file: D:\Teaching\CS2113\AY1920Sem1\website\admin\project-timeline.md
Missing reference in D:\Teaching\CS2113\AY1920Sem1\website\admin\project-w05-v10.md
    at Parser._preprocess (C:\Users\anarayan\AppData\Roaming\npm\node_modules\markbind-cli\src\lib\markbind\src\parser.js:325:25)
    at element.children.element.children.map.e (C:\Users\anarayan\AppData\Roaming\npm\node_modules\markbind-cli\src\lib\markbind\src\parser.js:399:57)
    at Array.map (<anonymous>)
    at Parser._preprocess (C:\Users\anarayan\AppData\Roaming\npm\node_modules\markbind-cli\src\lib\markbind\src\parser.js:399:43)
    at element.children.element.children.map.e (C:\Users\anarayan\AppData\Roaming\npm\node_modules\markbind-cli\src\lib\markbind\src\parser.js:399:57)
    at Array.map (<anonymous>)
    at Parser._preprocess (C:\Users\anarayan\AppData\Roaming\npm\node_modules\markbind-cli\src\lib\markbind\src\parser.js:399:43)
    at element.children.element.children.map.e (C:\Users\anarayan\AppData\Roaming\npm\node_modules\markbind-cli\src\lib\markbind\src\parser.js:399:57)
    at Array.map (<anonymous>)
    at Parser._preprocess (C:\Users\anarayan\AppData\Roaming\npm\node_modules\markbind-cli\src\lib\markbind\src\parser.js:399:43)
    at element.children.element.children.map.e (C:\Users\anarayan\AppData\Roaming\npm\node_modules\markbind-cli\src\lib\markbind\src\parser.js:399:57)
    at Array.map (<anonymous>)
    at Parser._preprocess (C:\Users\anarayan\AppData\Roaming\npm\node_modules\markbind-cli\src\lib\markbind\src\parser.js:399:43)
    at element.children.element.children.map.e (C:\Users\anarayan\AppData\Roaming\npm\node_modules\markbind-cli\src\lib\markbind\src\parser.js:382:57)
    at Array.map (<anonymous>)
    at Parser._preprocess (C:\Users\anarayan\AppData\Roaming\npm\node_modules\markbind-cli\src\lib\markbind\src\parser.js:382:43)
2019-08-11T01:42:24.018Z - error:  Error: No such segment 'mid-v10-overview' in file: D:\Teaching\CS2113\AY1920Sem1\website\admin\project-timeline.md
Missing reference in D:\Teaching\CS2113\AY1920Sem1\website\admin\project-w04-mid-v10.md
    at Parser._preprocess (C:\Users\anarayan\AppData\Roaming\npm\node_modules\markbind-cli\src\lib\markbind\src\parser.js:325:25)
    at element.children.element.children.map.e (C:\Users\anarayan\AppData\Roaming\npm\node_modules\markbind-cli\src\lib\markbind\src\parser.js:399:57)
    at Array.map (<anonymous>)
    at Parser._preprocess (C:\Users\anarayan\AppData\Roaming\npm\node_modules\markbind-cli\src\lib\markbind\src\parser.js:399:43)
    at element.children.element.children.map.e (C:\Users\anarayan\AppData\Roaming\npm\node_modules\markbind-cli\src\lib\markbind\src\parser.js:399:57)
    at Array.map (<anonymous>)
    at Parser._preprocess (C:\Users\anarayan\AppData\Roaming\npm\node_modules\markbind-cli\src\lib\markbind\src\parser.js:399:43)
    at element.children.element.children.map.e (C:\Users\anarayan\AppData\Roaming\npm\node_modules\markbind-cli\src\lib\markbind\src\parser.js:399:57)
    at Array.map (<anonymous>)
    at Parser._preprocess (C:\Users\anarayan\AppData\Roaming\npm\node_modules\markbind-cli\src\lib\markbind\src\parser.js:399:43)
    at element.children.element.children.map.e (C:\Users\anarayan\AppData\Roaming\npm\node_modules\markbind-cli\src\lib\markbind\src\parser.js:382:57)
    at Array.map (<anonymous>)
    at Parser._preprocess (C:\Users\anarayan\AppData\Roaming\npm\node_modules\markbind-cli\src\lib\markbind\src\parser.js:382:43)
    at element.children.element.children.map.e (C:\Users\anarayan\AppData\Roaming\npm\node_modules\markbind-cli\src\lib\markbind\src\parser.js:399:57)
    at Array.map (<anonymous>)
    at Parser._preprocess (C:\Users\anarayan\AppData\Roaming\npm\node_modules\markbind-cli\src\lib\markbind\src\parser.js:399:43)
2019-08-11T01:42:24.147Z - error:  Error: No such segment 'mid-v12-overview' in file: D:\Teaching\CS2113\AY1920Sem1\website\admin\project-timeline.md
Missing reference in D:\Teaching\CS2113\AY1920Sem1\website\admin\project-w08-mid-v12.md
    at Parser._preprocess (C:\Users\anarayan\AppData\Roaming\npm\node_modules\markbind-cli\src\lib\markbind\src\parser.js:325:25)
    at element.children.element.children.map.e (C:\Users\anarayan\AppData\Roaming\npm\node_modules\markbind-cli\src\lib\markbind\src\parser.js:399:57)
    at Array.map (<anonymous>)
    at Parser._preprocess (C:\Users\anarayan\AppData\Roaming\npm\node_modules\markbind-cli\src\lib\markbind\src\parser.js:399:43)
    at element.children.element.children.map.e (C:\Users\anarayan\AppData\Roaming\npm\node_modules\markbind-cli\src\lib\markbind\src\parser.js:399:57)
    at Array.map (<anonymous>)
    at Parser._preprocess (C:\Users\anarayan\AppData\Roaming\npm\node_modules\markbind-cli\src\lib\markbind\src\parser.js:399:43)
    at element.children.element.children.map.e (C:\Users\anarayan\AppData\Roaming\npm\node_modules\markbind-cli\src\lib\markbind\src\parser.js:399:57)
    at Array.map (<anonymous>)
    at Parser._preprocess (C:\Users\anarayan\AppData\Roaming\npm\node_modules\markbind-cli\src\lib\markbind\src\parser.js:399:43)
    at element.children.element.children.map.e (C:\Users\anarayan\AppData\Roaming\npm\node_modules\markbind-cli\src\lib\markbind\src\parser.js:399:57)
    at Array.map (<anonymous>)
    at Parser._preprocess (C:\Users\anarayan\AppData\Roaming\npm\node_modules\markbind-cli\src\lib\markbind\src\parser.js:399:43)
    at element.children.element.children.map.e (C:\Users\anarayan\AppData\Roaming\npm\node_modules\markbind-cli\src\lib\markbind\src\parser.js:382:57)
    at Array.map (<anonymous>)
    at Parser._preprocess (C:\Users\anarayan\AppData\Roaming\npm\node_modules\markbind-cli\src\lib\markbind\src\parser.js:382:43)
2019-08-11T01:42:24.164Z - error:  Error: No such segment 'mid-v11-overview' in file: D:\Teaching\CS2113\AY1920Sem1\website\admin\project-timeline.md
Missing reference in D:\Teaching\CS2113\AY1920Sem1\website\admin\project-w06-mid-v11.md
    at Parser._preprocess (C:\Users\anarayan\AppData\Roaming\npm\node_modules\markbind-cli\src\lib\markbind\src\parser.js:325:25)
    at element.children.element.children.map.e (C:\Users\anarayan\AppData\Roaming\npm\node_modules\markbind-cli\src\lib\markbind\src\parser.js:399:57)
    at Array.map (<anonymous>)
    at Parser._preprocess (C:\Users\anarayan\AppData\Roaming\npm\node_modules\markbind-cli\src\lib\markbind\src\parser.js:399:43)
    at element.children.element.children.map.e (C:\Users\anarayan\AppData\Roaming\npm\node_modules\markbind-cli\src\lib\markbind\src\parser.js:399:57)
    at Array.map (<anonymous>)
    at Parser._preprocess (C:\Users\anarayan\AppData\Roaming\npm\node_modules\markbind-cli\src\lib\markbind\src\parser.js:399:43)
    at element.children.element.children.map.e (C:\Users\anarayan\AppData\Roaming\npm\node_modules\markbind-cli\src\lib\markbind\src\parser.js:399:57)
    at Array.map (<anonymous>)
    at Parser._preprocess (C:\Users\anarayan\AppData\Roaming\npm\node_modules\markbind-cli\src\lib\markbind\src\parser.js:399:43)
    at element.children.element.children.map.e (C:\Users\anarayan\AppData\Roaming\npm\node_modules\markbind-cli\src\lib\markbind\src\parser.js:382:57)
    at Array.map (<anonymous>)
    at Parser._preprocess (C:\Users\anarayan\AppData\Roaming\npm\node_modules\markbind-cli\src\lib\markbind\src\parser.js:382:43)
    at element.children.element.children.map.e (C:\Users\anarayan\AppData\Roaming\npm\node_modules\markbind-cli\src\lib\markbind\src\parser.js:399:57)
    at Array.map (<anonymous>)
    at Parser._preprocess (C:\Users\anarayan\AppData\Roaming\npm\node_modules\markbind-cli\src\lib\markbind\src\parser.js:399:43)
2019-08-11T01:42:24.273Z - error:  Error: No such segment 'v11-overview' in file: D:\Teaching\CS2113\AY1920Sem1\website\admin\project-timeline.md
Missing reference in D:\Teaching\CS2113\AY1920Sem1\website\admin\project-w07-v11.md
    at Parser._preprocess (C:\Users\anarayan\AppData\Roaming\npm\node_modules\markbind-cli\src\lib\markbind\src\parser.js:325:25)
    at element.children.element.children.map.e (C:\Users\anarayan\AppData\Roaming\npm\node_modules\markbind-cli\src\lib\markbind\src\parser.js:399:57)
    at Array.map (<anonymous>)
    at Parser._preprocess (C:\Users\anarayan\AppData\Roaming\npm\node_modules\markbind-cli\src\lib\markbind\src\parser.js:399:43)
    at element.children.element.children.map.e (C:\Users\anarayan\AppData\Roaming\npm\node_modules\markbind-cli\src\lib\markbind\src\parser.js:399:57)
    at Array.map (<anonymous>)
    at Parser._preprocess (C:\Users\anarayan\AppData\Roaming\npm\node_modules\markbind-cli\src\lib\markbind\src\parser.js:399:43)
    at element.children.element.children.map.e (C:\Users\anarayan\AppData\Roaming\npm\node_modules\markbind-cli\src\lib\markbind\src\parser.js:399:57)
    at Array.map (<anonymous>)
    at Parser._preprocess (C:\Users\anarayan\AppData\Roaming\npm\node_modules\markbind-cli\src\lib\markbind\src\parser.js:399:43)
    at element.children.element.children.map.e (C:\Users\anarayan\AppData\Roaming\npm\node_modules\markbind-cli\src\lib\markbind\src\parser.js:399:57)
    at Array.map (<anonymous>)
    at Parser._preprocess (C:\Users\anarayan\AppData\Roaming\npm\node_modules\markbind-cli\src\lib\markbind\src\parser.js:399:43)
    at element.children.element.children.map.e (C:\Users\anarayan\AppData\Roaming\npm\node_modules\markbind-cli\src\lib\markbind\src\parser.js:382:57)
    at Array.map (<anonymous>)
    at Parser._preprocess (C:\Users\anarayan\AppData\Roaming\npm\node_modules\markbind-cli\src\lib\markbind\src\parser.js:382:43)
2019-08-11T01:42:24.282Z - error:  Error: No such segment 'mid-v11-overview' in file: D:\Teaching\CS2113\AY1920Sem1\website\admin\project-timeline.md
Missing reference in D:\Teaching\CS2113\AY1920Sem1\website\admin\project-w06-mid-v11.md
    at Parser._preprocess (C:\Users\anarayan\AppData\Roaming\npm\node_modules\markbind-cli\src\lib\markbind\src\parser.js:325:25)
    at element.children.element.children.map.e (C:\Users\anarayan\AppData\Roaming\npm\node_modules\markbind-cli\src\lib\markbind\src\parser.js:399:57)
    at Array.map (<anonymous>)
    at Parser._preprocess (C:\Users\anarayan\AppData\Roaming\npm\node_modules\markbind-cli\src\lib\markbind\src\parser.js:399:43)
    at element.children.element.children.map.e (C:\Users\anarayan\AppData\Roaming\npm\node_modules\markbind-cli\src\lib\markbind\src\parser.js:399:57)
    at Array.map (<anonymous>)
    at Parser._preprocess (C:\Users\anarayan\AppData\Roaming\npm\node_modules\markbind-cli\src\lib\markbind\src\parser.js:399:43)
    at element.children.element.children.map.e (C:\Users\anarayan\AppData\Roaming\npm\node_modules\markbind-cli\src\lib\markbind\src\parser.js:399:57)
    at Array.map (<anonymous>)
    at Parser._preprocess (C:\Users\anarayan\AppData\Roaming\npm\node_modules\markbind-cli\src\lib\markbind\src\parser.js:399:43)
    at element.children.element.children.map.e (C:\Users\anarayan\AppData\Roaming\npm\node_modules\markbind-cli\src\lib\markbind\src\parser.js:382:57)
    at Array.map (<anonymous>)
    at Parser._preprocess (C:\Users\anarayan\AppData\Roaming\npm\node_modules\markbind-cli\src\lib\markbind\src\parser.js:382:43)
    at element.children.element.children.map.e (C:\Users\anarayan\AppData\Roaming\npm\node_modules\markbind-cli\src\lib\markbind\src\parser.js:399:57)
    at Array.map (<anonymous>)
    at Parser._preprocess (C:\Users\anarayan\AppData\Roaming\npm\node_modules\markbind-cli\src\lib\markbind\src\parser.js:399:43)
2019-08-11T01:42:24.377Z - error:  Error: No such segment 'mid-v11-overview' in file: D:\Teaching\CS2113\AY1920Sem1\website\admin\project-timeline.md
Missing reference in D:\Teaching\CS2113\AY1920Sem1\website\admin\project-w06-mid-v11.md
    at Parser._preprocess (C:\Users\anarayan\AppData\Roaming\npm\node_modules\markbind-cli\src\lib\markbind\src\parser.js:325:25)
    at element.children.element.children.map.e (C:\Users\anarayan\AppData\Roaming\npm\node_modules\markbind-cli\src\lib\markbind\src\parser.js:399:57)
    at Array.map (<anonymous>)
    at Parser._preprocess (C:\Users\anarayan\AppData\Roaming\npm\node_modules\markbind-cli\src\lib\markbind\src\parser.js:399:43)
    at element.children.element.children.map.e (C:\Users\anarayan\AppData\Roaming\npm\node_modules\markbind-cli\src\lib\markbind\src\parser.js:399:57)
    at Array.map (<anonymous>)
    at Parser._preprocess (C:\Users\anarayan\AppData\Roaming\npm\node_modules\markbind-cli\src\lib\markbind\src\parser.js:399:43)
    at element.children.element.children.map.e (C:\Users\anarayan\AppData\Roaming\npm\node_modules\markbind-cli\src\lib\markbind\src\parser.js:399:57)
    at Array.map (<anonymous>)
    at Parser._preprocess (C:\Users\anarayan\AppData\Roaming\npm\node_modules\markbind-cli\src\lib\markbind\src\parser.js:399:43)
    at element.children.element.children.map.e (C:\Users\anarayan\AppData\Roaming\npm\node_modules\markbind-cli\src\lib\markbind\src\parser.js:382:57)
    at Array.map (<anonymous>)
    at Parser._preprocess (C:\Users\anarayan\AppData\Roaming\npm\node_modules\markbind-cli\src\lib\markbind\src\parser.js:382:43)
    at element.children.element.children.map.e (C:\Users\anarayan\AppData\Roaming\npm\node_modules\markbind-cli\src\lib\markbind\src\parser.js:399:57)
    at Array.map (<anonymous>)
    at Parser._preprocess (C:\Users\anarayan\AppData\Roaming\npm\node_modules\markbind-cli\src\lib\markbind\src\parser.js:399:43)
2019-08-11T01:42:24.446Z - error:  Error: No such segment 'v12-overview' in file: D:\Teaching\CS2113\AY1920Sem1\website\admin\project-timeline.md
Missing reference in D:\Teaching\CS2113\AY1920Sem1\website\admin\project-w09-v12.md
    at Parser._preprocess (C:\Users\anarayan\AppData\Roaming\npm\node_modules\markbind-cli\src\lib\markbind\src\parser.js:325:25)
    at element.children.element.children.map.e (C:\Users\anarayan\AppData\Roaming\npm\node_modules\markbind-cli\src\lib\markbind\src\parser.js:399:57)
    at Array.map (<anonymous>)
    at Parser._preprocess (C:\Users\anarayan\AppData\Roaming\npm\node_modules\markbind-cli\src\lib\markbind\src\parser.js:399:43)
    at element.children.element.children.map.e (C:\Users\anarayan\AppData\Roaming\npm\node_modules\markbind-cli\src\lib\markbind\src\parser.js:399:57)
    at Array.map (<anonymous>)
    at Parser._preprocess (C:\Users\anarayan\AppData\Roaming\npm\node_modules\markbind-cli\src\lib\markbind\src\parser.js:399:43)
    at element.children.element.children.map.e (C:\Users\anarayan\AppData\Roaming\npm\node_modules\markbind-cli\src\lib\markbind\src\parser.js:399:57)
    at Array.map (<anonymous>)
    at Parser._preprocess (C:\Users\anarayan\AppData\Roaming\npm\node_modules\markbind-cli\src\lib\markbind\src\parser.js:399:43)
    at element.children.element.children.map.e (C:\Users\anarayan\AppData\Roaming\npm\node_modules\markbind-cli\src\lib\markbind\src\parser.js:399:57)
    at Array.map (<anonymous>)
    at Parser._preprocess (C:\Users\anarayan\AppData\Roaming\npm\node_modules\markbind-cli\src\lib\markbind\src\parser.js:399:43)
    at element.children.element.children.map.e (C:\Users\anarayan\AppData\Roaming\npm\node_modules\markbind-cli\src\lib\markbind\src\parser.js:382:57)
    at Array.map (<anonymous>)
    at Parser._preprocess (C:\Users\anarayan\AppData\Roaming\npm\node_modules\markbind-cli\src\lib\markbind\src\parser.js:382:43)
2019-08-11T01:42:24.473Z - error:  Error: No such segment 'mid-v11-overview' in file: D:\Teaching\CS2113\AY1920Sem1\website\admin\project-timeline.md
Missing reference in D:\Teaching\CS2113\AY1920Sem1\website\admin\project-w06-mid-v11.md
    at Parser._preprocess (C:\Users\anarayan\AppData\Roaming\npm\node_modules\markbind-cli\src\lib\markbind\src\parser.js:325:25)
    at element.children.element.children.map.e (C:\Users\anarayan\AppData\Roaming\npm\node_modules\markbind-cli\src\lib\markbind\src\parser.js:399:57)
    at Array.map (<anonymous>)
    at Parser._preprocess (C:\Users\anarayan\AppData\Roaming\npm\node_modules\markbind-cli\src\lib\markbind\src\parser.js:399:43)
    at element.children.element.children.map.e (C:\Users\anarayan\AppData\Roaming\npm\node_modules\markbind-cli\src\lib\markbind\src\parser.js:399:57)
    at Array.map (<anonymous>)
    at Parser._preprocess (C:\Users\anarayan\AppData\Roaming\npm\node_modules\markbind-cli\src\lib\markbind\src\parser.js:399:43)
    at element.children.element.children.map.e (C:\Users\anarayan\AppData\Roaming\npm\node_modules\markbind-cli\src\lib\markbind\src\parser.js:399:57)
    at Array.map (<anonymous>)
    at Parser._preprocess (C:\Users\anarayan\AppData\Roaming\npm\node_modules\markbind-cli\src\lib\markbind\src\parser.js:399:43)
    at element.children.element.children.map.e (C:\Users\anarayan\AppData\Roaming\npm\node_modules\markbind-cli\src\lib\markbind\src\parser.js:399:57)
    at Array.map (<anonymous>)
    at Parser._preprocess (C:\Users\anarayan\AppData\Roaming\npm\node_modules\markbind-cli\src\lib\markbind\src\parser.js:399:43)
    at element.children.element.children.map.e (C:\Users\anarayan\AppData\Roaming\npm\node_modules\markbind-cli\src\lib\markbind\src\parser.js:382:57)
    at Array.map (<anonymous>)
    at Parser._preprocess (C:\Users\anarayan\AppData\Roaming\npm\node_modules\markbind-cli\src\lib\markbind\src\parser.js:382:43)
2019-08-11T01:42:25.113Z - error:  Error: No such segment 'mid-v11-overview' in file: D:\Teaching\CS2113\AY1920Sem1\website\admin\project-timeline.md
Missing reference in D:\Teaching\CS2113\AY1920Sem1\website\admin\project-w06-mid-v11.md
    at Parser._preprocess (C:\Users\anarayan\AppData\Roaming\npm\node_modules\markbind-cli\src\lib\markbind\src\parser.js:325:25)
    at element.children.element.children.map.e (C:\Users\anarayan\AppData\Roaming\npm\node_modules\markbind-cli\src\lib\markbind\src\parser.js:399:57)
    at Array.map (<anonymous>)
    at Parser._preprocess (C:\Users\anarayan\AppData\Roaming\npm\node_modules\markbind-cli\src\lib\markbind\src\parser.js:399:43)
    at element.children.element.children.map.e (C:\Users\anarayan\AppData\Roaming\npm\node_modules\markbind-cli\src\lib\markbind\src\parser.js:399:57)
    at Array.map (<anonymous>)
    at Parser._preprocess (C:\Users\anarayan\AppData\Roaming\npm\node_modules\markbind-cli\src\lib\markbind\src\parser.js:399:43)
    at element.children.element.children.map.e (C:\Users\anarayan\AppData\Roaming\npm\node_modules\markbind-cli\src\lib\markbind\src\parser.js:399:57)
    at Array.map (<anonymous>)
    at Parser._preprocess (C:\Users\anarayan\AppData\Roaming\npm\node_modules\markbind-cli\src\lib\markbind\src\parser.js:399:43)
    at element.children.element.children.map.e (C:\Users\anarayan\AppData\Roaming\npm\node_modules\markbind-cli\src\lib\markbind\src\parser.js:382:57)
    at Array.map (<anonymous>)
    at Parser._preprocess (C:\Users\anarayan\AppData\Roaming\npm\node_modules\markbind-cli\src\lib\markbind\src\parser.js:382:43)
    at element.children.element.children.map.e (C:\Users\anarayan\AppData\Roaming\npm\node_modules\markbind-cli\src\lib\markbind\src\parser.js:399:57)
    at Array.map (<anonymous>)
    at Parser._preprocess (C:\Users\anarayan\AppData\Roaming\npm\node_modules\markbind-cli\src\lib\markbind\src\parser.js:399:43)
2019-08-11T01:42:28.229Z - error:  Error: No such segment 'mid-v11-overview' in file: D:\Teaching\CS2113\AY1920Sem1\website\admin\project-timeline.md
Missing reference in D:\Teaching\CS2113\AY1920Sem1\website\admin\project-w06-mid-v11.md
    at Parser._preprocess (C:\Users\anarayan\AppData\Roaming\npm\node_modules\markbind-cli\src\lib\markbind\src\parser.js:325:25)
    at element.children.element.children.map.e (C:\Users\anarayan\AppData\Roaming\npm\node_modules\markbind-cli\src\lib\markbind\src\parser.js:399:57)
    at Array.map (<anonymous>)
    at Parser._preprocess (C:\Users\anarayan\AppData\Roaming\npm\node_modules\markbind-cli\src\lib\markbind\src\parser.js:399:43)
    at element.children.element.children.map.e (C:\Users\anarayan\AppData\Roaming\npm\node_modules\markbind-cli\src\lib\markbind\src\parser.js:399:57)
    at Array.map (<anonymous>)
    at Parser._preprocess (C:\Users\anarayan\AppData\Roaming\npm\node_modules\markbind-cli\src\lib\markbind\src\parser.js:399:43)
    at element.children.element.children.map.e (C:\Users\anarayan\AppData\Roaming\npm\node_modules\markbind-cli\src\lib\markbind\src\parser.js:399:57)
    at Array.map (<anonymous>)
    at Parser._preprocess (C:\Users\anarayan\AppData\Roaming\npm\node_modules\markbind-cli\src\lib\markbind\src\parser.js:399:43)
    at element.children.element.children.map.e (C:\Users\anarayan\AppData\Roaming\npm\node_modules\markbind-cli\src\lib\markbind\src\parser.js:399:57)
    at Array.map (<anonymous>)
    at Parser._preprocess (C:\Users\anarayan\AppData\Roaming\npm\node_modules\markbind-cli\src\lib\markbind\src\parser.js:399:43)
    at element.children.element.children.map.e (C:\Users\anarayan\AppData\Roaming\npm\node_modules\markbind-cli\src\lib\markbind\src\parser.js:399:57)
    at Array.map (<anonymous>)
    at Parser._preprocess (C:\Users\anarayan\AppData\Roaming\npm\node_modules\markbind-cli\src\lib\markbind\src\parser.js:399:43)
2019-08-11T01:42:28.321Z - error:  Error: No such segment 'inception-overview' in file: D:\Teaching\CS2113\AY1920Sem1\website\admin\project-timeline.md
Missing reference in D:\Teaching\CS2113\AY1920Sem1\website\admin\project-w03-inception.md
    at Parser._preprocess (C:\Users\anarayan\AppData\Roaming\npm\node_modules\markbind-cli\src\lib\markbind\src\parser.js:325:25)
    at element.children.element.children.map.e (C:\Users\anarayan\AppData\Roaming\npm\node_modules\markbind-cli\src\lib\markbind\src\parser.js:399:57)
    at Array.map (<anonymous>)
    at Parser._preprocess (C:\Users\anarayan\AppData\Roaming\npm\node_modules\markbind-cli\src\lib\markbind\src\parser.js:399:43)
    at element.children.element.children.map.e (C:\Users\anarayan\AppData\Roaming\npm\node_modules\markbind-cli\src\lib\markbind\src\parser.js:399:57)
    at Array.map (<anonymous>)
    at Parser._preprocess (C:\Users\anarayan\AppData\Roaming\npm\node_modules\markbind-cli\src\lib\markbind\src\parser.js:399:43)
    at element.children.element.children.map.e (C:\Users\anarayan\AppData\Roaming\npm\node_modules\markbind-cli\src\lib\markbind\src\parser.js:399:57)
    at Array.map (<anonymous>)
    at Parser._preprocess (C:\Users\anarayan\AppData\Roaming\npm\node_modules\markbind-cli\src\lib\markbind\src\parser.js:399:43)
    at element.children.element.children.map.e (C:\Users\anarayan\AppData\Roaming\npm\node_modules\markbind-cli\src\lib\markbind\src\parser.js:399:57)
    at Array.map (<anonymous>)
    at Parser._preprocess (C:\Users\anarayan\AppData\Roaming\npm\node_modules\markbind-cli\src\lib\markbind\src\parser.js:399:43)
    at element.children.element.children.map.e (C:\Users\anarayan\AppData\Roaming\npm\node_modules\markbind-cli\src\lib\markbind\src\parser.js:399:57)
    at Array.map (<anonymous>)
    at Parser._preprocess (C:\Users\anarayan\AppData\Roaming\npm\node_modules\markbind-cli\src\lib\markbind\src\parser.js:399:43)
2019-08-11T01:42:28.335Z - error:  Error: No such segment 'mid-v10-overview' in file: D:\Teaching\CS2113\AY1920Sem1\website\admin\project-timeline.md
Missing reference in D:\Teaching\CS2113\AY1920Sem1\website\admin\project-w04-mid-v10.md
    at Parser._preprocess (C:\Users\anarayan\AppData\Roaming\npm\node_modules\markbind-cli\src\lib\markbind\src\parser.js:325:25)
    at element.children.element.children.map.e (C:\Users\anarayan\AppData\Roaming\npm\node_modules\markbind-cli\src\lib\markbind\src\parser.js:399:57)
    at Array.map (<anonymous>)
    at Parser._preprocess (C:\Users\anarayan\AppData\Roaming\npm\node_modules\markbind-cli\src\lib\markbind\src\parser.js:399:43)
    at element.children.element.children.map.e (C:\Users\anarayan\AppData\Roaming\npm\node_modules\markbind-cli\src\lib\markbind\src\parser.js:399:57)
    at Array.map (<anonymous>)
    at Parser._preprocess (C:\Users\anarayan\AppData\Roaming\npm\node_modules\markbind-cli\src\lib\markbind\src\parser.js:399:43)
    at element.children.element.children.map.e (C:\Users\anarayan\AppData\Roaming\npm\node_modules\markbind-cli\src\lib\markbind\src\parser.js:399:57)
    at Array.map (<anonymous>)
    at Parser._preprocess (C:\Users\anarayan\AppData\Roaming\npm\node_modules\markbind-cli\src\lib\markbind\src\parser.js:399:43)
    at element.children.element.children.map.e (C:\Users\anarayan\AppData\Roaming\npm\node_modules\markbind-cli\src\lib\markbind\src\parser.js:399:57)
    at Array.map (<anonymous>)
    at Parser._preprocess (C:\Users\anarayan\AppData\Roaming\npm\node_modules\markbind-cli\src\lib\markbind\src\parser.js:399:43)
    at element.children.element.children.map.e (C:\Users\anarayan\AppData\Roaming\npm\node_modules\markbind-cli\src\lib\markbind\src\parser.js:399:57)
    at Array.map (<anonymous>)
    at Parser._preprocess (C:\Users\anarayan\AppData\Roaming\npm\node_modules\markbind-cli\src\lib\markbind\src\parser.js:399:43)
2019-08-11T01:42:28.457Z - error:  Error: No such segment 'v10-overview' in file: D:\Teaching\CS2113\AY1920Sem1\website\admin\project-timeline.md
Missing reference in D:\Teaching\CS2113\AY1920Sem1\website\admin\project-w05-v10.md
    at Parser._preprocess (C:\Users\anarayan\AppData\Roaming\npm\node_modules\markbind-cli\src\lib\markbind\src\parser.js:325:25)
    at element.children.element.children.map.e (C:\Users\anarayan\AppData\Roaming\npm\node_modules\markbind-cli\src\lib\markbind\src\parser.js:399:57)
    at Array.map (<anonymous>)
    at Parser._preprocess (C:\Users\anarayan\AppData\Roaming\npm\node_modules\markbind-cli\src\lib\markbind\src\parser.js:399:43)
    at element.children.element.children.map.e (C:\Users\anarayan\AppData\Roaming\npm\node_modules\markbind-cli\src\lib\markbind\src\parser.js:399:57)
    at Array.map (<anonymous>)
    at Parser._preprocess (C:\Users\anarayan\AppData\Roaming\npm\node_modules\markbind-cli\src\lib\markbind\src\parser.js:399:43)
    at element.children.element.children.map.e (C:\Users\anarayan\AppData\Roaming\npm\node_modules\markbind-cli\src\lib\markbind\src\parser.js:399:57)
    at Array.map (<anonymous>)
    at Parser._preprocess (C:\Users\anarayan\AppData\Roaming\npm\node_modules\markbind-cli\src\lib\markbind\src\parser.js:399:43)
    at element.children.element.children.map.e (C:\Users\anarayan\AppData\Roaming\npm\node_modules\markbind-cli\src\lib\markbind\src\parser.js:399:57)
    at Array.map (<anonymous>)
    at Parser._preprocess (C:\Users\anarayan\AppData\Roaming\npm\node_modules\markbind-cli\src\lib\markbind\src\parser.js:399:43)
    at element.children.element.children.map.e (C:\Users\anarayan\AppData\Roaming\npm\node_modules\markbind-cli\src\lib\markbind\src\parser.js:399:57)
    at Array.map (<anonymous>)
    at Parser._preprocess (C:\Users\anarayan\AppData\Roaming\npm\node_modules\markbind-cli\src\lib\markbind\src\parser.js:399:43)
2019-08-11T01:42:28.488Z - error:  Error: No such segment 'mid-v10-overview' in file: D:\Teaching\CS2113\AY1920Sem1\website\admin\project-timeline.md
Missing reference in D:\Teaching\CS2113\AY1920Sem1\website\admin\project-w04-mid-v10.md
    at Parser._preprocess (C:\Users\anarayan\AppData\Roaming\npm\node_modules\markbind-cli\src\lib\markbind\src\parser.js:325:25)
    at element.children.element.children.map.e (C:\Users\anarayan\AppData\Roaming\npm\node_modules\markbind-cli\src\lib\markbind\src\parser.js:399:57)
    at Array.map (<anonymous>)
    at Parser._preprocess (C:\Users\anarayan\AppData\Roaming\npm\node_modules\markbind-cli\src\lib\markbind\src\parser.js:399:43)
    at element.children.element.children.map.e (C:\Users\anarayan\AppData\Roaming\npm\node_modules\markbind-cli\src\lib\markbind\src\parser.js:399:57)
    at Array.map (<anonymous>)
    at Parser._preprocess (C:\Users\anarayan\AppData\Roaming\npm\node_modules\markbind-cli\src\lib\markbind\src\parser.js:399:43)
    at element.children.element.children.map.e (C:\Users\anarayan\AppData\Roaming\npm\node_modules\markbind-cli\src\lib\markbind\src\parser.js:399:57)
    at Array.map (<anonymous>)
    at Parser._preprocess (C:\Users\anarayan\AppData\Roaming\npm\node_modules\markbind-cli\src\lib\markbind\src\parser.js:399:43)
    at element.children.element.children.map.e (C:\Users\anarayan\AppData\Roaming\npm\node_modules\markbind-cli\src\lib\markbind\src\parser.js:382:57)
    at Array.map (<anonymous>)
    at Parser._preprocess (C:\Users\anarayan\AppData\Roaming\npm\node_modules\markbind-cli\src\lib\markbind\src\parser.js:382:43)
    at element.children.element.children.map.e (C:\Users\anarayan\AppData\Roaming\npm\node_modules\markbind-cli\src\lib\markbind\src\parser.js:399:57)
    at Array.map (<anonymous>)
    at Parser._preprocess (C:\Users\anarayan\AppData\Roaming\npm\node_modules\markbind-cli\src\lib\markbind\src\parser.js:399:43)
2019-08-11T01:42:28.612Z - error:  Error: No such segment 'v11-overview' in file: D:\Teaching\CS2113\AY1920Sem1\website\admin\project-timeline.md
Missing reference in D:\Teaching\CS2113\AY1920Sem1\website\admin\project-w07-v11.md
    at Parser._preprocess (C:\Users\anarayan\AppData\Roaming\npm\node_modules\markbind-cli\src\lib\markbind\src\parser.js:325:25)
    at element.children.element.children.map.e (C:\Users\anarayan\AppData\Roaming\npm\node_modules\markbind-cli\src\lib\markbind\src\parser.js:399:57)
    at Array.map (<anonymous>)
    at Parser._preprocess (C:\Users\anarayan\AppData\Roaming\npm\node_modules\markbind-cli\src\lib\markbind\src\parser.js:399:43)
    at element.children.element.children.map.e (C:\Users\anarayan\AppData\Roaming\npm\node_modules\markbind-cli\src\lib\markbind\src\parser.js:399:57)
    at Array.map (<anonymous>)
    at Parser._preprocess (C:\Users\anarayan\AppData\Roaming\npm\node_modules\markbind-cli\src\lib\markbind\src\parser.js:399:43)
    at element.children.element.children.map.e (C:\Users\anarayan\AppData\Roaming\npm\node_modules\markbind-cli\src\lib\markbind\src\parser.js:399:57)
    at Array.map (<anonymous>)
    at Parser._preprocess (C:\Users\anarayan\AppData\Roaming\npm\node_modules\markbind-cli\src\lib\markbind\src\parser.js:399:43)
    at element.children.element.children.map.e (C:\Users\anarayan\AppData\Roaming\npm\node_modules\markbind-cli\src\lib\markbind\src\parser.js:399:57)
    at Array.map (<anonymous>)
    at Parser._preprocess (C:\Users\anarayan\AppData\Roaming\npm\node_modules\markbind-cli\src\lib\markbind\src\parser.js:399:43)
    at element.children.element.children.map.e (C:\Users\anarayan\AppData\Roaming\npm\node_modules\markbind-cli\src\lib\markbind\src\parser.js:399:57)
    at Array.map (<anonymous>)
    at Parser._preprocess (C:\Users\anarayan\AppData\Roaming\npm\node_modules\markbind-cli\src\lib\markbind\src\parser.js:399:43)
2019-08-11T01:42:28.622Z - error:  Error: No such segment 'mid-v11-overview' in file: D:\Teaching\CS2113\AY1920Sem1\website\admin\project-timeline.md
Missing reference in D:\Teaching\CS2113\AY1920Sem1\website\admin\project-w06-mid-v11.md
    at Parser._preprocess (C:\Users\anarayan\AppData\Roaming\npm\node_modules\markbind-cli\src\lib\markbind\src\parser.js:325:25)
    at element.children.element.children.map.e (C:\Users\anarayan\AppData\Roaming\npm\node_modules\markbind-cli\src\lib\markbind\src\parser.js:399:57)
    at Array.map (<anonymous>)
    at Parser._preprocess (C:\Users\anarayan\AppData\Roaming\npm\node_modules\markbind-cli\src\lib\markbind\src\parser.js:399:43)
    at element.children.element.children.map.e (C:\Users\anarayan\AppData\Roaming\npm\node_modules\markbind-cli\src\lib\markbind\src\parser.js:399:57)
    at Array.map (<anonymous>)
    at Parser._preprocess (C:\Users\anarayan\AppData\Roaming\npm\node_modules\markbind-cli\src\lib\markbind\src\parser.js:399:43)
    at element.children.element.children.map.e (C:\Users\anarayan\AppData\Roaming\npm\node_modules\markbind-cli\src\lib\markbind\src\parser.js:399:57)
    at Array.map (<anonymous>)
    at Parser._preprocess (C:\Users\anarayan\AppData\Roaming\npm\node_modules\markbind-cli\src\lib\markbind\src\parser.js:399:43)
    at element.children.element.children.map.e (C:\Users\anarayan\AppData\Roaming\npm\node_modules\markbind-cli\src\lib\markbind\src\parser.js:382:57)
    at Array.map (<anonymous>)
    at Parser._preprocess (C:\Users\anarayan\AppData\Roaming\npm\node_modules\markbind-cli\src\lib\markbind\src\parser.js:382:43)
    at element.children.element.children.map.e (C:\Users\anarayan\AppData\Roaming\npm\node_modules\markbind-cli\src\lib\markbind\src\parser.js:399:57)
    at Array.map (<anonymous>)
    at Parser._preprocess (C:\Users\anarayan\AppData\Roaming\npm\node_modules\markbind-cli\src\lib\markbind\src\parser.js:399:43)
2019-08-11T01:42:28.723Z - error:  Error: No such segment 'mid-v11-overview' in file: D:\Teaching\CS2113\AY1920Sem1\website\admin\project-timeline.md
Missing reference in D:\Teaching\CS2113\AY1920Sem1\website\admin\project-w06-mid-v11.md
    at Parser._preprocess (C:\Users\anarayan\AppData\Roaming\npm\node_modules\markbind-cli\src\lib\markbind\src\parser.js:325:25)
    at element.children.element.children.map.e (C:\Users\anarayan\AppData\Roaming\npm\node_modules\markbind-cli\src\lib\markbind\src\parser.js:399:57)
    at Array.map (<anonymous>)
    at Parser._preprocess (C:\Users\anarayan\AppData\Roaming\npm\node_modules\markbind-cli\src\lib\markbind\src\parser.js:399:43)
    at element.children.element.children.map.e (C:\Users\anarayan\AppData\Roaming\npm\node_modules\markbind-cli\src\lib\markbind\src\parser.js:399:57)
    at Array.map (<anonymous>)
    at Parser._preprocess (C:\Users\anarayan\AppData\Roaming\npm\node_modules\markbind-cli\src\lib\markbind\src\parser.js:399:43)
    at element.children.element.children.map.e (C:\Users\anarayan\AppData\Roaming\npm\node_modules\markbind-cli\src\lib\markbind\src\parser.js:399:57)
    at Array.map (<anonymous>)
    at Parser._preprocess (C:\Users\anarayan\AppData\Roaming\npm\node_modules\markbind-cli\src\lib\markbind\src\parser.js:399:43)
    at element.children.element.children.map.e (C:\Users\anarayan\AppData\Roaming\npm\node_modules\markbind-cli\src\lib\markbind\src\parser.js:382:57)
    at Array.map (<anonymous>)
    at Parser._preprocess (C:\Users\anarayan\AppData\Roaming\npm\node_modules\markbind-cli\src\lib\markbind\src\parser.js:382:43)
    at element.children.element.children.map.e (C:\Users\anarayan\AppData\Roaming\npm\node_modules\markbind-cli\src\lib\markbind\src\parser.js:399:57)
    at Array.map (<anonymous>)
    at Parser._preprocess (C:\Users\anarayan\AppData\Roaming\npm\node_modules\markbind-cli\src\lib\markbind\src\parser.js:399:43)
2019-08-11T01:42:28.795Z - error:  Error: No such segment 'mid-v12-overview' in file: D:\Teaching\CS2113\AY1920Sem1\website\admin\project-timeline.md
Missing reference in D:\Teaching\CS2113\AY1920Sem1\website\admin\project-w08-mid-v12.md
    at Parser._preprocess (C:\Users\anarayan\AppData\Roaming\npm\node_modules\markbind-cli\src\lib\markbind\src\parser.js:325:25)
    at element.children.element.children.map.e (C:\Users\anarayan\AppData\Roaming\npm\node_modules\markbind-cli\src\lib\markbind\src\parser.js:399:57)
    at Array.map (<anonymous>)
    at Parser._preprocess (C:\Users\anarayan\AppData\Roaming\npm\node_modules\markbind-cli\src\lib\markbind\src\parser.js:399:43)
    at element.children.element.children.map.e (C:\Users\anarayan\AppData\Roaming\npm\node_modules\markbind-cli\src\lib\markbind\src\parser.js:399:57)
    at Array.map (<anonymous>)
    at Parser._preprocess (C:\Users\anarayan\AppData\Roaming\npm\node_modules\markbind-cli\src\lib\markbind\src\parser.js:399:43)
    at element.children.element.children.map.e (C:\Users\anarayan\AppData\Roaming\npm\node_modules\markbind-cli\src\lib\markbind\src\parser.js:399:57)
    at Array.map (<anonymous>)
    at Parser._preprocess (C:\Users\anarayan\AppData\Roaming\npm\node_modules\markbind-cli\src\lib\markbind\src\parser.js:399:43)
    at element.children.element.children.map.e (C:\Users\anarayan\AppData\Roaming\npm\node_modules\markbind-cli\src\lib\markbind\src\parser.js:399:57)
    at Array.map (<anonymous>)
    at Parser._preprocess (C:\Users\anarayan\AppData\Roaming\npm\node_modules\markbind-cli\src\lib\markbind\src\parser.js:399:43)
    at element.children.element.children.map.e (C:\Users\anarayan\AppData\Roaming\npm\node_modules\markbind-cli\src\lib\markbind\src\parser.js:399:57)
    at Array.map (<anonymous>)
    at Parser._preprocess (C:\Users\anarayan\AppData\Roaming\npm\node_modules\markbind-cli\src\lib\markbind\src\parser.js:399:43)
2019-08-11T01:42:28.815Z - error:  Error: No such segment 'mid-v11-overview' in file: D:\Teaching\CS2113\AY1920Sem1\website\admin\project-timeline.md
Missing reference in D:\Teaching\CS2113\AY1920Sem1\website\admin\project-w06-mid-v11.md
    at Parser._preprocess (C:\Users\anarayan\AppData\Roaming\npm\node_modules\markbind-cli\src\lib\markbind\src\parser.js:325:25)
    at element.children.element.children.map.e (C:\Users\anarayan\AppData\Roaming\npm\node_modules\markbind-cli\src\lib\markbind\src\parser.js:399:57)
    at Array.map (<anonymous>)
    at Parser._preprocess (C:\Users\anarayan\AppData\Roaming\npm\node_modules\markbind-cli\src\lib\markbind\src\parser.js:399:43)
    at element.children.element.children.map.e (C:\Users\anarayan\AppData\Roaming\npm\node_modules\markbind-cli\src\lib\markbind\src\parser.js:399:57)
    at Array.map (<anonymous>)
    at Parser._preprocess (C:\Users\anarayan\AppData\Roaming\npm\node_modules\markbind-cli\src\lib\markbind\src\parser.js:399:43)
    at element.children.element.children.map.e (C:\Users\anarayan\AppData\Roaming\npm\node_modules\markbind-cli\src\lib\markbind\src\parser.js:399:57)
    at Array.map (<anonymous>)
    at Parser._preprocess (C:\Users\anarayan\AppData\Roaming\npm\node_modules\markbind-cli\src\lib\markbind\src\parser.js:399:43)
    at element.children.element.children.map.e (C:\Users\anarayan\AppData\Roaming\npm\node_modules\markbind-cli\src\lib\markbind\src\parser.js:382:57)
    at Array.map (<anonymous>)
    at Parser._preprocess (C:\Users\anarayan\AppData\Roaming\npm\node_modules\markbind-cli\src\lib\markbind\src\parser.js:382:43)
    at element.children.element.children.map.e (C:\Users\anarayan\AppData\Roaming\npm\node_modules\markbind-cli\src\lib\markbind\src\parser.js:399:57)
    at Array.map (<anonymous>)
    at Parser._preprocess (C:\Users\anarayan\AppData\Roaming\npm\node_modules\markbind-cli\src\lib\markbind\src\parser.js:399:43)
2019-08-11T01:42:28.923Z - error:  Error: No such segment 'mid-v13-overview' in file: D:\Teaching\CS2113\AY1920Sem1\website\admin\project-timeline.md
Missing reference in D:\Teaching\CS2113\AY1920Sem1\website\admin\project-w10-mid-v13.md
    at Parser._preprocess (C:\Users\anarayan\AppData\Roaming\npm\node_modules\markbind-cli\src\lib\markbind\src\parser.js:325:25)
    at element.children.element.children.map.e (C:\Users\anarayan\AppData\Roaming\npm\node_modules\markbind-cli\src\lib\markbind\src\parser.js:399:57)
    at Array.map (<anonymous>)
    at Parser._preprocess (C:\Users\anarayan\AppData\Roaming\npm\node_modules\markbind-cli\src\lib\markbind\src\parser.js:399:43)
    at element.children.element.children.map.e (C:\Users\anarayan\AppData\Roaming\npm\node_modules\markbind-cli\src\lib\markbind\src\parser.js:399:57)
    at Array.map (<anonymous>)
    at Parser._preprocess (C:\Users\anarayan\AppData\Roaming\npm\node_modules\markbind-cli\src\lib\markbind\src\parser.js:399:43)
    at element.children.element.children.map.e (C:\Users\anarayan\AppData\Roaming\npm\node_modules\markbind-cli\src\lib\markbind\src\parser.js:399:57)
    at Array.map (<anonymous>)
    at Parser._preprocess (C:\Users\anarayan\AppData\Roaming\npm\node_modules\markbind-cli\src\lib\markbind\src\parser.js:399:43)
    at element.children.element.children.map.e (C:\Users\anarayan\AppData\Roaming\npm\node_modules\markbind-cli\src\lib\markbind\src\parser.js:399:57)
    at Array.map (<anonymous>)
    at Parser._preprocess (C:\Users\anarayan\AppData\Roaming\npm\node_modules\markbind-cli\src\lib\markbind\src\parser.js:399:43)
    at element.children.element.children.map.e (C:\Users\anarayan\AppData\Roaming\npm\node_modules\markbind-cli\src\lib\markbind\src\parser.js:399:57)
    at Array.map (<anonymous>)
    at Parser._preprocess (C:\Users\anarayan\AppData\Roaming\npm\node_modules\markbind-cli\src\lib\markbind\src\parser.js:399:43)
2019-08-11T01:42:28.932Z - error:  Error: No such segment 'v13-overview' in file: D:\Teaching\CS2113\AY1920Sem1\website\admin\project-timeline.md
Missing reference in D:\Teaching\CS2113\AY1920Sem1\website\admin\project-w11-v13.md
    at Parser._preprocess (C:\Users\anarayan\AppData\Roaming\npm\node_modules\markbind-cli\src\lib\markbind\src\parser.js:325:25)
    at element.children.element.children.map.e (C:\Users\anarayan\AppData\Roaming\npm\node_modules\markbind-cli\src\lib\markbind\src\parser.js:399:57)
    at Array.map (<anonymous>)
    at Parser._preprocess (C:\Users\anarayan\AppData\Roaming\npm\node_modules\markbind-cli\src\lib\markbind\src\parser.js:399:43)
    at element.children.element.children.map.e (C:\Users\anarayan\AppData\Roaming\npm\node_modules\markbind-cli\src\lib\markbind\src\parser.js:399:57)
    at Array.map (<anonymous>)
    at Parser._preprocess (C:\Users\anarayan\AppData\Roaming\npm\node_modules\markbind-cli\src\lib\markbind\src\parser.js:399:43)
    at element.children.element.children.map.e (C:\Users\anarayan\AppData\Roaming\npm\node_modules\markbind-cli\src\lib\markbind\src\parser.js:399:57)
    at Array.map (<anonymous>)
    at Parser._preprocess (C:\Users\anarayan\AppData\Roaming\npm\node_modules\markbind-cli\src\lib\markbind\src\parser.js:399:43)
    at element.children.element.children.map.e (C:\Users\anarayan\AppData\Roaming\npm\node_modules\markbind-cli\src\lib\markbind\src\parser.js:399:57)
    at Array.map (<anonymous>)
    at Parser._preprocess (C:\Users\anarayan\AppData\Roaming\npm\node_modules\markbind-cli\src\lib\markbind\src\parser.js:399:43)
    at element.children.element.children.map.e (C:\Users\anarayan\AppData\Roaming\npm\node_modules\markbind-cli\src\lib\markbind\src\parser.js:399:57)
    at Array.map (<anonymous>)
    at Parser._preprocess (C:\Users\anarayan\AppData\Roaming\npm\node_modules\markbind-cli\src\lib\markbind\src\parser.js:399:43)
2019-08-11T01:42:29.046Z - error:  Error: No such segment 'v12-overview' in file: D:\Teaching\CS2113\AY1920Sem1\website\admin\project-timeline.md
Missing reference in D:\Teaching\CS2113\AY1920Sem1\website\admin\project-w09-v12.md
    at Parser._preprocess (C:\Users\anarayan\AppData\Roaming\npm\node_modules\markbind-cli\src\lib\markbind\src\parser.js:325:25)
    at element.children.element.children.map.e (C:\Users\anarayan\AppData\Roaming\npm\node_modules\markbind-cli\src\lib\markbind\src\parser.js:399:57)
    at Array.map (<anonymous>)
    at Parser._preprocess (C:\Users\anarayan\AppData\Roaming\npm\node_modules\markbind-cli\src\lib\markbind\src\parser.js:399:43)
    at element.children.element.children.map.e (C:\Users\anarayan\AppData\Roaming\npm\node_modules\markbind-cli\src\lib\markbind\src\parser.js:399:57)
    at Array.map (<anonymous>)
    at Parser._preprocess (C:\Users\anarayan\AppData\Roaming\npm\node_modules\markbind-cli\src\lib\markbind\src\parser.js:399:43)
    at element.children.element.children.map.e (C:\Users\anarayan\AppData\Roaming\npm\node_modules\markbind-cli\src\lib\markbind\src\parser.js:399:57)
    at Array.map (<anonymous>)
    at Parser._preprocess (C:\Users\anarayan\AppData\Roaming\npm\node_modules\markbind-cli\src\lib\markbind\src\parser.js:399:43)
    at element.children.element.children.map.e (C:\Users\anarayan\AppData\Roaming\npm\node_modules\markbind-cli\src\lib\markbind\src\parser.js:399:57)
    at Array.map (<anonymous>)
    at Parser._preprocess (C:\Users\anarayan\AppData\Roaming\npm\node_modules\markbind-cli\src\lib\markbind\src\parser.js:399:43)
    at element.children.element.children.map.e (C:\Users\anarayan\AppData\Roaming\npm\node_modules\markbind-cli\src\lib\markbind\src\parser.js:399:57)
    at Array.map (<anonymous>)
    at Parser._preprocess (C:\Users\anarayan\AppData\Roaming\npm\node_modules\markbind-cli\src\lib\markbind\src\parser.js:399:43)
2019-08-11T01:42:29.112Z - error:  Error: No such segment 'mid-v14-overview' in file: D:\Teaching\CS2113\AY1920Sem1\website\admin\project-timeline.md
Missing reference in D:\Teaching\CS2113\AY1920Sem1\website\admin\project-w12-mid-v14.md
    at Parser._preprocess (C:\Users\anarayan\AppData\Roaming\npm\node_modules\markbind-cli\src\lib\markbind\src\parser.js:325:25)
    at element.children.element.children.map.e (C:\Users\anarayan\AppData\Roaming\npm\node_modules\markbind-cli\src\lib\markbind\src\parser.js:399:57)
    at Array.map (<anonymous>)
    at Parser._preprocess (C:\Users\anarayan\AppData\Roaming\npm\node_modules\markbind-cli\src\lib\markbind\src\parser.js:399:43)
    at element.children.element.children.map.e (C:\Users\anarayan\AppData\Roaming\npm\node_modules\markbind-cli\src\lib\markbind\src\parser.js:399:57)
    at Array.map (<anonymous>)
    at Parser._preprocess (C:\Users\anarayan\AppData\Roaming\npm\node_modules\markbind-cli\src\lib\markbind\src\parser.js:399:43)
    at element.children.element.children.map.e (C:\Users\anarayan\AppData\Roaming\npm\node_modules\markbind-cli\src\lib\markbind\src\parser.js:399:57)
    at Array.map (<anonymous>)
    at Parser._preprocess (C:\Users\anarayan\AppData\Roaming\npm\node_modules\markbind-cli\src\lib\markbind\src\parser.js:399:43)
    at element.children.element.children.map.e (C:\Users\anarayan\AppData\Roaming\npm\node_modules\markbind-cli\src\lib\markbind\src\parser.js:399:57)
    at Array.map (<anonymous>)
    at Parser._preprocess (C:\Users\anarayan\AppData\Roaming\npm\node_modules\markbind-cli\src\lib\markbind\src\parser.js:399:43)
    at element.children.element.children.map.e (C:\Users\anarayan\AppData\Roaming\npm\node_modules\markbind-cli\src\lib\markbind\src\parser.js:399:57)
    at Array.map (<anonymous>)
    at Parser._preprocess (C:\Users\anarayan\AppData\Roaming\npm\node_modules\markbind-cli\src\lib\markbind\src\parser.js:399:43)
2019-08-11T01:42:29.470Z - error:  Error: No such segment 'v14-overview' in file: D:\Teaching\CS2113\AY1920Sem1\website\admin\project-timeline.md
Missing reference in D:\Teaching\CS2113\AY1920Sem1\website\admin\project-w13-v14.md
    at Parser._preprocess (C:\Users\anarayan\AppData\Roaming\npm\node_modules\markbind-cli\src\lib\markbind\src\parser.js:325:25)
    at element.children.element.children.map.e (C:\Users\anarayan\AppData\Roaming\npm\node_modules\markbind-cli\src\lib\markbind\src\parser.js:399:57)
    at Array.map (<anonymous>)
    at Parser._preprocess (C:\Users\anarayan\AppData\Roaming\npm\node_modules\markbind-cli\src\lib\markbind\src\parser.js:399:43)
    at element.children.element.children.map.e (C:\Users\anarayan\AppData\Roaming\npm\node_modules\markbind-cli\src\lib\markbind\src\parser.js:399:57)
    at Array.map (<anonymous>)
    at Parser._preprocess (C:\Users\anarayan\AppData\Roaming\npm\node_modules\markbind-cli\src\lib\markbind\src\parser.js:399:43)
    at element.children.element.children.map.e (C:\Users\anarayan\AppData\Roaming\npm\node_modules\markbind-cli\src\lib\markbind\src\parser.js:399:57)
    at Array.map (<anonymous>)
    at Parser._preprocess (C:\Users\anarayan\AppData\Roaming\npm\node_modules\markbind-cli\src\lib\markbind\src\parser.js:399:43)
    at element.children.element.children.map.e (C:\Users\anarayan\AppData\Roaming\npm\node_modules\markbind-cli\src\lib\markbind\src\parser.js:399:57)
    at Array.map (<anonymous>)
    at Parser._preprocess (C:\Users\anarayan\AppData\Roaming\npm\node_modules\markbind-cli\src\lib\markbind\src\parser.js:399:43)
    at element.children.element.children.map.e (C:\Users\anarayan\AppData\Roaming\npm\node_modules\markbind-cli\src\lib\markbind\src\parser.js:399:57)
    at Array.map (<anonymous>)
    at Parser._preprocess (C:\Users\anarayan\AppData\Roaming\npm\node_modules\markbind-cli\src\lib\markbind\src\parser.js:399:43)
2019-08-11T01:42:31.693Z - error:  Error: No such segment 'mid-v11-overview' in file: D:\Teaching\CS2113\AY1920Sem1\website\admin\project-timeline.md
Missing reference in D:\Teaching\CS2113\AY1920Sem1\website\admin\project-w06-mid-v11.md
    at Parser._preprocess (C:\Users\anarayan\AppData\Roaming\npm\node_modules\markbind-cli\src\lib\markbind\src\parser.js:325:25)
    at element.children.element.children.map.e (C:\Users\anarayan\AppData\Roaming\npm\node_modules\markbind-cli\src\lib\markbind\src\parser.js:399:57)
    at Array.map (<anonymous>)
    at Parser._preprocess (C:\Users\anarayan\AppData\Roaming\npm\node_modules\markbind-cli\src\lib\markbind\src\parser.js:399:43)
    at element.children.element.children.map.e (C:\Users\anarayan\AppData\Roaming\npm\node_modules\markbind-cli\src\lib\markbind\src\parser.js:399:57)
    at Array.map (<anonymous>)
    at Parser._preprocess (C:\Users\anarayan\AppData\Roaming\npm\node_modules\markbind-cli\src\lib\markbind\src\parser.js:399:43)
    at element.children.element.children.map.e (C:\Users\anarayan\AppData\Roaming\npm\node_modules\markbind-cli\src\lib\markbind\src\parser.js:399:57)
    at Array.map (<anonymous>)
    at Parser._preprocess (C:\Users\anarayan\AppData\Roaming\npm\node_modules\markbind-cli\src\lib\markbind\src\parser.js:399:43)
    at element.children.element.children.map.e (C:\Users\anarayan\AppData\Roaming\npm\node_modules\markbind-cli\src\lib\markbind\src\parser.js:382:57)
    at Array.map (<anonymous>)
    at Parser._preprocess (C:\Users\anarayan\AppData\Roaming\npm\node_modules\markbind-cli\src\lib\markbind\src\parser.js:382:43)
    at element.children.element.children.map.e (C:\Users\anarayan\AppData\Roaming\npm\node_modules\markbind-cli\src\lib\markbind\src\parser.js:399:57)
    at Array.map (<anonymous>)
    at Parser._preprocess (C:\Users\anarayan\AppData\Roaming\npm\node_modules\markbind-cli\src\lib\markbind\src\parser.js:399:43)
2019-08-11T01:42:39.412Z - info: Pages rebuilt
2019-08-11T01:42:39.428Z - info: Site data built
2019-08-11T01:43:34.115Z - info: [9:43:34 AM] Reload for file change: D:\Teaching\CS2113\AY1920Sem1\website\admin\project-timeline.md
2019-08-11T01:43:35.118Z - info: Rebuilding affected source files
2019-08-11T01:43:35.132Z - info: Rebuilding 35 pages
2019-08-11T01:43:59.076Z - info: Pages rebuilt
2019-08-11T01:43:59.083Z - info: Site data built
2019-08-11T01:45:30.690Z - info: Website generation started at 9:45:29 AM
2019-08-11T01:45:31.484Z - info: Building assets...
2019-08-11T01:45:32.408Z - info: Assets built
2019-08-11T01:45:32.409Z - info: Generating pages...
2019-08-11T01:47:18.051Z - info: Pages built
2019-08-11T01:47:41.848Z - info: Website generation complete! Total build time: 132.053s
2019-08-11T01:47:41.883Z - info: Serving "D:\Teaching\CS2113\AY1920Sem1\website\_site" at http://127.0.0.1:8080
2019-08-11T01:47:41.884Z - info: Press CTRL+C to stop ...
2019-08-11T01:47:41.903Z - info: Site data built
2019-08-11T02:04:23.284Z - info: [10:04:23 AM] Reload for file change: D:\Teaching\CS2113\AY1920Sem1\website\schedule\index.md
2019-08-11T02:04:24.291Z - info: Rebuilding affected source files
2019-08-11T02:04:24.296Z - info: Rebuilding 2 pages
2019-08-11T02:04:24.324Z - error:  Template render error: (D:\Teaching\CS2113\AY1920Sem1\website\schedule\index.md) [Line 11, Column 1]
  unexpected token: <
Error while preprocessing 'D:\Teaching\CS2113\AY1920Sem1\website\index.md'
    at Object._prettifyError (C:\Users\anarayan\AppData\Roaming\npm\node_modules\markbind-cli\node_modules\nunjucks\src\lib.js:36:11)
    at Template.render (C:\Users\anarayan\AppData\Roaming\npm\node_modules\markbind-cli\node_modules\nunjucks\src\environment.js:542:21)
    at Environment.renderString (C:\Users\anarayan\AppData\Roaming\npm\node_modules\markbind-cli\node_modules\nunjucks\src\environment.js:380:17)
    at Object.renderString (C:\Users\anarayan\AppData\Roaming\npm\node_modules\markbind-cli\node_modules\nunjucks\index.js:99:14)
    at Parser._preprocess (C:\Users\anarayan\AppData\Roaming\npm\node_modules\markbind-cli\src\lib\markbind\src\parser.js:297:28)
    at element.children.element.children.map.e (C:\Users\anarayan\AppData\Roaming\npm\node_modules\markbind-cli\src\lib\markbind\src\parser.js:399:57)
    at Array.map (<anonymous>)
    at Parser._preprocess (C:\Users\anarayan\AppData\Roaming\npm\node_modules\markbind-cli\src\lib\markbind\src\parser.js:399:43)
    at dom.map (C:\Users\anarayan\AppData\Roaming\npm\node_modules\markbind-cli\src\lib\markbind\src\parser.js:567:28)
    at Array.map (<anonymous>)
    at DomHandler.htmlparser.DomHandler [as _callback] (C:\Users\anarayan\AppData\Roaming\npm\node_modules\markbind-cli\src\lib\markbind\src\parser.js:564:25)
    at DomHandler._handleCallback.DomHandler.onerror (C:\Users\anarayan\AppData\Roaming\npm\node_modules\markbind-cli\node_modules\domhandler\index.js:52:8)
    at DomHandler.onend (C:\Users\anarayan\AppData\Roaming\npm\node_modules\markbind-cli\node_modules\domhandler\index.js:46:7)
    at Parser.onend (C:\Users\anarayan\AppData\Roaming\npm\node_modules\markbind-cli\node_modules\htmlparser2\lib\Parser.js:310:32)
    at Tokenizer._finish (C:\Users\anarayan\AppData\Roaming\npm\node_modules\markbind-cli\node_modules\htmlparser2\lib\Tokenizer.js:853:12)
    at Tokenizer.end (C:\Users\anarayan\AppData\Roaming\npm\node_modules\markbind-cli\node_modules\htmlparser2\lib\Tokenizer.js:844:25)
2019-08-11T02:04:24.376Z - error: uncaughtException: (D:\Teaching\CS2113\AY1920Sem1\website\schedule\index.md) [Line 11, Column 1]
  unexpected token: < date=Sun Aug 11 2019 10:04:24 GMT+0800 (Singapore Standard Time), pid=8112, uid=null, gid=null, cwd=D:\Teaching\CS2113\AY1920Sem1\website, execPath=C:\Program Files\nodejs\node.exe, version=v10.16.0, argv=[C:\Program Files\nodejs\node.exe, C:\Users\anarayan\AppData\Roaming\npm\node_modules\markbind-cli\index.js, serve], rss=241205248, heapTotal=185049088, heapUsed=136573704, external=188987, loadavg=[0, 0, 0], uptime=1101571
Template render error: (D:\Teaching\CS2113\AY1920Sem1\website\schedule\index.md) [Line 11, Column 1]
  unexpected token: <
    at Object._prettifyError (C:\Users\anarayan\AppData\Roaming\npm\node_modules\markbind-cli\node_modules\nunjucks\src\lib.js:36:11)
    at Template.render (C:\Users\anarayan\AppData\Roaming\npm\node_modules\markbind-cli\node_modules\nunjucks\src\environment.js:542:21)
    at Environment.renderString (C:\Users\anarayan\AppData\Roaming\npm\node_modules\markbind-cli\node_modules\nunjucks\src\environment.js:380:17)
    at Object.renderString (C:\Users\anarayan\AppData\Roaming\npm\node_modules\markbind-cli\node_modules\nunjucks\index.js:99:14)
    at fs.readFile (C:\Users\anarayan\AppData\Roaming\npm\node_modules\markbind-cli\src\lib\markbind\src\parser.js:600:36)
    at FSReqWrap.readFileAfterClose [as oncomplete] (internal/fs/read_file_context.js:53:3)
2019-08-11T02:04:43.407Z - info: Website generation started at 10:04:42 AM
2019-08-11T02:04:44.155Z - info: Building assets...
2019-08-11T02:04:44.898Z - info: Assets built
2019-08-11T02:04:44.899Z - info: Generating pages...
2019-08-11T02:04:45.075Z - error:  Template render error: (D:\Teaching\CS2113\AY1920Sem1\website\schedule\index.md) [Line 11, Column 2]
  unexpected token: !
Error while preprocessing 'D:\Teaching\CS2113\AY1920Sem1\website\index.md'
    at Object._prettifyError (C:\Users\anarayan\AppData\Roaming\npm\node_modules\markbind-cli\node_modules\nunjucks\src\lib.js:36:11)
    at Template.render (C:\Users\anarayan\AppData\Roaming\npm\node_modules\markbind-cli\node_modules\nunjucks\src\environment.js:542:21)
    at Environment.renderString (C:\Users\anarayan\AppData\Roaming\npm\node_modules\markbind-cli\node_modules\nunjucks\src\environment.js:380:17)
    at Object.renderString (C:\Users\anarayan\AppData\Roaming\npm\node_modules\markbind-cli\node_modules\nunjucks\index.js:99:14)
    at Parser._preprocess (C:\Users\anarayan\AppData\Roaming\npm\node_modules\markbind-cli\src\lib\markbind\src\parser.js:297:28)
    at element.children.element.children.map.e (C:\Users\anarayan\AppData\Roaming\npm\node_modules\markbind-cli\src\lib\markbind\src\parser.js:399:57)
    at Array.map (<anonymous>)
    at Parser._preprocess (C:\Users\anarayan\AppData\Roaming\npm\node_modules\markbind-cli\src\lib\markbind\src\parser.js:399:43)
    at dom.map (C:\Users\anarayan\AppData\Roaming\npm\node_modules\markbind-cli\src\lib\markbind\src\parser.js:567:28)
    at Array.map (<anonymous>)
    at DomHandler.htmlparser.DomHandler [as _callback] (C:\Users\anarayan\AppData\Roaming\npm\node_modules\markbind-cli\src\lib\markbind\src\parser.js:564:25)
    at DomHandler._handleCallback.DomHandler.onerror (C:\Users\anarayan\AppData\Roaming\npm\node_modules\markbind-cli\node_modules\domhandler\index.js:52:8)
    at DomHandler.onend (C:\Users\anarayan\AppData\Roaming\npm\node_modules\markbind-cli\node_modules\domhandler\index.js:46:7)
    at Parser.onend (C:\Users\anarayan\AppData\Roaming\npm\node_modules\markbind-cli\node_modules\htmlparser2\lib\Parser.js:310:32)
    at Tokenizer._finish (C:\Users\anarayan\AppData\Roaming\npm\node_modules\markbind-cli\node_modules\htmlparser2\lib\Tokenizer.js:853:12)
    at Tokenizer.end (C:\Users\anarayan\AppData\Roaming\npm\node_modules\markbind-cli\node_modules\htmlparser2\lib\Tokenizer.js:844:25)
2019-08-11T02:05:20.954Z - info: Website generation started at 10:05:20 AM
2019-08-11T02:05:21.716Z - info: Building assets...
2019-08-11T02:05:22.458Z - info: Assets built
2019-08-11T02:05:22.458Z - info: Generating pages...
2019-08-11T02:06:48.983Z - info: Pages built
2019-08-11T02:07:10.331Z - info: Website generation complete! Total build time: 109.694s
2019-08-11T02:07:10.367Z - info: Serving "D:\Teaching\CS2113\AY1920Sem1\website\_site" at http://127.0.0.1:8080
2019-08-11T02:07:10.367Z - info: Press CTRL+C to stop ...
2019-08-11T02:07:10.383Z - info: Site data built
2019-08-11T02:20:43.639Z - info: [10:20:43 AM] Reload for file change: D:\Teaching\CS2113\AY1920Sem1\website\admin\project-w02.md
2019-08-11T02:20:44.645Z - info: Rebuilding affected source files
2019-08-11T02:20:44.646Z - info: Rebuilding 2 pages
2019-08-11T02:20:44.695Z - error: uncaughtException: Template render error: (D:\Teaching\CS2113\AY1920Sem1\website\admin\project-w02.md)
  Error: Unable to call `thumb`, which is undefined or falsey date=Sun Aug 11 2019 10:20:44 GMT+0800 (Singapore Standard Time), pid=22964, uid=null, gid=null, cwd=D:\Teaching\CS2113\AY1920Sem1\website, execPath=C:\Program Files\nodejs\node.exe, version=v10.16.0, argv=[C:\Program Files\nodejs\node.exe, C:\Users\anarayan\AppData\Roaming\npm\node_modules\markbind-cli\index.js, serve], rss=239439872, heapTotal=185573376, heapUsed=138214432, external=547959, loadavg=[0, 0, 0], uptime=1102552
Template render error: (D:\Teaching\CS2113\AY1920Sem1\website\admin\project-w02.md)
  Error: Unable to call `thumb`, which is undefined or falsey
    at Object._prettifyError (C:\Users\anarayan\AppData\Roaming\npm\node_modules\markbind-cli\node_modules\nunjucks\src\lib.js:36:11)
    at C:\Users\anarayan\AppData\Roaming\npm\node_modules\markbind-cli\node_modules\nunjucks\src\environment.js:567:19
    at eval (eval at _compile (C:\Users\anarayan\AppData\Roaming\npm\node_modules\markbind-cli\node_modules\nunjucks\src\environment.js:637:18), <anonymous>:31:11)
    at C:\Users\anarayan\AppData\Roaming\npm\node_modules\markbind-cli\node_modules\nunjucks\src\environment.js:617:9
    at eval (eval at _compile (C:\Users\anarayan\AppData\Roaming\npm\node_modules\markbind-cli\node_modules\nunjucks\src\environment.js:637:18), <anonymous>:12:11)
    at C:\Users\anarayan\AppData\Roaming\npm\node_modules\markbind-cli\node_modules\nunjucks\src\environment.js:617:9
    at eval (eval at _compile (C:\Users\anarayan\AppData\Roaming\npm\node_modules\markbind-cli\node_modules\nunjucks\src\environment.js:637:18), <anonymous>:12:11)
    at C:\Users\anarayan\AppData\Roaming\npm\node_modules\markbind-cli\node_modules\nunjucks\src\environment.js:617:9
    at Template.root [as rootRenderFunc] (eval at _compile (C:\Users\anarayan\AppData\Roaming\npm\node_modules\markbind-cli\node_modules\nunjucks\src\environment.js:637:18), <anonymous>:249:3)
    at Template.getExported (C:\Users\anarayan\AppData\Roaming\npm\node_modules\markbind-cli\node_modules\nunjucks\src\environment.js:615:10)
    at eval (eval at _compile (C:\Users\anarayan\AppData\Roaming\npm\node_modules\markbind-cli\node_modules\nunjucks\src\environment.js:637:18), <anonymous>:11:5)
    at Environment.getTemplate (C:\Users\anarayan\AppData\Roaming\npm\node_modules\markbind-cli\node_modules\nunjucks\src\environment.js:279:9)
    at Template.root [as rootRenderFunc] (eval at _compile (C:\Users\anarayan\AppData\Roaming\npm\node_modules\markbind-cli\node_modules\nunjucks\src\environment.js:637:18), <anonymous>:9:5)
    at Template.getExported (C:\Users\anarayan\AppData\Roaming\npm\node_modules\markbind-cli\node_modules\nunjucks\src\environment.js:615:10)
    at eval (eval at _compile (C:\Users\anarayan\AppData\Roaming\npm\node_modules\markbind-cli\node_modules\nunjucks\src\environment.js:637:18), <anonymous>:11:5)
    at Environment.getTemplate (C:\Users\anarayan\AppData\Roaming\npm\node_modules\markbind-cli\node_modules\nunjucks\src\environment.js:279:9)
2019-08-11T02:20:44.705Z - error:  Template render error: (D:\Teaching\CS2113\AY1920Sem1\website\admin\project-w02.md)
  Error: Unable to call `thumb`, which is undefined or falsey
    at Object._prettifyError (C:\Users\anarayan\AppData\Roaming\npm\node_modules\markbind-cli\node_modules\nunjucks\src\lib.js:36:11)
    at C:\Users\anarayan\AppData\Roaming\npm\node_modules\markbind-cli\node_modules\nunjucks\src\environment.js:567:19
    at eval (eval at _compile (C:\Users\anarayan\AppData\Roaming\npm\node_modules\markbind-cli\node_modules\nunjucks\src\environment.js:637:18), <anonymous>:31:11)
    at C:\Users\anarayan\AppData\Roaming\npm\node_modules\markbind-cli\node_modules\nunjucks\src\environment.js:617:9
    at eval (eval at _compile (C:\Users\anarayan\AppData\Roaming\npm\node_modules\markbind-cli\node_modules\nunjucks\src\environment.js:637:18), <anonymous>:12:11)
    at C:\Users\anarayan\AppData\Roaming\npm\node_modules\markbind-cli\node_modules\nunjucks\src\environment.js:617:9
    at eval (eval at _compile (C:\Users\anarayan\AppData\Roaming\npm\node_modules\markbind-cli\node_modules\nunjucks\src\environment.js:637:18), <anonymous>:12:11)
    at C:\Users\anarayan\AppData\Roaming\npm\node_modules\markbind-cli\node_modules\nunjucks\src\environment.js:617:9
    at Template.root [as rootRenderFunc] (eval at _compile (C:\Users\anarayan\AppData\Roaming\npm\node_modules\markbind-cli\node_modules\nunjucks\src\environment.js:637:18), <anonymous>:249:3)
    at Template.getExported (C:\Users\anarayan\AppData\Roaming\npm\node_modules\markbind-cli\node_modules\nunjucks\src\environment.js:615:10)
    at eval (eval at _compile (C:\Users\anarayan\AppData\Roaming\npm\node_modules\markbind-cli\node_modules\nunjucks\src\environment.js:637:18), <anonymous>:11:5)
    at Environment.getTemplate (C:\Users\anarayan\AppData\Roaming\npm\node_modules\markbind-cli\node_modules\nunjucks\src\environment.js:279:9)
    at Template.root [as rootRenderFunc] (eval at _compile (C:\Users\anarayan\AppData\Roaming\npm\node_modules\markbind-cli\node_modules\nunjucks\src\environment.js:637:18), <anonymous>:9:5)
    at Template.getExported (C:\Users\anarayan\AppData\Roaming\npm\node_modules\markbind-cli\node_modules\nunjucks\src\environment.js:615:10)
    at eval (eval at _compile (C:\Users\anarayan\AppData\Roaming\npm\node_modules\markbind-cli\node_modules\nunjucks\src\environment.js:637:18), <anonymous>:11:5)
    at Environment.getTemplate (C:\Users\anarayan\AppData\Roaming\npm\node_modules\markbind-cli\node_modules\nunjucks\src\environment.js:279:9)
2019-08-11T02:21:56.129Z - info: Website generation started at 10:21:55 AM
2019-08-11T02:21:57.225Z - info: Building assets...
2019-08-11T02:21:58.050Z - info: Assets built
2019-08-11T02:21:58.051Z - info: Generating pages...
2019-08-11T02:23:15.236Z - info: Pages built
2019-08-11T02:23:36.261Z - info: Website generation complete! Total build time: 101.128s
2019-08-11T02:23:36.297Z - info: Serving "D:\Teaching\CS2113\AY1920Sem1\website\_site" at http://127.0.0.1:8080
2019-08-11T02:23:36.297Z - info: Press CTRL+C to stop ...
2019-08-11T02:23:36.316Z - info: Site data built
2019-08-11T02:45:03.200Z - info: [10:45:03 AM] Reload for file change: D:\Teaching\CS2113\AY1920Sem1\website\admin\project-w02.md
2019-08-11T02:45:04.208Z - info: Rebuilding affected source files
2019-08-11T02:45:04.229Z - info: Rebuilding 2 pages
2019-08-11T02:45:05.425Z - info: Pages rebuilt
2019-08-11T02:45:05.440Z - info: Site data built
2019-08-11T02:45:28.837Z - info: [10:45:28 AM] Reload for file change: D:\Teaching\CS2113\AY1920Sem1\website\admin\project-w02.md
2019-08-11T02:45:29.841Z - info: Rebuilding affected source files
2019-08-11T02:45:29.842Z - info: Rebuilding 2 pages
2019-08-11T02:45:31.026Z - info: Pages rebuilt
2019-08-11T02:45:31.037Z - info: Site data built
2019-08-11T02:45:44.901Z - info: [10:45:44 AM] Reload for file change: D:\Teaching\CS2113\AY1920Sem1\website\admin\project-w02.md
2019-08-11T02:45:45.903Z - info: Rebuilding affected source files
2019-08-11T02:45:45.905Z - info: Rebuilding 2 pages
2019-08-11T02:45:46.987Z - info: Pages rebuilt
2019-08-11T02:45:46.992Z - info: Site data built
2019-08-11T02:46:02.490Z - info: [10:46:02 AM] Reload for file change: D:\Teaching\CS2113\AY1920Sem1\website\admin\project-w02.md
2019-08-11T02:46:03.506Z - info: Rebuilding affected source files
2019-08-11T02:46:03.522Z - info: Rebuilding 2 pages
2019-08-11T02:46:04.868Z - info: Pages rebuilt
2019-08-11T02:46:04.873Z - info: Site data built
2019-08-11T02:46:54.276Z - info: [10:46:54 AM] Reload for file change: D:\Teaching\CS2113\AY1920Sem1\website\admin\project-w02.md
2019-08-11T02:46:55.279Z - info: Rebuilding affected source files
2019-08-11T02:46:55.281Z - info: Rebuilding 2 pages
2019-08-11T02:46:56.571Z - info: Pages rebuilt
2019-08-11T02:46:56.577Z - info: Site data built
2019-08-11T02:47:13.531Z - info: [10:47:13 AM] Reload for file change: D:\Teaching\CS2113\AY1920Sem1\website\admin\project-w02.md
2019-08-11T02:47:14.536Z - info: Rebuilding affected source files
2019-08-11T02:47:14.538Z - info: Rebuilding 2 pages
2019-08-11T02:47:14.545Z - error:  Template render error: (D:\Teaching\CS2113\AY1920Sem1\website\admin\project-w02.md) [Line 23, Column 74]
  parseSignature: expected comma after expression
Error while preprocessing 'D:\Teaching\CS2113\AY1920Sem1\website\schedule\week2\project.md'
    at Object._prettifyError (C:\Users\anarayan\AppData\Roaming\npm\node_modules\markbind-cli\node_modules\nunjucks\src\lib.js:36:11)
    at Template.render (C:\Users\anarayan\AppData\Roaming\npm\node_modules\markbind-cli\node_modules\nunjucks\src\environment.js:542:21)
    at Environment.renderString (C:\Users\anarayan\AppData\Roaming\npm\node_modules\markbind-cli\node_modules\nunjucks\src\environment.js:380:17)
    at Object.renderString (C:\Users\anarayan\AppData\Roaming\npm\node_modules\markbind-cli\node_modules\nunjucks\index.js:99:14)
    at Parser._preprocess (C:\Users\anarayan\AppData\Roaming\npm\node_modules\markbind-cli\src\lib\markbind\src\parser.js:297:28)
    at element.children.element.children.map.e (C:\Users\anarayan\AppData\Roaming\npm\node_modules\markbind-cli\src\lib\markbind\src\parser.js:399:57)
    at Array.map (<anonymous>)
    at Parser._preprocess (C:\Users\anarayan\AppData\Roaming\npm\node_modules\markbind-cli\src\lib\markbind\src\parser.js:399:43)
    at dom.map (C:\Users\anarayan\AppData\Roaming\npm\node_modules\markbind-cli\src\lib\markbind\src\parser.js:567:28)
    at Array.map (<anonymous>)
    at DomHandler.htmlparser.DomHandler [as _callback] (C:\Users\anarayan\AppData\Roaming\npm\node_modules\markbind-cli\src\lib\markbind\src\parser.js:564:25)
    at DomHandler._handleCallback.DomHandler.onerror (C:\Users\anarayan\AppData\Roaming\npm\node_modules\markbind-cli\node_modules\domhandler\index.js:52:8)
    at DomHandler.onend (C:\Users\anarayan\AppData\Roaming\npm\node_modules\markbind-cli\node_modules\domhandler\index.js:46:7)
    at Parser.onend (C:\Users\anarayan\AppData\Roaming\npm\node_modules\markbind-cli\node_modules\htmlparser2\lib\Parser.js:310:32)
    at Tokenizer._finish (C:\Users\anarayan\AppData\Roaming\npm\node_modules\markbind-cli\node_modules\htmlparser2\lib\Tokenizer.js:853:12)
    at Tokenizer.end (C:\Users\anarayan\AppData\Roaming\npm\node_modules\markbind-cli\node_modules\htmlparser2\lib\Tokenizer.js:844:25)
2019-08-11T02:47:14.586Z - error: uncaughtException: (D:\Teaching\CS2113\AY1920Sem1\website\admin\project-w02.md) [Line 23, Column 74]
  parseSignature: expected comma after expression date=Sun Aug 11 2019 10:47:14 GMT+0800 (Singapore Standard Time), pid=19496, uid=null, gid=null, cwd=D:\Teaching\CS2113\AY1920Sem1\website, execPath=C:\Program Files\nodejs\node.exe, version=v10.16.0, argv=[C:\Program Files\nodejs\node.exe, C:\Users\anarayan\AppData\Roaming\npm\node_modules\markbind-cli\index.js, serve], rss=288526336, heapTotal=231186432, heapUsed=181893680, external=298126, loadavg=[0, 0, 0], uptime=1104142
Template render error: (D:\Teaching\CS2113\AY1920Sem1\website\admin\project-w02.md) [Line 23, Column 74]
  parseSignature: expected comma after expression
    at Object._prettifyError (C:\Users\anarayan\AppData\Roaming\npm\node_modules\markbind-cli\node_modules\nunjucks\src\lib.js:36:11)
    at Template.render (C:\Users\anarayan\AppData\Roaming\npm\node_modules\markbind-cli\node_modules\nunjucks\src\environment.js:542:21)
    at Environment.renderString (C:\Users\anarayan\AppData\Roaming\npm\node_modules\markbind-cli\node_modules\nunjucks\src\environment.js:380:17)
    at Object.renderString (C:\Users\anarayan\AppData\Roaming\npm\node_modules\markbind-cli\node_modules\nunjucks\index.js:99:14)
    at fs.readFile (C:\Users\anarayan\AppData\Roaming\npm\node_modules\markbind-cli\src\lib\markbind\src\parser.js:600:36)
    at FSReqWrap.readFileAfterClose [as oncomplete] (internal/fs/read_file_context.js:53:3)
2019-08-11T02:47:24.579Z - info: [10:47:24 AM] Reload for file change: D:\Teaching\CS2113\AY1920Sem1\website\admin\project-w02.md
2019-08-11T02:51:29.217Z - info: [10:51:29 AM] Reload for file change: D:\Teaching\CS2113\AY1920Sem1\website\admin\project-w02.md
2019-08-11T02:51:41.903Z - info: [10:51:41 AM] Reload for file change: D:\Teaching\CS2113\AY1920Sem1\website\admin\project-w02.md
2019-08-11T02:52:02.864Z - info: Website generation started at 10:52:01 AM
2019-08-11T02:52:03.721Z - info: Building assets...
2019-08-11T02:52:04.883Z - info: Assets built
2019-08-11T02:52:04.884Z - info: Generating pages...
2019-08-11T02:53:44.985Z - info: Pages built
2019-08-11T02:54:10.215Z - info: Website generation complete! Total build time: 128.25s
2019-08-11T02:54:10.251Z - info: Serving "D:\Teaching\CS2113\AY1920Sem1\website\_site" at http://127.0.0.1:8080
2019-08-11T02:54:10.252Z - info: Press CTRL+C to stop ...
2019-08-11T02:54:10.268Z - info: Site data built
2019-08-11T02:54:37.361Z - info: [10:54:37 AM] Reload for file change: D:\Teaching\CS2113\AY1920Sem1\website\admin\project-w02.md
2019-08-11T02:54:38.368Z - info: Rebuilding affected source files
2019-08-11T02:54:38.370Z - info: Rebuilding 2 pages
2019-08-11T02:54:39.457Z - info: Pages rebuilt
2019-08-11T02:54:39.461Z - info: Site data built
2019-08-11T02:54:46.772Z - info: [10:54:46 AM] Reload for file change: D:\Teaching\CS2113\AY1920Sem1\website\admin\project-w02.md
2019-08-11T02:54:47.777Z - info: Rebuilding affected source files
2019-08-11T02:54:47.778Z - info: Rebuilding 2 pages
2019-08-11T02:54:48.706Z - info: Pages rebuilt
2019-08-11T02:54:48.711Z - info: Site data built
2019-08-11T02:56:44.914Z - info: [10:56:44 AM] Reload for file change: D:\Teaching\CS2113\AY1920Sem1\website\admin\project-w02.md
2019-08-11T02:56:45.919Z - info: Rebuilding affected source files
2019-08-11T02:56:45.921Z - info: Rebuilding 2 pages
2019-08-11T02:56:47.154Z - info: Pages rebuilt
2019-08-11T02:56:47.161Z - info: Site data built
2019-08-11T02:56:59.548Z - info: [10:56:59 AM] Reload for file change: D:\Teaching\CS2113\AY1920Sem1\website\admin\project-w02.md
2019-08-11T02:57:00.551Z - info: Rebuilding affected source files
2019-08-11T02:57:00.565Z - info: Rebuilding 2 pages
2019-08-11T02:57:01.782Z - info: Pages rebuilt
2019-08-11T02:57:01.793Z - info: Site data built
2019-08-11T02:57:23.698Z - info: [10:57:23 AM] Reload for file change: D:\Teaching\CS2113\AY1920Sem1\website\admin\project-w02.md
2019-08-11T02:57:24.701Z - info: Rebuilding affected source files
2019-08-11T02:57:24.702Z - info: Rebuilding 2 pages
2019-08-11T02:57:26.110Z - info: Pages rebuilt
2019-08-11T02:57:26.124Z - info: Site data built
2019-08-11T02:58:58.557Z - info: [10:58:58 AM] Reload for file change: D:\Teaching\CS2113\AY1920Sem1\website\admin\project-w02.md
2019-08-11T02:58:59.562Z - info: Rebuilding affected source files
2019-08-11T02:58:59.564Z - info: Rebuilding 2 pages
2019-08-11T02:59:00.889Z - info: Pages rebuilt
2019-08-11T02:59:00.906Z - info: Site data built
2019-08-11T02:59:35.278Z - info: [10:59:35 AM] Reload for file change: D:\Teaching\CS2113\AY1920Sem1\website\admin\project-w02.md
2019-08-11T02:59:36.281Z - info: Rebuilding affected source files
2019-08-11T02:59:36.283Z - info: Rebuilding 2 pages
2019-08-11T02:59:37.726Z - info: Pages rebuilt
2019-08-11T02:59:37.746Z - info: Site data built
2019-08-11T02:59:56.174Z - info: [10:59:56 AM] Reload for file change: D:\Teaching\CS2113\AY1920Sem1\website\admin\project-w02.md
2019-08-11T02:59:57.176Z - info: Rebuilding affected source files
2019-08-11T02:59:57.178Z - info: Rebuilding 2 pages
2019-08-11T02:59:58.588Z - info: Pages rebuilt
2019-08-11T02:59:58.603Z - info: Site data built
2019-08-11T03:01:48.990Z - info: [11:01:48 AM] Reload for file change: D:\Teaching\CS2113\AY1920Sem1\website\site.json
2019-08-11T03:01:50.011Z - info: Assets built
2019-08-11T03:02:03.721Z - info: Website generation started at 11:02:02 AM
2019-08-11T03:02:04.507Z - info: Building assets...
2019-08-11T03:02:05.308Z - info: Assets built
2019-08-11T03:02:05.308Z - info: Generating pages...
2019-08-11T03:03:30.543Z - info: Pages built
2019-08-11T03:04:00.363Z - info: Website generation complete! Total build time: 117.541s
2019-08-11T03:04:00.425Z - info: Serving "D:\Teaching\CS2113\AY1920Sem1\website\_site" at http://127.0.0.1:8080
2019-08-11T03:04:00.425Z - info: Press CTRL+C to stop ...
2019-08-11T03:04:00.465Z - info: Site data built
2019-08-11T03:06:04.089Z - info: [11:06:04 AM] Reload for file change: D:\Teaching\CS2113\AY1920Sem1\website\site.json
2019-08-11T03:06:05.099Z - info: Assets built
2019-08-11T03:07:29.577Z - info: [11:07:29 AM] Reload for file change: D:\Teaching\CS2113\AY1920Sem1\website\admin\tools.md
2019-08-11T03:07:30.580Z - info: Rebuilding affected source files
2019-08-11T03:07:30.582Z - info: Rebuilding 5 pages
2019-08-11T03:07:30.778Z - error:  Template render error: (D:\Teaching\CS2113\AY1920Sem1\website\admin\tools.md)
  Error: Unable to call `embed_topic`, which is undefined or falsey
    at Object._prettifyError (C:\Users\anarayan\AppData\Roaming\npm\node_modules\markbind-cli\node_modules\nunjucks\src\lib.js:36:11)
    at C:\Users\anarayan\AppData\Roaming\npm\node_modules\markbind-cli\node_modules\nunjucks\src\environment.js:567:19
    at eval (eval at _compile (C:\Users\anarayan\AppData\Roaming\npm\node_modules\markbind-cli\node_modules\nunjucks\src\environment.js:637:18), <anonymous>:51:11)
    at C:\Users\anarayan\AppData\Roaming\npm\node_modules\markbind-cli\node_modules\nunjucks\src\environment.js:617:9
    at eval (eval at _compile (C:\Users\anarayan\AppData\Roaming\npm\node_modules\markbind-cli\node_modules\nunjucks\src\environment.js:637:18), <anonymous>:12:11)
    at C:\Users\anarayan\AppData\Roaming\npm\node_modules\markbind-cli\node_modules\nunjucks\src\environment.js:617:9
    at eval (eval at _compile (C:\Users\anarayan\AppData\Roaming\npm\node_modules\markbind-cli\node_modules\nunjucks\src\environment.js:637:18), <anonymous>:12:11)
    at C:\Users\anarayan\AppData\Roaming\npm\node_modules\markbind-cli\node_modules\nunjucks\src\environment.js:617:9
    at Template.root [as rootRenderFunc] (eval at _compile (C:\Users\anarayan\AppData\Roaming\npm\node_modules\markbind-cli\node_modules\nunjucks\src\environment.js:637:18), <anonymous>:249:3)
    at Template.getExported (C:\Users\anarayan\AppData\Roaming\npm\node_modules\markbind-cli\node_modules\nunjucks\src\environment.js:615:10)
    at eval (eval at _compile (C:\Users\anarayan\AppData\Roaming\npm\node_modules\markbind-cli\node_modules\nunjucks\src\environment.js:637:18), <anonymous>:11:5)
    at Environment.getTemplate (C:\Users\anarayan\AppData\Roaming\npm\node_modules\markbind-cli\node_modules\nunjucks\src\environment.js:279:9)
    at Template.root [as rootRenderFunc] (eval at _compile (C:\Users\anarayan\AppData\Roaming\npm\node_modules\markbind-cli\node_modules\nunjucks\src\environment.js:637:18), <anonymous>:9:5)
    at Template.getExported (C:\Users\anarayan\AppData\Roaming\npm\node_modules\markbind-cli\node_modules\nunjucks\src\environment.js:615:10)
    at eval (eval at _compile (C:\Users\anarayan\AppData\Roaming\npm\node_modules\markbind-cli\node_modules\nunjucks\src\environment.js:637:18), <anonymous>:11:5)
    at Environment.getTemplate (C:\Users\anarayan\AppData\Roaming\npm\node_modules\markbind-cli\node_modules\nunjucks\src\environment.js:279:9)
2019-08-11T03:07:30.788Z - error:  Template render error: (D:\Teaching\CS2113\AY1920Sem1\website\admin\tools.md)
  Error: Unable to call `embed_topic`, which is undefined or falsey
    at Object._prettifyError (C:\Users\anarayan\AppData\Roaming\npm\node_modules\markbind-cli\node_modules\nunjucks\src\lib.js:36:11)
    at C:\Users\anarayan\AppData\Roaming\npm\node_modules\markbind-cli\node_modules\nunjucks\src\environment.js:567:19
    at eval (eval at _compile (C:\Users\anarayan\AppData\Roaming\npm\node_modules\markbind-cli\node_modules\nunjucks\src\environment.js:637:18), <anonymous>:51:11)
    at C:\Users\anarayan\AppData\Roaming\npm\node_modules\markbind-cli\node_modules\nunjucks\src\environment.js:617:9
    at eval (eval at _compile (C:\Users\anarayan\AppData\Roaming\npm\node_modules\markbind-cli\node_modules\nunjucks\src\environment.js:637:18), <anonymous>:12:11)
    at C:\Users\anarayan\AppData\Roaming\npm\node_modules\markbind-cli\node_modules\nunjucks\src\environment.js:617:9
    at eval (eval at _compile (C:\Users\anarayan\AppData\Roaming\npm\node_modules\markbind-cli\node_modules\nunjucks\src\environment.js:637:18), <anonymous>:12:11)
    at C:\Users\anarayan\AppData\Roaming\npm\node_modules\markbind-cli\node_modules\nunjucks\src\environment.js:617:9
    at Template.root [as rootRenderFunc] (eval at _compile (C:\Users\anarayan\AppData\Roaming\npm\node_modules\markbind-cli\node_modules\nunjucks\src\environment.js:637:18), <anonymous>:249:3)
    at Template.getExported (C:\Users\anarayan\AppData\Roaming\npm\node_modules\markbind-cli\node_modules\nunjucks\src\environment.js:615:10)
    at eval (eval at _compile (C:\Users\anarayan\AppData\Roaming\npm\node_modules\markbind-cli\node_modules\nunjucks\src\environment.js:637:18), <anonymous>:11:5)
    at Environment.getTemplate (C:\Users\anarayan\AppData\Roaming\npm\node_modules\markbind-cli\node_modules\nunjucks\src\environment.js:279:9)
    at Template.root [as rootRenderFunc] (eval at _compile (C:\Users\anarayan\AppData\Roaming\npm\node_modules\markbind-cli\node_modules\nunjucks\src\environment.js:637:18), <anonymous>:9:5)
    at Template.getExported (C:\Users\anarayan\AppData\Roaming\npm\node_modules\markbind-cli\node_modules\nunjucks\src\environment.js:615:10)
    at eval (eval at _compile (C:\Users\anarayan\AppData\Roaming\npm\node_modules\markbind-cli\node_modules\nunjucks\src\environment.js:637:18), <anonymous>:11:5)
    at Environment.getTemplate (C:\Users\anarayan\AppData\Roaming\npm\node_modules\markbind-cli\node_modules\nunjucks\src\environment.js:279:9)
2019-08-11T03:07:30.828Z - error: uncaughtException: Template render error: (D:\Teaching\CS2113\AY1920Sem1\website\admin\tools.md)
  Error: Unable to call `embed_topic`, which is undefined or falsey date=Sun Aug 11 2019 11:07:30 GMT+0800 (Singapore Standard Time), pid=19336, uid=null, gid=null, cwd=D:\Teaching\CS2113\AY1920Sem1\website, execPath=C:\Program Files\nodejs\node.exe, version=v10.16.0, argv=[C:\Program Files\nodejs\node.exe, C:\Users\anarayan\AppData\Roaming\npm\node_modules\markbind-cli\index.js, serve], rss=251711488, heapTotal=196059136, heapUsed=143457456, external=249332, loadavg=[0, 0, 0], uptime=1105358
Template render error: (D:\Teaching\CS2113\AY1920Sem1\website\admin\tools.md)
  Error: Unable to call `embed_topic`, which is undefined or falsey
    at Object._prettifyError (C:\Users\anarayan\AppData\Roaming\npm\node_modules\markbind-cli\node_modules\nunjucks\src\lib.js:36:11)
    at C:\Users\anarayan\AppData\Roaming\npm\node_modules\markbind-cli\node_modules\nunjucks\src\environment.js:567:19
    at eval (eval at _compile (C:\Users\anarayan\AppData\Roaming\npm\node_modules\markbind-cli\node_modules\nunjucks\src\environment.js:637:18), <anonymous>:51:11)
    at C:\Users\anarayan\AppData\Roaming\npm\node_modules\markbind-cli\node_modules\nunjucks\src\environment.js:617:9
    at eval (eval at _compile (C:\Users\anarayan\AppData\Roaming\npm\node_modules\markbind-cli\node_modules\nunjucks\src\environment.js:637:18), <anonymous>:12:11)
    at C:\Users\anarayan\AppData\Roaming\npm\node_modules\markbind-cli\node_modules\nunjucks\src\environment.js:617:9
    at eval (eval at _compile (C:\Users\anarayan\AppData\Roaming\npm\node_modules\markbind-cli\node_modules\nunjucks\src\environment.js:637:18), <anonymous>:12:11)
    at C:\Users\anarayan\AppData\Roaming\npm\node_modules\markbind-cli\node_modules\nunjucks\src\environment.js:617:9
    at Template.root [as rootRenderFunc] (eval at _compile (C:\Users\anarayan\AppData\Roaming\npm\node_modules\markbind-cli\node_modules\nunjucks\src\environment.js:637:18), <anonymous>:249:3)
    at Template.getExported (C:\Users\anarayan\AppData\Roaming\npm\node_modules\markbind-cli\node_modules\nunjucks\src\environment.js:615:10)
    at eval (eval at _compile (C:\Users\anarayan\AppData\Roaming\npm\node_modules\markbind-cli\node_modules\nunjucks\src\environment.js:637:18), <anonymous>:11:5)
    at Environment.getTemplate (C:\Users\anarayan\AppData\Roaming\npm\node_modules\markbind-cli\node_modules\nunjucks\src\environment.js:279:9)
    at Template.root [as rootRenderFunc] (eval at _compile (C:\Users\anarayan\AppData\Roaming\npm\node_modules\markbind-cli\node_modules\nunjucks\src\environment.js:637:18), <anonymous>:9:5)
    at Template.getExported (C:\Users\anarayan\AppData\Roaming\npm\node_modules\markbind-cli\node_modules\nunjucks\src\environment.js:615:10)
    at eval (eval at _compile (C:\Users\anarayan\AppData\Roaming\npm\node_modules\markbind-cli\node_modules\nunjucks\src\environment.js:637:18), <anonymous>:11:5)
    at Environment.getTemplate (C:\Users\anarayan\AppData\Roaming\npm\node_modules\markbind-cli\node_modules\nunjucks\src\environment.js:279:9)
2019-08-11T03:07:30.900Z - error:  Template render error: (D:\Teaching\CS2113\AY1920Sem1\website\admin\tools.md)
  Error: Unable to call `embed_topic`, which is undefined or falsey
    at Object._prettifyError (C:\Users\anarayan\AppData\Roaming\npm\node_modules\markbind-cli\node_modules\nunjucks\src\lib.js:36:11)
    at C:\Users\anarayan\AppData\Roaming\npm\node_modules\markbind-cli\node_modules\nunjucks\src\environment.js:567:19
    at eval (eval at _compile (C:\Users\anarayan\AppData\Roaming\npm\node_modules\markbind-cli\node_modules\nunjucks\src\environment.js:637:18), <anonymous>:51:11)
    at C:\Users\anarayan\AppData\Roaming\npm\node_modules\markbind-cli\node_modules\nunjucks\src\environment.js:617:9
    at eval (eval at _compile (C:\Users\anarayan\AppData\Roaming\npm\node_modules\markbind-cli\node_modules\nunjucks\src\environment.js:637:18), <anonymous>:12:11)
    at C:\Users\anarayan\AppData\Roaming\npm\node_modules\markbind-cli\node_modules\nunjucks\src\environment.js:617:9
    at eval (eval at _compile (C:\Users\anarayan\AppData\Roaming\npm\node_modules\markbind-cli\node_modules\nunjucks\src\environment.js:637:18), <anonymous>:12:11)
    at C:\Users\anarayan\AppData\Roaming\npm\node_modules\markbind-cli\node_modules\nunjucks\src\environment.js:617:9
    at Template.root [as rootRenderFunc] (eval at _compile (C:\Users\anarayan\AppData\Roaming\npm\node_modules\markbind-cli\node_modules\nunjucks\src\environment.js:637:18), <anonymous>:249:3)
    at Template.getExported (C:\Users\anarayan\AppData\Roaming\npm\node_modules\markbind-cli\node_modules\nunjucks\src\environment.js:615:10)
    at eval (eval at _compile (C:\Users\anarayan\AppData\Roaming\npm\node_modules\markbind-cli\node_modules\nunjucks\src\environment.js:637:18), <anonymous>:11:5)
    at Environment.getTemplate (C:\Users\anarayan\AppData\Roaming\npm\node_modules\markbind-cli\node_modules\nunjucks\src\environment.js:279:9)
    at Template.root [as rootRenderFunc] (eval at _compile (C:\Users\anarayan\AppData\Roaming\npm\node_modules\markbind-cli\node_modules\nunjucks\src\environment.js:637:18), <anonymous>:9:5)
    at Template.getExported (C:\Users\anarayan\AppData\Roaming\npm\node_modules\markbind-cli\node_modules\nunjucks\src\environment.js:615:10)
    at eval (eval at _compile (C:\Users\anarayan\AppData\Roaming\npm\node_modules\markbind-cli\node_modules\nunjucks\src\environment.js:637:18), <anonymous>:11:5)
    at Environment.getTemplate (C:\Users\anarayan\AppData\Roaming\npm\node_modules\markbind-cli\node_modules\nunjucks\src\environment.js:279:9)
2019-08-11T03:07:30.917Z - error:  Template render error: (D:\Teaching\CS2113\AY1920Sem1\website\admin\tools.md)
  Error: Unable to call `embed_topic`, which is undefined or falsey
    at Object._prettifyError (C:\Users\anarayan\AppData\Roaming\npm\node_modules\markbind-cli\node_modules\nunjucks\src\lib.js:36:11)
    at C:\Users\anarayan\AppData\Roaming\npm\node_modules\markbind-cli\node_modules\nunjucks\src\environment.js:567:19
    at eval (eval at _compile (C:\Users\anarayan\AppData\Roaming\npm\node_modules\markbind-cli\node_modules\nunjucks\src\environment.js:637:18), <anonymous>:51:11)
    at C:\Users\anarayan\AppData\Roaming\npm\node_modules\markbind-cli\node_modules\nunjucks\src\environment.js:617:9
    at eval (eval at _compile (C:\Users\anarayan\AppData\Roaming\npm\node_modules\markbind-cli\node_modules\nunjucks\src\environment.js:637:18), <anonymous>:12:11)
    at C:\Users\anarayan\AppData\Roaming\npm\node_modules\markbind-cli\node_modules\nunjucks\src\environment.js:617:9
    at eval (eval at _compile (C:\Users\anarayan\AppData\Roaming\npm\node_modules\markbind-cli\node_modules\nunjucks\src\environment.js:637:18), <anonymous>:12:11)
    at C:\Users\anarayan\AppData\Roaming\npm\node_modules\markbind-cli\node_modules\nunjucks\src\environment.js:617:9
    at Template.root [as rootRenderFunc] (eval at _compile (C:\Users\anarayan\AppData\Roaming\npm\node_modules\markbind-cli\node_modules\nunjucks\src\environment.js:637:18), <anonymous>:249:3)
    at Template.getExported (C:\Users\anarayan\AppData\Roaming\npm\node_modules\markbind-cli\node_modules\nunjucks\src\environment.js:615:10)
    at eval (eval at _compile (C:\Users\anarayan\AppData\Roaming\npm\node_modules\markbind-cli\node_modules\nunjucks\src\environment.js:637:18), <anonymous>:11:5)
    at Environment.getTemplate (C:\Users\anarayan\AppData\Roaming\npm\node_modules\markbind-cli\node_modules\nunjucks\src\environment.js:279:9)
    at Template.root [as rootRenderFunc] (eval at _compile (C:\Users\anarayan\AppData\Roaming\npm\node_modules\markbind-cli\node_modules\nunjucks\src\environment.js:637:18), <anonymous>:9:5)
    at Template.getExported (C:\Users\anarayan\AppData\Roaming\npm\node_modules\markbind-cli\node_modules\nunjucks\src\environment.js:615:10)
    at eval (eval at _compile (C:\Users\anarayan\AppData\Roaming\npm\node_modules\markbind-cli\node_modules\nunjucks\src\environment.js:637:18), <anonymous>:11:5)
    at Environment.getTemplate (C:\Users\anarayan\AppData\Roaming\npm\node_modules\markbind-cli\node_modules\nunjucks\src\environment.js:279:9)
2019-08-11T03:07:44.225Z - info: [11:07:44 AM] Reload for file change: D:\Teaching\CS2113\AY1920Sem1\website\admin\tools.md
2019-08-11T03:08:08.619Z - info: [11:08:08 AM] Reload for file change: D:\Teaching\CS2113\AY1920Sem1\website\admin\tools.md
2019-08-11T03:08:37.242Z - info: Website generation started at 11:08:36 AM
2019-08-11T03:08:38.043Z - info: Building assets...
2019-08-11T03:08:38.861Z - info: Assets built
2019-08-11T03:08:38.862Z - info: Generating pages...
2019-08-11T03:10:03.882Z - info: Pages built
2019-08-11T03:10:37.259Z - info: Website generation complete! Total build time: 120.923s
2019-08-11T03:10:37.298Z - info: Serving "D:\Teaching\CS2113\AY1920Sem1\website\_site" at http://127.0.0.1:8080
2019-08-11T03:10:37.298Z - info: Press CTRL+C to stop ...
2019-08-11T03:10:37.318Z - info: Site data built
2019-08-11T03:12:34.184Z - info: [11:12:34 AM] Reload for file change: D:\Teaching\CS2113\AY1920Sem1\website\admin\tools.md
2019-08-11T03:12:35.190Z - info: Rebuilding affected source files
2019-08-11T03:12:35.200Z - info: Rebuilding 5 pages
2019-08-11T03:12:35.653Z - error:  Error: No such segment 'communication' in file: D:\Teaching\CS2113\AY1920Sem1\website\admin\tools.md
Missing reference in D:\Teaching\CS2113\AY1920Sem1\website\schedule\week1\admin.md
    at Parser._preprocess (C:\Users\anarayan\AppData\Roaming\npm\node_modules\markbind-cli\src\lib\markbind\src\parser.js:325:25)
    at element.children.element.children.map.e (C:\Users\anarayan\AppData\Roaming\npm\node_modules\markbind-cli\src\lib\markbind\src\parser.js:399:57)
    at Array.map (<anonymous>)
    at Parser._preprocess (C:\Users\anarayan\AppData\Roaming\npm\node_modules\markbind-cli\src\lib\markbind\src\parser.js:399:43)
    at element.children.element.children.map.e (C:\Users\anarayan\AppData\Roaming\npm\node_modules\markbind-cli\src\lib\markbind\src\parser.js:399:57)
    at Array.map (<anonymous>)
    at Parser._preprocess (C:\Users\anarayan\AppData\Roaming\npm\node_modules\markbind-cli\src\lib\markbind\src\parser.js:399:43)
    at dom.map (C:\Users\anarayan\AppData\Roaming\npm\node_modules\markbind-cli\src\lib\markbind\src\parser.js:567:28)
    at Array.map (<anonymous>)
    at DomHandler.htmlparser.DomHandler [as _callback] (C:\Users\anarayan\AppData\Roaming\npm\node_modules\markbind-cli\src\lib\markbind\src\parser.js:564:25)
    at DomHandler._handleCallback.DomHandler.onerror (C:\Users\anarayan\AppData\Roaming\npm\node_modules\markbind-cli\node_modules\domhandler\index.js:52:8)
    at DomHandler.onend (C:\Users\anarayan\AppData\Roaming\npm\node_modules\markbind-cli\node_modules\domhandler\index.js:46:7)
    at Parser.onend (C:\Users\anarayan\AppData\Roaming\npm\node_modules\markbind-cli\node_modules\htmlparser2\lib\Parser.js:310:32)
    at Tokenizer._finish (C:\Users\anarayan\AppData\Roaming\npm\node_modules\markbind-cli\node_modules\htmlparser2\lib\Tokenizer.js:853:12)
    at Tokenizer.end (C:\Users\anarayan\AppData\Roaming\npm\node_modules\markbind-cli\node_modules\htmlparser2\lib\Tokenizer.js:844:25)
    at Parser.end (C:\Users\anarayan\AppData\Roaming\npm\node_modules\markbind-cli\node_modules\htmlparser2\lib\Parser.js:338:18)
2019-08-11T03:12:38.317Z - info: Pages rebuilt
2019-08-11T03:12:38.327Z - info: Site data built
2019-08-11T03:13:34.339Z - info: [11:13:34 AM] Reload for file change: D:\Teaching\CS2113\AY1920Sem1\website\admin\tools.md
2019-08-11T03:13:35.343Z - info: Rebuilding affected source files
2019-08-11T03:13:35.345Z - info: Rebuilding 5 pages
2019-08-11T03:13:38.726Z - info: Pages rebuilt
2019-08-11T03:13:38.733Z - info: Site data built
2019-08-11T05:29:26.596Z - info: Website generation started at 1:29:24 PM
2019-08-11T05:29:29.966Z - info: Building assets...
2019-08-11T05:29:31.595Z - info: Assets built
2019-08-11T05:29:31.596Z - info: Generating pages...
2019-08-11T05:32:22.871Z - info: Pages built
2019-08-11T05:32:50.873Z - info: Website generation complete! Total build time: 206.831s
2019-08-11T05:32:50.953Z - info: Serving "D:\Teaching\CS2113\AY1920Sem1\website\_site" at http://127.0.0.1:8080
2019-08-11T05:32:50.954Z - info: Press CTRL+C to stop ...
2019-08-11T05:32:50.977Z - info: Site data built
2019-08-11T05:32:53.515Z - info: [1:32:53 PM] Reload for file change: D:\Teaching\CS2113\AY1920Sem1\website\admin\appendixE-gitHub.md
2019-08-11T05:32:55.425Z - info: Rebuilding affected source files
2019-08-11T05:32:55.448Z - info: Rebuilding 31 pages
2019-08-11T05:33:34.630Z - info: Pages rebuilt
2019-08-11T05:33:34.657Z - info: Site data built
2019-08-11T05:38:00.399Z - info: [1:38:00 PM] Reload for file change: D:\Teaching\CS2113\AY1920Sem1\website\admin\appendixE-gitHub.md
2019-08-11T05:38:01.405Z - info: Rebuilding affected source files
2019-08-11T05:38:01.420Z - info: Rebuilding 31 pages
2019-08-11T05:38:18.744Z - info: [1:38:18 PM] Reload for file change: D:\Teaching\CS2113\AY1920Sem1\website\admin\appendixE-gitHub.md
2019-08-11T05:38:27.243Z - info: Pages rebuilt
2019-08-11T05:38:27.260Z - info: Site data built
2019-08-11T05:38:27.392Z - info: Rebuilding affected source files
2019-08-11T05:38:27.399Z - info: Rebuilding 31 pages
2019-08-11T05:38:59.028Z - info: Pages rebuilt
2019-08-11T05:38:59.058Z - info: Site data built
2019-08-11T05:40:28.983Z - info: [1:40:28 PM] Reload for file change: D:\Teaching\CS2113\AY1920Sem1\website\admin\appendixE-gitHub.md
2019-08-11T05:40:29.988Z - info: Rebuilding affected source files
2019-08-11T05:40:29.996Z - info: Rebuilding 31 pages
2019-08-11T05:41:00.704Z - info: Pages rebuilt
2019-08-11T05:41:00.720Z - info: Site data built
2019-08-11T05:41:46.163Z - info: [1:41:46 PM] Reload for file change: D:\Teaching\CS2113\AY1920Sem1\website\admin\appendixE-gitHub.md
2019-08-11T05:41:47.176Z - info: Rebuilding affected source files
2019-08-11T05:41:47.198Z - info: Rebuilding 31 pages
2019-08-11T05:42:11.689Z - info: [1:42:11 PM] Reload for file change: D:\Teaching\CS2113\AY1920Sem1\website\admin\appendixE-gitHub.md
2019-08-11T05:42:19.390Z - info: Pages rebuilt
2019-08-11T05:42:19.407Z - info: Site data built
2019-08-11T05:42:19.501Z - info: Rebuilding affected source files
2019-08-11T05:42:19.507Z - info: Rebuilding 31 pages
2019-08-11T05:42:51.708Z - info: Pages rebuilt
2019-08-11T05:42:51.739Z - info: Site data built
2019-08-11T05:43:25.210Z - info: [1:43:25 PM] Reload for file change: D:\Teaching\CS2113\AY1920Sem1\website\admin\appendixE-gitHub.md
2019-08-11T05:43:26.215Z - info: Rebuilding affected source files
2019-08-11T05:43:26.223Z - info: Rebuilding 31 pages
2019-08-11T05:43:56.373Z - info: Pages rebuilt
2019-08-11T05:43:56.401Z - info: Site data built
2019-08-11T05:45:53.469Z - info: [1:45:53 PM] Reload for file change: D:\Teaching\CS2113\AY1920Sem1\website\admin\project-w02.md
2019-08-11T05:45:54.475Z - info: Rebuilding affected source files
2019-08-11T05:45:54.478Z - info: Rebuilding 2 pages
2019-08-11T05:45:57.385Z - info: Pages rebuilt
2019-08-11T05:45:57.399Z - info: Site data built
2019-08-11T05:46:54.948Z - info: [1:46:54 PM] Reload for file change: D:\Teaching\CS2113\AY1920Sem1\website\admin\project-w02.md
2019-08-11T05:46:55.956Z - info: Rebuilding affected source files
2019-08-11T05:46:55.960Z - info: Rebuilding 2 pages
2019-08-11T05:46:57.491Z - info: Pages rebuilt
2019-08-11T05:46:57.503Z - info: Site data built
2019-08-11T05:47:35.260Z - info: [1:47:35 PM] Reload for file change: D:\Teaching\CS2113\AY1920Sem1\website\admin\project-w02.md
2019-08-11T05:47:35.297Z - info: [1:47:35 PM] Reload for file change: D:\Teaching\CS2113\AY1920Sem1\website\admin\project-w03-inception.md
2019-08-11T05:47:36.266Z - info: Rebuilding affected source files
2019-08-11T05:47:36.270Z - info: Rebuilding 5 pages
2019-08-11T05:47:47.764Z - info: Pages rebuilt
2019-08-11T05:47:47.779Z - info: Site data built
2019-08-11T05:48:00.384Z - info: [1:48:00 PM] Reload for file change: D:\Teaching\CS2113\AY1920Sem1\website\admin\project-w03-inception.md
2019-08-11T05:48:01.390Z - info: Rebuilding affected source files
2019-08-11T05:48:01.396Z - info: Rebuilding 3 pages
2019-08-11T05:48:11.790Z - info: Pages rebuilt
2019-08-11T05:48:11.810Z - info: Site data built
2019-08-11T05:48:32.723Z - info: [1:48:32 PM] Reload for file change: D:\Teaching\CS2113\AY1920Sem1\website\admin\project-w02.md
2019-08-11T05:48:33.726Z - info: Rebuilding affected source files
2019-08-11T05:48:33.728Z - info: Rebuilding 2 pages
2019-08-11T05:48:35.894Z - info: Pages rebuilt
2019-08-11T05:48:35.909Z - info: Site data built
2019-08-11T05:49:22.655Z - info: [1:49:22 PM] Reload for file change: D:\Teaching\CS2113\AY1920Sem1\website\admin\project-w02.md
2019-08-11T05:49:23.661Z - info: Rebuilding affected source files
2019-08-11T05:49:23.664Z - info: Rebuilding 2 pages
2019-08-11T05:49:25.199Z - info: Pages rebuilt
2019-08-11T05:49:25.233Z - info: Site data built
2019-08-11T05:49:44.022Z - info: [1:49:44 PM] Reload for file change: D:\Teaching\CS2113\AY1920Sem1\website\admin\project-w02.md
2019-08-11T05:49:45.025Z - info: Rebuilding affected source files
2019-08-11T05:49:45.030Z - info: Rebuilding 2 pages
2019-08-11T05:49:46.525Z - info: Pages rebuilt
2019-08-11T05:49:46.544Z - info: Site data built
2019-08-11T05:54:21.729Z - info: [1:54:21 PM] Reload for file change: D:\Teaching\CS2113\AY1920Sem1\website\schedule\index.md
2019-08-11T05:54:22.731Z - info: Rebuilding affected source files
2019-08-11T05:54:22.733Z - info: Rebuilding 2 pages
2019-08-11T05:54:23.137Z - info: Pages rebuilt
2019-08-11T05:54:23.146Z - info: Site data built
2019-08-11T06:04:55.774Z - info: [2:04:55 PM] Reload for file change: D:\Teaching\CS2113\AY1920Sem1\website\admin\appendixE-gitHub.md
2019-08-11T06:04:56.778Z - info: Rebuilding affected source files
2019-08-11T06:04:56.796Z - info: Rebuilding 31 pages
2019-08-11T06:05:26.867Z - info: Pages rebuilt
2019-08-11T06:05:26.886Z - info: Site data built
2019-08-11T06:05:51.613Z - info: [2:05:51 PM] Reload for file change: D:\Teaching\CS2113\AY1920Sem1\website\admin\appendixE-gitHub.md
2019-08-11T06:05:52.626Z - info: Rebuilding affected source files
2019-08-11T06:05:52.637Z - info: Rebuilding 31 pages
2019-08-11T06:06:08.111Z - info: [2:06:08 PM] Reload for file change: D:\Teaching\CS2113\AY1920Sem1\website\admin\appendixE-gitHub.md
2019-08-11T06:06:21.998Z - info: Pages rebuilt
2019-08-11T06:06:22.017Z - info: Site data built
2019-08-11T06:06:22.100Z - info: Rebuilding affected source files
2019-08-11T06:06:22.108Z - info: Rebuilding 31 pages
2019-08-11T06:06:53.290Z - info: Pages rebuilt
2019-08-11T06:06:53.306Z - info: Site data built
2019-08-11T06:07:55.220Z - info: [2:07:55 PM] Reload for file change: D:\Teaching\CS2113\AY1920Sem1\website\admin\appendixE-gitHub.md
2019-08-11T06:07:56.226Z - info: Rebuilding affected source files
2019-08-11T06:07:56.249Z - info: Rebuilding 31 pages
2019-08-11T06:08:25.560Z - info: Pages rebuilt
2019-08-11T06:08:25.604Z - info: Site data built
2019-08-11T06:24:20.398Z - info: [2:24:20 PM] Reload for file change: D:\Teaching\CS2113\AY1920Sem1\website\admin\appendixE-gitHub.md
2019-08-11T06:24:21.403Z - info: Rebuilding affected source files
2019-08-11T06:24:21.424Z - info: Rebuilding 31 pages
2019-08-11T06:24:51.149Z - info: Pages rebuilt
2019-08-11T06:24:51.176Z - info: Site data built
2019-08-11T06:26:39.876Z - info: [2:26:39 PM] Reload for file change: D:\Teaching\CS2113\AY1920Sem1\website\admin\appendixE-gitHub.md
2019-08-11T06:26:40.882Z - info: Rebuilding affected source files
2019-08-11T06:26:40.903Z - info: Rebuilding 31 pages
2019-08-11T06:26:46.943Z - info: [2:26:46 PM] Reload for file change: D:\Teaching\CS2113\AY1920Sem1\website\admin\appendixE-gitHub.md
2019-08-11T06:26:58.968Z - info: [2:26:58 PM] Reload for file change: D:\Teaching\CS2113\AY1920Sem1\website\admin\appendixE-gitHub.md
2019-08-11T06:27:14.408Z - info: Pages rebuilt
2019-08-11T06:27:14.428Z - info: Site data built
2019-08-11T06:27:14.537Z - info: Rebuilding affected source files
2019-08-11T06:27:14.545Z - info: Rebuilding 31 pages
2019-08-11T06:27:22.622Z - info: [2:27:22 PM] Reload for file change: D:\Teaching\CS2113\AY1920Sem1\website\admin\appendixE-gitHub.md
2019-08-11T06:27:44.755Z - info: Pages rebuilt
2019-08-11T06:27:44.774Z - info: Site data built
2019-08-11T06:27:44.928Z - info: Rebuilding affected source files
2019-08-11T06:27:44.935Z - info: Rebuilding 31 pages
2019-08-11T06:28:17.333Z - info: Pages rebuilt
2019-08-11T06:28:17.351Z - info: Site data built
2019-08-11T06:29:13.182Z - info: [2:29:13 PM] Reload for file change: D:\Teaching\CS2113\AY1920Sem1\website\admin\appendixE-gitHub.md
2019-08-11T06:29:14.187Z - info: Rebuilding affected source files
2019-08-11T06:29:14.200Z - info: Rebuilding 31 pages
2019-08-11T06:29:39.738Z - info: Pages rebuilt
2019-08-11T06:29:39.825Z - info: [2:29:39 PM] Reload for file change: D:\Teaching\CS2113\AY1920Sem1\website\admin\appendixE-gitHub.md
2019-08-11T06:29:39.831Z - info: Site data built
2019-08-11T06:29:40.829Z - info: Rebuilding affected source files
2019-08-11T06:29:40.853Z - info: Rebuilding 31 pages
2019-08-11T06:30:09.912Z - info: Pages rebuilt
2019-08-11T06:30:09.924Z - info: Site data built
2019-08-11T07:28:53.181Z - info: Website generation started at 3:28:51 PM
2019-08-11T07:28:55.589Z - info: Building assets...
2019-08-11T07:28:57.892Z - info: Assets built
2019-08-11T07:28:57.894Z - info: Generating pages...
2019-08-11T07:31:21.683Z - info: Pages built
2019-08-11T07:31:40.081Z - info: Website generation complete! Total build time: 168.701s
2019-08-11T07:31:40.124Z - info: Serving "D:\Teaching\CS2113\AY1920Sem1\website\_site" at http://127.0.0.1:8080
2019-08-11T07:31:40.125Z - info: Press CTRL+C to stop ...
2019-08-11T07:31:40.144Z - info: Site data built
2019-08-11T07:47:36.657Z - info: [3:47:36 PM] Reload for file change: D:\Teaching\CS2113\AY1920Sem1\website\admin\tools.md
2019-08-11T07:47:37.663Z - info: Rebuilding affected source files
2019-08-11T07:47:37.670Z - info: Rebuilding 5 pages
2019-08-11T07:47:41.089Z - info: Pages rebuilt
2019-08-11T07:47:41.099Z - info: Site data built
2019-08-11T07:52:27.395Z - info: [3:52:27 PM] Reload for file change: D:\Teaching\CS2113\AY1920Sem1\website\admin\tools.md
2019-08-11T07:52:28.398Z - info: Rebuilding affected source files
2019-08-11T07:52:28.400Z - info: Rebuilding 5 pages
2019-08-11T07:52:30.947Z - info: Pages rebuilt
2019-08-11T07:52:30.957Z - info: Site data built
2019-08-11T07:53:28.086Z - info: [3:53:28 PM] Reload for file change: D:\Teaching\CS2113\AY1920Sem1\website\admin\tools.md
2019-08-11T07:53:29.094Z - info: Rebuilding affected source files
2019-08-11T07:53:29.101Z - info: Rebuilding 5 pages
2019-08-11T07:53:31.704Z - info: Pages rebuilt
2019-08-11T07:53:31.710Z - info: Site data built
2019-08-11T07:57:00.419Z - info: [3:57:00 PM] Reload for file change: D:\Teaching\CS2113\AY1920Sem1\website\admin\tools.md
2019-08-11T07:57:01.423Z - info: Rebuilding affected source files
2019-08-11T07:57:01.424Z - info: Rebuilding 5 pages
2019-08-11T07:57:03.853Z - info: Pages rebuilt
2019-08-11T07:57:03.861Z - info: Site data built
2019-08-11T07:57:28.606Z - info: [3:57:28 PM] Reload for file change: D:\Teaching\CS2113\AY1920Sem1\website\admin\tools.md
2019-08-11T07:57:29.610Z - info: Rebuilding affected source files
2019-08-11T07:57:29.618Z - info: Rebuilding 5 pages
2019-08-11T07:57:32.223Z - info: Pages rebuilt
2019-08-11T07:57:32.230Z - info: Site data built
2019-08-11T07:59:31.782Z - info: [3:59:31 PM] Reload for file change: D:\Teaching\CS2113\AY1920Sem1\website\admin\project-w02.md
2019-08-11T07:59:31.800Z - info: [3:59:31 PM] Reload for file change: D:\Teaching\CS2113\AY1920Sem1\website\admin\tools.md
2019-08-11T07:59:32.787Z - info: Rebuilding affected source files
2019-08-11T07:59:32.788Z - info: Rebuilding 5 pages
2019-08-11T07:59:35.495Z - info: Pages rebuilt
2019-08-11T07:59:35.502Z - info: Site data built
2019-08-11T07:59:49.484Z - info: [3:59:49 PM] Reload for file change: D:\Teaching\CS2113\AY1920Sem1\website\admin\tools.md
2019-08-11T07:59:50.489Z - info: Rebuilding affected source files
2019-08-11T07:59:50.490Z - info: Rebuilding 5 pages
2019-08-11T07:59:52.773Z - info: Pages rebuilt
2019-08-11T07:59:52.782Z - info: Site data built
2019-08-11T08:00:06.256Z - info: [4:00:06 PM] Reload for file change: D:\Teaching\CS2113\AY1920Sem1\website\admin\tools.md
2019-08-11T08:00:07.259Z - info: Rebuilding affected source files
2019-08-11T08:00:07.261Z - info: Rebuilding 5 pages
2019-08-11T08:00:09.873Z - info: Pages rebuilt
2019-08-11T08:00:09.880Z - info: Site data built
2019-08-11T08:01:01.044Z - info: [4:01:01 PM] Reload for file change: D:\Teaching\CS2113\AY1920Sem1\website\admin\project-w02.md
2019-08-11T08:01:02.049Z - info: Rebuilding affected source files
2019-08-11T08:01:02.051Z - info: Rebuilding 2 pages
2019-08-11T08:01:03.098Z - info: Pages rebuilt
2019-08-11T08:01:03.111Z - info: Site data built
2019-08-11T08:01:52.647Z - info: [4:01:52 PM] Reload for file change: D:\Teaching\CS2113\AY1920Sem1\website\admin\project-w02.md
2019-08-11T08:01:53.650Z - info: Rebuilding affected source files
2019-08-11T08:01:53.651Z - info: Rebuilding 2 pages
2019-08-11T08:01:54.365Z - info: Pages rebuilt
2019-08-11T08:01:54.372Z - info: Site data built
2019-08-11T08:02:26.228Z - info: [4:02:26 PM] Reload for file change: D:\Teaching\CS2113\AY1920Sem1\website\admin\project-w02.md
2019-08-11T08:02:27.232Z - info: Rebuilding affected source files
2019-08-11T08:02:27.234Z - info: Rebuilding 2 pages
2019-08-11T08:02:28.018Z - info: Pages rebuilt
2019-08-11T08:02:28.025Z - info: Site data built
2019-08-11T08:39:06.598Z - info: [4:39:06 PM] Reload for file change: D:\Teaching\CS2113\AY1920Sem1\website\admin\tools.md
2019-08-11T08:39:07.602Z - info: Rebuilding affected source files
2019-08-11T08:39:07.603Z - info: Rebuilding 5 pages
2019-08-11T08:39:10.166Z - info: Pages rebuilt
2019-08-11T08:39:10.176Z - info: Site data built
2019-08-11T08:42:50.420Z - info: Website generation started at 4:42:49 PM
2019-08-11T08:42:51.176Z - info: Building assets...
2019-08-11T08:42:52.344Z - info: Assets built
2019-08-11T08:42:52.345Z - info: Generating pages...
2019-08-11T08:44:08.053Z - info: Pages built
2019-08-11T08:44:28.329Z - info: Website generation complete! Total build time: 98.617s
2019-08-11T08:44:28.330Z - info: Build success!
2019-08-11T08:44:28.334Z - info: Site data built
2019-08-11T08:45:25.061Z - info: Deployed!
2019-08-11T09:37:01.064Z - info: Website generation started at 5:37:00 PM
2019-08-11T09:37:01.854Z - info: Building assets...
2019-08-11T09:37:02.966Z - info: Assets built
2019-08-11T09:37:02.970Z - info: Generating pages...
2019-08-11T09:38:22.631Z - info: Pages built
2019-08-11T09:38:41.765Z - info: Website generation complete! Total build time: 101.671s
2019-08-11T09:38:41.766Z - info: Build success!
2019-08-11T09:38:41.779Z - info: Site data built
2019-08-11T09:39:04.836Z - info: Deployed!
2019-08-11T09:39:42.629Z - info: Website generation started at 5:39:41 PM
2019-08-11T09:39:43.392Z - info: Building assets...
2019-08-11T09:39:44.406Z - info: Assets built
2019-08-11T09:39:44.407Z - info: Generating pages...
2019-08-11T09:41:28.470Z - info: Pages built
2019-08-11T09:41:46.415Z - info: Website generation complete! Total build time: 124.48s
2019-08-11T09:41:46.451Z - info: Serving "D:\Teaching\CS2113\AY1920Sem1\website\_site" at http://127.0.0.1:8080
2019-08-11T09:41:46.451Z - info: Press CTRL+C to stop ...
2019-08-11T09:41:46.469Z - info: Site data built
2019-08-11T09:44:14.387Z - info: [5:44:14 PM] Reload for file change: D:\Teaching\CS2113\AY1920Sem1\website\schedule\week1\admin.md
2019-08-11T09:44:15.389Z - info: Rebuilding affected source files
2019-08-11T09:44:15.391Z - info: Rebuilding 1 pages
2019-08-11T09:44:16.734Z - info: Pages rebuilt
2019-08-11T09:44:16.741Z - info: Site data built
2019-08-11T09:44:32.531Z - info: [5:44:32 PM] Reload for file change: D:\Teaching\CS2113\AY1920Sem1\website\schedule\week1\admin.md
2019-08-11T09:44:33.534Z - info: Rebuilding affected source files
2019-08-11T09:44:33.539Z - info: Rebuilding 1 pages
2019-08-11T09:44:34.699Z - info: Pages rebuilt
2019-08-11T09:44:34.709Z - info: Site data built
2019-08-11T09:44:43.820Z - info: Website generation started at 5:44:43 PM
2019-08-11T09:44:44.586Z - info: Building assets...
2019-08-11T09:44:45.325Z - info: Assets built
2019-08-11T09:44:45.327Z - info: Generating pages...
2019-08-11T09:46:20.462Z - info: Pages built
2019-08-11T09:46:39.622Z - info: Website generation complete! Total build time: 116.52s
2019-08-11T09:46:39.622Z - info: Build success!
2019-08-11T09:46:39.626Z - info: Site data built
2019-08-11T09:47:15.321Z - info: Deployed!
